<?xml version="1.0" encoding="utf-8"?>
<!DOCTYPE coverage SYSTEM "http://cobertura.sourceforge.net/xml/coverage-04.dtd">
<coverage line-rate="0.7837837837837838" branch-rate="1" lines-covered="29" lines-valid="37" branches-covered="2" branches-valid="2" complexity="10" version="0" timestamp="1660852383">
  <sources>
    <source>C:\</source>
  </sources>
  <packages>
    <package name="Primo.Aplication" line-rate="0.625" branch-rate="1" complexity="5">
      <classes>
        <class name="Primo.Aplication.Class.PrimoClass" filename="C:\Source\Primo\src\Class\PrimoClass.cs" line-rate="1" branch-rate="1" complexity="4">
          <methods>
            <method name="CheckNumeroEstaIntervalo" signature="(...)" line-rate="1" branch-rate="1" complexity="2">
              <lines>
                <line number="17" hits="10" branch="false" />
                <line number="18" hits="10" branch="true" condition-coverage="100% (2/2)" />
                <line number="19" hits="10" branch="false" />
              </lines>
            </method>
            <method name="CheckPrimo" signature="(...)" line-rate="1" branch-rate="1" complexity="1">
              <lines>
                <line number="22" hits="10" branch="false" />
                <line number="23" hits="10" branch="false" />
                <line number="24" hits="10" branch="false" />
              </lines>
            </method>
            <method name=".ctor" signature="()" line-rate="1" branch-rate="1" complexity="1">
              <lines>
                <line number="11" hits="20" branch="false" />
                <line number="12" hits="20" branch="false" />
                <line number="13" hits="20" branch="false" />
                <line number="14" hits="20" branch="false" />
              </lines>
            </method>
          </methods>
          <lines>
            <line number="11" hits="20" branch="false" />
            <line number="12" hits="20" branch="false" />
            <line number="13" hits="20" branch="false" />
            <line number="14" hits="20" branch="false" />
            <line number="17" hits="10" branch="false" />
            <line number="18" hits="10" branch="true" condition-coverage="100% (2/2)" />
            <line number="19" hits="10" branch="false" />
            <line number="22" hits="10" branch="false" />
            <line number="23" hits="10" branch="false" />
            <line number="24" hits="10" branch="false" />
          </lines>
        </class>
        <class name="Primo.Aplication.Program" filename="C:\Source\Primo\src\Program.cs" line-rate="0" branch-rate="1" complexity="1">
          <methods>
            <method name="Main" signature="()" line-rate="0" branch-rate="1" complexity="1">
              <lines>
                <line number="9" hits="0" branch="false" />
                <line number="11" hits="0" branch="false" />
                <line number="13" hits="0" branch="false" />
                <line number="15" hits="0" branch="false" />
                <line number="16" hits="0" branch="false" />
                <line number="17" hits="0" branch="false" />
              </lines>
            </method>
          </methods>
          <lines>
            <line number="9" hits="0" branch="false" />
            <line number="11" hits="0" branch="false" />
            <line number="13" hits="0" branch="false" />
            <line number="15" hits="0" branch="false" />
            <line number="16" hits="0" branch="false" />
            <line number="17" hits="0" branch="false" />
          </lines>
        </class>
      </classes>
    </package>
    <package name="Primo.UnitTests" line-rate="0.9047619047619048" branch-rate="1" complexity="5">
      <classes>
        <class name="AutoGeneratedProgram" filename="C:\Users\Wellington\.nuget\packages\microsoft.net.test.sdk\17.1.0\build\netcoreapp2.1\Microsoft.NET.Test.Sdk.Program.cs" line-rate="0" branch-rate="1" complexity="1">
          <methods>
            <method name="Main" signature="(...)" line-rate="0" branch-rate="1" complexity="1">
              <lines>
                <line number="4" hits="0" branch="false" />
              </lines>
            </method>
          </methods>
          <lines>
            <line number="4" hits="0" branch="false" />
          </lines>
        </class>
        <class name="Primo.UnitTests.PrimoClassTest" filename="C:\Source\Primo\test\Primo.UnitTests\PrimoClassTest.cs" line-rate="0.95" branch-rate="1" complexity="4">
          <methods>
            <method name="CheckPrimo_Okay_RetornTrue" signature="(...)" line-rate="0.8" branch-rate="1" complexity="1">
              <lines>
                <line number="15" hits="5" branch="false" />
                <line number="17" hits="5" branch="false" />
                <line number="20" hits="5" branch="false" />
                <line number="23" hits="5" branch="false" />
                <line number="24" hits="0" branch="false" />
              </lines>
            </method>
            <method name="CheckPrimo_Okay_RetornFalse" signature="(...)" line-rate="1" branch-rate="1" complexity="1">
              <lines>
                <line number="33" hits="5" branch="false" />
                <line number="35" hits="5" branch="false" />
                <line number="38" hits="5" branch="false" />
                <line number="41" hits="5" branch="false" />
                <line number="42" hits="5" branch="false" />
              </lines>
            </method>
            <method name="CheckNumeroEstaIntervalo_Okay_RetornTrue" signature="(...)" line-rate="1" branch-rate="1" complexity="1">
              <lines>
                <line number="54" hits="8" branch="false" />
                <line number="56" hits="8" branch="false" />
                <line number="59" hits="8" branch="false" />
                <line number="62" hits="8" branch="false" />
                <line number="63" hits="8" branch="false" />
              </lines>
            </method>
            <method name="CheckNumeroEstaIntervalo_Okay_RetornFalse" signature="(...)" line-rate="1" branch-rate="1" complexity="1">
              <lines>
                <line number="69" hits="2" branch="false" />
                <line number="71" hits="2" branch="false" />
                <line number="74" hits="2" branch="false" />
                <line number="77" hits="2" branch="false" />
                <line number="78" hits="2" branch="false" />
              </lines>
            </method>
          </methods>
          <lines>
            <line number="15" hits="5" branch="false" />
            <line number="17" hits="5" branch="false" />
            <line number="20" hits="5" branch="false" />
            <line number="23" hits="5" branch="false" />
            <line number="24" hits="0" branch="false" />
            <line number="33" hits="5" branch="false" />
            <line number="35" hits="5" branch="false" />
            <line number="38" hits="5" branch="false" />
            <line number="41" hits="5" branch="false" />
            <line number="42" hits="5" branch="false" />
            <line number="54" hits="8" branch="false" />
            <line number="56" hits="8" branch="false" />
            <line number="59" hits="8" branch="false" />
            <line number="62" hits="8" branch="false" />
            <line number="63" hits="8" branch="false" />
            <line number="69" hits="2" branch="false" />
            <line number="71" hits="2" branch="false" />
            <line number="74" hits="2" branch="false" />
            <line number="77" hits="2" branch="false" />
            <line number="78" hits="2" branch="false" />
          </lines>
        </class>
      </classes>
    </package>
  </packages>
</coverage>