TpTrace Verbose: 0 : 16644, 1, 2022/08/18, 19:53:01.456, 1663901790497, vstest.console.dll, Version: 17.3.0-release-20220708-01 Current process architecture: X64
TpTrace Verbose: 0 : 16644, 1, 2022/08/18, 19:53:01.457, 1663901805884, vstest.console.dll, Runtime location: C:\Program Files\dotnet\shared\Microsoft.NETCore.App\6.0.8
TpTrace Information: 0 : 16644, 1, 2022/08/18, 19:53:01.463, 1663901862249, vstest.console.dll, FilePatternParser: The given file C:\Source\Primo\test\Primo.UnitTests\bin\Debug\net6.0\fine-code-coverage\build-output\Primo.UnitTests.dll is a full path.
TpTrace Verbose: 0 : 16644, 1, 2022/08/18, 19:53:01.469, 1663901924086, vstest.console.dll, TestPluginCache.DiscoverTestExtensions: finding test extensions in assemblies ends with: RuntimeProvider.dll TPluginInfo: Microsoft.VisualStudio.TestPlatform.Common.ExtensionFramework.Utilities.TestRuntimePluginInformation TExtension: Microsoft.VisualStudio.TestPlatform.ObjectModel.Host.ITestRuntimeProvider
TpTrace Verbose: 0 : 16644, 1, 2022/08/18, 19:53:01.469, 1663901929018, vstest.console.dll, TestPluginCache.GetExtensionPaths: Filtered extension paths: 
TpTrace Verbose: 0 : 16644, 1, 2022/08/18, 19:53:01.470, 1663901930405, vstest.console.dll, TestPluginCache.GetExtensionPaths: Added default extension paths: C:\Program Files\dotnet\sdk\6.0.400\Extensions\Microsoft.Diagnostics.NETCore.Client.dll
C:\Program Files\dotnet\sdk\6.0.400\Extensions\Microsoft.TestPlatform.Extensions.BlameDataCollector.dll
C:\Program Files\dotnet\sdk\6.0.400\Extensions\Microsoft.TestPlatform.Extensions.EventLogCollector.dll
C:\Program Files\dotnet\sdk\6.0.400\Extensions\Microsoft.TestPlatform.TestHostRuntimeProvider.dll
C:\Program Files\dotnet\sdk\6.0.400\Extensions\Microsoft.VisualStudio.TestPlatform.Extensions.Html.TestLogger.dll
C:\Program Files\dotnet\sdk\6.0.400\Extensions\Microsoft.VisualStudio.TestPlatform.Extensions.Trx.TestLogger.dll
TpTrace Verbose: 0 : 16644, 1, 2022/08/18, 19:53:01.470, 1663901930990, vstest.console.dll, TestPluginCache.GetExtensionPaths: Added unfilterableExtensionPaths: 
TpTrace Information: 0 : 16644, 1, 2022/08/18, 19:53:01.470, 1663901937754, vstest.console.dll, AssemblyResolver.ctor: Creating AssemblyResolver with searchDirectories C:\Program Files\dotnet\sdk\6.0.400\Extensions,C:\Program Files\dotnet\sdk\6.0.400
TpTrace Verbose: 0 : 16644, 1, 2022/08/18, 19:53:01.471, 1663901944204, vstest.console.dll, TestPluginCache.DiscoverTestExtensions: Discovering the extensions using extension path.
TpTrace Verbose: 0 : 16644, 1, 2022/08/18, 19:53:01.471, 1663901945287, vstest.console.dll, TestPluginCache.GetExtensionPaths: Filtered extension paths: 
TpTrace Verbose: 0 : 16644, 1, 2022/08/18, 19:53:01.471, 1663901945525, vstest.console.dll, TestPluginCache.GetExtensionPaths: Added default extension paths: C:\Program Files\dotnet\sdk\6.0.400\Extensions\Microsoft.Diagnostics.NETCore.Client.dll
C:\Program Files\dotnet\sdk\6.0.400\Extensions\Microsoft.TestPlatform.Extensions.BlameDataCollector.dll
C:\Program Files\dotnet\sdk\6.0.400\Extensions\Microsoft.TestPlatform.Extensions.EventLogCollector.dll
C:\Program Files\dotnet\sdk\6.0.400\Extensions\Microsoft.TestPlatform.TestHostRuntimeProvider.dll
C:\Program Files\dotnet\sdk\6.0.400\Extensions\Microsoft.VisualStudio.TestPlatform.Extensions.Html.TestLogger.dll
C:\Program Files\dotnet\sdk\6.0.400\Extensions\Microsoft.VisualStudio.TestPlatform.Extensions.Trx.TestLogger.dll
TpTrace Verbose: 0 : 16644, 1, 2022/08/18, 19:53:01.471, 1663901945748, vstest.console.dll, TestPluginCache.GetExtensionPaths: Added unfilterableExtensionPaths: 
TpTrace Verbose: 0 : 16644, 1, 2022/08/18, 19:53:01.471, 1663901946155, vstest.console.dll, TestPluginCache.DiscoverTestExtensions: Discovering the extensions using allExtensionPaths: C:\Program Files\dotnet\sdk\6.0.400\Extensions\Microsoft.Diagnostics.NETCore.Client.dll
C:\Program Files\dotnet\sdk\6.0.400\Extensions\Microsoft.TestPlatform.Extensions.BlameDataCollector.dll
C:\Program Files\dotnet\sdk\6.0.400\Extensions\Microsoft.TestPlatform.Extensions.EventLogCollector.dll
C:\Program Files\dotnet\sdk\6.0.400\Extensions\Microsoft.TestPlatform.TestHostRuntimeProvider.dll
C:\Program Files\dotnet\sdk\6.0.400\Extensions\Microsoft.VisualStudio.TestPlatform.Extensions.Html.TestLogger.dll
C:\Program Files\dotnet\sdk\6.0.400\Extensions\Microsoft.VisualStudio.TestPlatform.Extensions.Trx.TestLogger.dll
TpTrace Information: 0 : 16644, 1, 2022/08/18, 19:53:01.471, 1663901947747, vstest.console.dll, AssemblyResolver.AddSearchDirectories: Adding more searchDirectories C:\Program Files\dotnet\sdk\6.0.400\Extensions,C:\Program Files\dotnet\sdk\6.0.400
TpTrace Information: 0 : 16644, 1, 2022/08/18, 19:53:01.471, 1663901948111, vstest.console.dll, AssemblyResolver.AddSearchDirectories: Adding more searchDirectories C:\Program Files\dotnet\sdk\6.0.400\Extensions,C:\Program Files\dotnet\sdk\6.0.400
TpTrace Information: 0 : 16644, 1, 2022/08/18, 19:53:01.471, 1663901948350, vstest.console.dll, AssemblyResolver.AddSearchDirectories: Adding more searchDirectories C:\Program Files\dotnet\sdk\6.0.400\Extensions,C:\Program Files\dotnet\sdk\6.0.400
TpTrace Information: 0 : 16644, 1, 2022/08/18, 19:53:01.471, 1663901948520, vstest.console.dll, AssemblyResolver.AddSearchDirectories: Adding more searchDirectories C:\Program Files\dotnet\sdk\6.0.400\Extensions,C:\Program Files\dotnet\sdk\6.0.400
TpTrace Information: 0 : 16644, 1, 2022/08/18, 19:53:01.471, 1663901948681, vstest.console.dll, AssemblyResolver.AddSearchDirectories: Adding more searchDirectories C:\Program Files\dotnet\sdk\6.0.400\Extensions,C:\Program Files\dotnet\sdk\6.0.400
TpTrace Information: 0 : 16644, 1, 2022/08/18, 19:53:01.471, 1663901948840, vstest.console.dll, AssemblyResolver.AddSearchDirectories: Adding more searchDirectories C:\Program Files\dotnet\sdk\6.0.400\Extensions,C:\Program Files\dotnet\sdk\6.0.400
TpTrace Information: 0 : 16644, 1, 2022/08/18, 19:53:01.472, 1663901951427, vstest.console.dll, AssemblyResolver.OnResolve: Microsoft.Diagnostics.NETCore.Client: Resolving assembly.
TpTrace Information: 0 : 16644, 1, 2022/08/18, 19:53:01.472, 1663901951875, vstest.console.dll, AssemblyResolver.OnResolve: Microsoft.Diagnostics.NETCore.Client: Searching in: 'C:\Program Files\dotnet\sdk\6.0.400\Extensions'.
TpTrace Information: 0 : 16644, 1, 2022/08/18, 19:53:01.472, 1663901958984, vstest.console.dll, AssemblyResolver.OnResolve: Microsoft.Diagnostics.NETCore.Client: Loading assembly 'C:\Program Files\dotnet\sdk\6.0.400\Extensions\Microsoft.Diagnostics.NETCore.Client.dll'.
TpTrace Information: 0 : 16644, 1, 2022/08/18, 19:53:01.473, 1663901965666, vstest.console.dll, AssemblyResolver.OnResolve: Resolved assembly: Microsoft.Diagnostics.NETCore.Client, from path: C:\Program Files\dotnet\sdk\6.0.400\Extensions\Microsoft.Diagnostics.NETCore.Client.dll
TpTrace Verbose: 0 : 16644, 1, 2022/08/18, 19:53:01.478, 1663902010264, vstest.console.dll, MetadataReaderExtensionsHelper: Discovering extensions inside assembly 'Microsoft.Diagnostics.NETCore.Client, Version=0.2.5.801, Culture=neutral, PublicKeyToken=31bf3856ad364e35' file path 'C:\Program Files\dotnet\sdk\6.0.400\Extensions\Microsoft.Diagnostics.NETCore.Client.dll'
TpTrace Information: 0 : 16644, 1, 2022/08/18, 19:53:01.487, 1663902106451, vstest.console.dll, AssemblyResolver.OnResolve: Microsoft.Bcl.AsyncInterfaces: Resolving assembly.
TpTrace Information: 0 : 16644, 1, 2022/08/18, 19:53:01.487, 1663902107633, vstest.console.dll, AssemblyResolver.OnResolve: Microsoft.Bcl.AsyncInterfaces: Searching in: 'C:\Program Files\dotnet\sdk\6.0.400\Extensions'.
TpTrace Information: 0 : 16644, 1, 2022/08/18, 19:53:01.487, 1663902108236, vstest.console.dll, AssemblyResolver.OnResolve: Microsoft.Bcl.AsyncInterfaces: Assembly path does not exist: 'C:\Program Files\dotnet\sdk\6.0.400\Extensions\Microsoft.Bcl.AsyncInterfaces.dll', returning.
TpTrace Information: 0 : 16644, 1, 2022/08/18, 19:53:01.487, 1663902108534, vstest.console.dll, AssemblyResolver.OnResolve: Microsoft.Bcl.AsyncInterfaces: Assembly path does not exist: 'C:\Program Files\dotnet\sdk\6.0.400\Extensions\Microsoft.Bcl.AsyncInterfaces.exe', returning.
TpTrace Information: 0 : 16644, 1, 2022/08/18, 19:53:01.488, 1663902109162, vstest.console.dll, AssemblyResolver.OnResolve: Microsoft.Bcl.AsyncInterfaces: Searching in: 'C:\Program Files\dotnet\sdk\6.0.400'.
TpTrace Information: 0 : 16644, 1, 2022/08/18, 19:53:01.488, 1663902109545, vstest.console.dll, AssemblyResolver.OnResolve: Microsoft.Bcl.AsyncInterfaces: Assembly path does not exist: 'C:\Program Files\dotnet\sdk\6.0.400\Microsoft.Bcl.AsyncInterfaces.dll', returning.
TpTrace Information: 0 : 16644, 1, 2022/08/18, 19:53:01.488, 1663902109883, vstest.console.dll, AssemblyResolver.OnResolve: Microsoft.Bcl.AsyncInterfaces: Assembly path does not exist: 'C:\Program Files\dotnet\sdk\6.0.400\Microsoft.Bcl.AsyncInterfaces.exe', returning.
TpTrace Information: 0 : 16644, 1, 2022/08/18, 19:53:01.488, 1663902110077, vstest.console.dll, AssemblyResolver.OnResolve: Microsoft.Bcl.AsyncInterfaces: Failed to load assembly.
TpTrace Verbose: 0 : 16644, 1, 2022/08/18, 19:53:01.488, 1663902110344, vstest.console.dll, CurrentDomainAssemblyResolve: Resolving assembly 'Microsoft.Bcl.AsyncInterfaces'.
TpTrace Information: 0 : 16644, 1, 2022/08/18, 19:53:01.488, 1663902110795, vstest.console.dll, AssemblyResolver.OnResolve: Microsoft.Bcl.AsyncInterfaces: Resolving assembly.
TpTrace Information: 0 : 16644, 1, 2022/08/18, 19:53:01.488, 1663902111060, vstest.console.dll, AssemblyResolver.OnResolve: Microsoft.Bcl.AsyncInterfaces: Resolved from cache.
TpTrace Verbose: 0 : 16644, 1, 2022/08/18, 19:53:01.488, 1663902111276, vstest.console.dll, CurrentDomainAssemblyResolve: Resolving assembly 'Microsoft.Bcl.AsyncInterfaces'.
TpTrace Verbose: 0 : 16644, 1, 2022/08/18, 19:53:01.488, 1663902111504, vstest.console.dll, CurrentDomainAssemblyResolve: Failed to resolve assembly 'Microsoft.Bcl.AsyncInterfaces'.
TpTrace Verbose: 0 : 16644, 1, 2022/08/18, 19:53:01.488, 1663902114847, vstest.console.dll, CurrentDomainAssemblyResolve: Failed to resolve assembly 'Microsoft.Bcl.AsyncInterfaces'.
TpTrace Warning: 0 : 16644, 1, 2022/08/18, 19:53:01.497, 1663902200078, vstest.console.dll, TestPluginDiscoverer: Failed to get types from assembly 'Microsoft.Diagnostics.NETCore.Client, Version=0.2.5.801, Culture=neutral, PublicKeyToken=31bf3856ad364e35'. Error: System.Reflection.ReflectionTypeLoadException: Unable to load one or more of the requested types.
Could not load file or assembly 'Microsoft.Bcl.AsyncInterfaces, Version=1.0.0.0, Culture=neutral, PublicKeyToken=cc7b13ffcd2ddd51'. O sistema não pode encontrar o arquivo especificado.
   at System.Reflection.RuntimeModule.GetTypes(RuntimeModule module)
   at System.Reflection.Assembly.GetTypes()
   at Microsoft.VisualStudio.TestPlatform.Common.ExtensionFramework.TestPluginDiscoverer.GetTestExtensionsFromAssembly[TPluginInfo,TExtension](Assembly assembly, Dictionary`2 pluginInfos, String filePath)
System.IO.FileNotFoundException: Could not load file or assembly 'Microsoft.Bcl.AsyncInterfaces, Version=1.0.0.0, Culture=neutral, PublicKeyToken=cc7b13ffcd2ddd51'. O sistema não pode encontrar o arquivo especificado.
File name: 'Microsoft.Bcl.AsyncInterfaces, Version=1.0.0.0, Culture=neutral, PublicKeyToken=cc7b13ffcd2ddd51'
 ---> System.IO.FileNotFoundException: Could not load file or assembly 'Microsoft.Bcl.AsyncInterfaces, Culture=neutral, PublicKeyToken=null'. O sistema não pode encontrar o arquivo especificado.
File name: 'Microsoft.Bcl.AsyncInterfaces, Culture=neutral, PublicKeyToken=null'
   at System.Reflection.RuntimeAssembly.InternalLoad(ObjectHandleOnStack assemblyName, ObjectHandleOnStack requestingAssembly, StackCrawlMarkHandle stackMark, Boolean throwOnFileNotFound, ObjectHandleOnStack assemblyLoadContext, ObjectHandleOnStack retAssembly)
   at System.Reflection.RuntimeAssembly.InternalLoad(AssemblyName assemblyName, RuntimeAssembly requestingAssembly, StackCrawlMark& stackMark, Boolean throwOnFileNotFound, AssemblyLoadContext assemblyLoadContext)
   at System.Reflection.Assembly.Load(AssemblyName assemblyRef)
   at Microsoft.VisualStudio.TestPlatform.Common.ExtensionFramework.TestPluginCache.CurrentDomainAssemblyResolve(Object sender, AssemblyResolveEventArgs args)
   at Microsoft.VisualStudio.TestPlatform.PlatformAbstractions.PlatformAssemblyResolver.AssemblyResolverEvent(Object sender, Object eventArgs)
   at System.Runtime.Loader.AssemblyLoadContext.GetFirstResolvedAssemblyFromResolvingEvent(AssemblyName assemblyName)
   at System.Runtime.Loader.AssemblyLoadContext.ResolveUsingEvent(AssemblyName assemblyName)
   at System.Runtime.Loader.AssemblyLoadContext.ResolveUsingResolvingEvent(IntPtr gchManagedAssemblyLoadContext, AssemblyName assemblyName)
TpTrace Warning: 0 : 16644, 1, 2022/08/18, 19:53:01.497, 1663902203637, vstest.console.dll, LoaderExceptions: System.IO.FileNotFoundException: Could not load file or assembly 'Microsoft.Bcl.AsyncInterfaces, Version=1.0.0.0, Culture=neutral, PublicKeyToken=cc7b13ffcd2ddd51'. O sistema não pode encontrar o arquivo especificado.
File name: 'Microsoft.Bcl.AsyncInterfaces, Version=1.0.0.0, Culture=neutral, PublicKeyToken=cc7b13ffcd2ddd51'
 ---> System.IO.FileNotFoundException: Could not load file or assembly 'Microsoft.Bcl.AsyncInterfaces, Culture=neutral, PublicKeyToken=null'. O sistema não pode encontrar o arquivo especificado.
File name: 'Microsoft.Bcl.AsyncInterfaces, Culture=neutral, PublicKeyToken=null'
   at System.Reflection.RuntimeAssembly.InternalLoad(ObjectHandleOnStack assemblyName, ObjectHandleOnStack requestingAssembly, StackCrawlMarkHandle stackMark, Boolean throwOnFileNotFound, ObjectHandleOnStack assemblyLoadContext, ObjectHandleOnStack retAssembly)
   at System.Reflection.RuntimeAssembly.InternalLoad(AssemblyName assemblyName, RuntimeAssembly requestingAssembly, StackCrawlMark& stackMark, Boolean throwOnFileNotFound, AssemblyLoadContext assemblyLoadContext)
   at System.Reflection.Assembly.Load(AssemblyName assemblyRef)
   at Microsoft.VisualStudio.TestPlatform.Common.ExtensionFramework.TestPluginCache.CurrentDomainAssemblyResolve(Object sender, AssemblyResolveEventArgs args)
   at Microsoft.VisualStudio.TestPlatform.PlatformAbstractions.PlatformAssemblyResolver.AssemblyResolverEvent(Object sender, Object eventArgs)
   at System.Runtime.Loader.AssemblyLoadContext.GetFirstResolvedAssemblyFromResolvingEvent(AssemblyName assemblyName)
   at System.Runtime.Loader.AssemblyLoadContext.ResolveUsingEvent(AssemblyName assemblyName)
   at System.Runtime.Loader.AssemblyLoadContext.ResolveUsingResolvingEvent(IntPtr gchManagedAssemblyLoadContext, AssemblyName assemblyName)
TpTrace Information: 0 : 16644, 1, 2022/08/18, 19:53:01.497, 1663902204938, vstest.console.dll, AssemblyResolver.OnResolve: Microsoft.TestPlatform.Extensions.BlameDataCollector: Resolving assembly.
TpTrace Information: 0 : 16644, 1, 2022/08/18, 19:53:01.497, 1663902205269, vstest.console.dll, AssemblyResolver.OnResolve: Microsoft.TestPlatform.Extensions.BlameDataCollector: Searching in: 'C:\Program Files\dotnet\sdk\6.0.400\Extensions'.
TpTrace Information: 0 : 16644, 1, 2022/08/18, 19:53:01.498, 1663902215819, vstest.console.dll, AssemblyResolver.OnResolve: Microsoft.TestPlatform.Extensions.BlameDataCollector: Loading assembly 'C:\Program Files\dotnet\sdk\6.0.400\Extensions\Microsoft.TestPlatform.Extensions.BlameDataCollector.dll'.
TpTrace Information: 0 : 16644, 1, 2022/08/18, 19:53:01.499, 1663902223881, vstest.console.dll, AssemblyResolver.OnResolve: Resolved assembly: Microsoft.TestPlatform.Extensions.BlameDataCollector, from path: C:\Program Files\dotnet\sdk\6.0.400\Extensions\Microsoft.TestPlatform.Extensions.BlameDataCollector.dll
TpTrace Verbose: 0 : 16644, 1, 2022/08/18, 19:53:01.499, 1663902224960, vstest.console.dll, MetadataReaderExtensionsHelper: Discovering extensions inside assembly 'Microsoft.TestPlatform.Extensions.BlameDataCollector, Version=15.0.0.0, Culture=neutral, PublicKeyToken=b03f5f7f11d50a3a' file path 'C:\Program Files\dotnet\sdk\6.0.400\Extensions\Microsoft.TestPlatform.Extensions.BlameDataCollector.dll'
TpTrace Information: 0 : 16644, 1, 2022/08/18, 19:53:01.501, 1663902240237, vstest.console.dll, AssemblyResolver.OnResolve: Microsoft.TestPlatform.Extensions.EventLogCollector: Resolving assembly.
TpTrace Information: 0 : 16644, 1, 2022/08/18, 19:53:01.501, 1663902242055, vstest.console.dll, AssemblyResolver.OnResolve: Microsoft.TestPlatform.Extensions.EventLogCollector: Searching in: 'C:\Program Files\dotnet\sdk\6.0.400\Extensions'.
TpTrace Information: 0 : 16644, 1, 2022/08/18, 19:53:01.501, 1663902247759, vstest.console.dll, AssemblyResolver.OnResolve: Microsoft.TestPlatform.Extensions.EventLogCollector: Loading assembly 'C:\Program Files\dotnet\sdk\6.0.400\Extensions\Microsoft.TestPlatform.Extensions.EventLogCollector.dll'.
TpTrace Information: 0 : 16644, 1, 2022/08/18, 19:53:01.502, 1663902253372, vstest.console.dll, AssemblyResolver.OnResolve: Resolved assembly: Microsoft.TestPlatform.Extensions.EventLogCollector, from path: C:\Program Files\dotnet\sdk\6.0.400\Extensions\Microsoft.TestPlatform.Extensions.EventLogCollector.dll
TpTrace Verbose: 0 : 16644, 1, 2022/08/18, 19:53:01.502, 1663902254297, vstest.console.dll, MetadataReaderExtensionsHelper: Discovering extensions inside assembly 'Microsoft.TestPlatform.Extensions.EventLogCollector, Version=15.0.0.0, Culture=neutral, PublicKeyToken=b03f5f7f11d50a3a' file path 'C:\Program Files\dotnet\sdk\6.0.400\Extensions\Microsoft.TestPlatform.Extensions.EventLogCollector.dll'
TpTrace Information: 0 : 16644, 1, 2022/08/18, 19:53:01.504, 1663902270373, vstest.console.dll, AssemblyResolver.OnResolve: Microsoft.TestPlatform.TestHostRuntimeProvider: Resolving assembly.
TpTrace Information: 0 : 16644, 1, 2022/08/18, 19:53:01.504, 1663902271221, vstest.console.dll, AssemblyResolver.OnResolve: Microsoft.TestPlatform.TestHostRuntimeProvider: Searching in: 'C:\Program Files\dotnet\sdk\6.0.400\Extensions'.
TpTrace Information: 0 : 16644, 1, 2022/08/18, 19:53:01.504, 1663902274502, vstest.console.dll, AssemblyResolver.OnResolve: Microsoft.TestPlatform.TestHostRuntimeProvider: Loading assembly 'C:\Program Files\dotnet\sdk\6.0.400\Extensions\Microsoft.TestPlatform.TestHostRuntimeProvider.dll'.
TpTrace Information: 0 : 16644, 1, 2022/08/18, 19:53:01.505, 1663902279868, vstest.console.dll, AssemblyResolver.OnResolve: Resolved assembly: Microsoft.TestPlatform.TestHostRuntimeProvider, from path: C:\Program Files\dotnet\sdk\6.0.400\Extensions\Microsoft.TestPlatform.TestHostRuntimeProvider.dll
TpTrace Verbose: 0 : 16644, 1, 2022/08/18, 19:53:01.505, 1663902280863, vstest.console.dll, MetadataReaderExtensionsHelper: Discovering extensions inside assembly 'Microsoft.TestPlatform.TestHostRuntimeProvider, Version=15.0.0.0, Culture=neutral, PublicKeyToken=b03f5f7f11d50a3a' file path 'C:\Program Files\dotnet\sdk\6.0.400\Extensions\Microsoft.TestPlatform.TestHostRuntimeProvider.dll'
TpTrace Information: 0 : 16644, 1, 2022/08/18, 19:53:01.507, 1663902299270, vstest.console.dll, GetTestExtensionFromType: Register extension with identifier data 'HostProvider://DefaultTestHost' and type 'Microsoft.VisualStudio.TestPlatform.CrossPlatEngine.Hosting.DefaultTestHostManager, Microsoft.TestPlatform.TestHostRuntimeProvider, Version=15.0.0.0, Culture=neutral, PublicKeyToken=b03f5f7f11d50a3a' inside file 'C:\Program Files\dotnet\sdk\6.0.400\Extensions\Microsoft.TestPlatform.TestHostRuntimeProvider.dll'
TpTrace Information: 0 : 16644, 1, 2022/08/18, 19:53:01.507, 1663902300595, vstest.console.dll, GetTestExtensionFromType: Register extension with identifier data 'HostProvider://DotnetTestHost' and type 'Microsoft.VisualStudio.TestPlatform.CrossPlatEngine.Hosting.DotnetTestHostManager, Microsoft.TestPlatform.TestHostRuntimeProvider, Version=15.0.0.0, Culture=neutral, PublicKeyToken=b03f5f7f11d50a3a' inside file 'C:\Program Files\dotnet\sdk\6.0.400\Extensions\Microsoft.TestPlatform.TestHostRuntimeProvider.dll'
TpTrace Information: 0 : 16644, 1, 2022/08/18, 19:53:01.507, 1663902301328, vstest.console.dll, AssemblyResolver.OnResolve: Microsoft.VisualStudio.TestPlatform.Extensions.Html.TestLogger: Resolving assembly.
TpTrace Information: 0 : 16644, 1, 2022/08/18, 19:53:01.507, 1663902301544, vstest.console.dll, AssemblyResolver.OnResolve: Microsoft.VisualStudio.TestPlatform.Extensions.Html.TestLogger: Searching in: 'C:\Program Files\dotnet\sdk\6.0.400\Extensions'.
TpTrace Information: 0 : 16644, 1, 2022/08/18, 19:53:01.507, 1663902308293, vstest.console.dll, AssemblyResolver.OnResolve: Microsoft.VisualStudio.TestPlatform.Extensions.Html.TestLogger: Loading assembly 'C:\Program Files\dotnet\sdk\6.0.400\Extensions\Microsoft.VisualStudio.TestPlatform.Extensions.Html.TestLogger.dll'.
TpTrace Information: 0 : 16644, 1, 2022/08/18, 19:53:01.508, 1663902317071, vstest.console.dll, AssemblyResolver.OnResolve: Resolved assembly: Microsoft.VisualStudio.TestPlatform.Extensions.Html.TestLogger, from path: C:\Program Files\dotnet\sdk\6.0.400\Extensions\Microsoft.VisualStudio.TestPlatform.Extensions.Html.TestLogger.dll
TpTrace Verbose: 0 : 16644, 1, 2022/08/18, 19:53:01.508, 1663902318072, vstest.console.dll, MetadataReaderExtensionsHelper: Discovering extensions inside assembly 'Microsoft.VisualStudio.TestPlatform.Extensions.Html.TestLogger, Version=15.0.0.0, Culture=neutral, PublicKeyToken=b03f5f7f11d50a3a' file path 'C:\Program Files\dotnet\sdk\6.0.400\Extensions\Microsoft.VisualStudio.TestPlatform.Extensions.Html.TestLogger.dll'
TpTrace Information: 0 : 16644, 1, 2022/08/18, 19:53:01.509, 1663902327901, vstest.console.dll, AssemblyResolver.OnResolve: Microsoft.VisualStudio.TestPlatform.Extensions.Trx.TestLogger: Resolving assembly.
TpTrace Information: 0 : 16644, 1, 2022/08/18, 19:53:01.509, 1663902328656, vstest.console.dll, AssemblyResolver.OnResolve: Microsoft.VisualStudio.TestPlatform.Extensions.Trx.TestLogger: Searching in: 'C:\Program Files\dotnet\sdk\6.0.400\Extensions'.
TpTrace Information: 0 : 16644, 1, 2022/08/18, 19:53:01.510, 1663902334633, vstest.console.dll, AssemblyResolver.OnResolve: Microsoft.VisualStudio.TestPlatform.Extensions.Trx.TestLogger: Loading assembly 'C:\Program Files\dotnet\sdk\6.0.400\Extensions\Microsoft.VisualStudio.TestPlatform.Extensions.Trx.TestLogger.dll'.
TpTrace Information: 0 : 16644, 1, 2022/08/18, 19:53:01.511, 1663902340681, vstest.console.dll, AssemblyResolver.OnResolve: Resolved assembly: Microsoft.VisualStudio.TestPlatform.Extensions.Trx.TestLogger, from path: C:\Program Files\dotnet\sdk\6.0.400\Extensions\Microsoft.VisualStudio.TestPlatform.Extensions.Trx.TestLogger.dll
TpTrace Verbose: 0 : 16644, 1, 2022/08/18, 19:53:01.511, 1663902341263, vstest.console.dll, MetadataReaderExtensionsHelper: Discovering extensions inside assembly 'Microsoft.VisualStudio.TestPlatform.Extensions.Trx.TestLogger, Version=15.0.0.0, Culture=neutral, PublicKeyToken=b03f5f7f11d50a3a' file path 'C:\Program Files\dotnet\sdk\6.0.400\Extensions\Microsoft.VisualStudio.TestPlatform.Extensions.Trx.TestLogger.dll'
TpTrace Verbose: 0 : 16644, 1, 2022/08/18, 19:53:01.512, 1663902357074, vstest.console.dll, TestPluginCache: Discovered the extensions using extension path ''.
TpTrace Verbose: 0 : 16644, 1, 2022/08/18, 19:53:01.512, 1663902358027, vstest.console.dll, TestPluginCache: Discoverers are ''.
TpTrace Verbose: 0 : 16644, 1, 2022/08/18, 19:53:01.512, 1663902358262, vstest.console.dll, TestPluginCache: Executors are ''.
TpTrace Verbose: 0 : 16644, 1, 2022/08/18, 19:53:01.512, 1663902358413, vstest.console.dll, TestPluginCache: Executors2 are ''.
TpTrace Verbose: 0 : 16644, 1, 2022/08/18, 19:53:01.512, 1663902358555, vstest.console.dll, TestPluginCache: Setting providers are ''.
TpTrace Verbose: 0 : 16644, 1, 2022/08/18, 19:53:01.512, 1663902358701, vstest.console.dll, TestPluginCache: Loggers are ''.
TpTrace Verbose: 0 : 16644, 1, 2022/08/18, 19:53:01.513, 1663902359925, vstest.console.dll, TestPluginCache: TestHosts are 'HostProvider://DefaultTestHost,HostProvider://DotnetTestHost'.
TpTrace Verbose: 0 : 16644, 1, 2022/08/18, 19:53:01.513, 1663902360153, vstest.console.dll, TestPluginCache: DataCollectors are ''.
TpTrace Information: 0 : 16644, 1, 2022/08/18, 19:53:01.523, 1663902462544, vstest.console.dll, RunTestsArgumentProcessor:Execute: Test run is starting.
TpTrace Verbose: 0 : 16644, 1, 2022/08/18, 19:53:01.523, 1663902463366, vstest.console.dll, RunTestsArgumentProcessor:Execute: Queuing Test run.
TpTrace Information: 0 : 16644, 1, 2022/08/18, 19:53:01.523, 1663902465277, vstest.console.dll, TestRequestManager.RunTests: run tests started.
TpTrace Information: 0 : 16644, 1, 2022/08/18, 19:53:01.524, 1663902477010, vstest.console.dll, AssemblyMetadataProvider.GetFrameworkName: Determined framework:'.NETCoreApp,Version=v6.0' for source: 'C:\Source\Primo\test\Primo.UnitTests\bin\Debug\net6.0\fine-code-coverage\build-output\Primo.UnitTests.dll'
TpTrace Information: 0 : 16644, 1, 2022/08/18, 19:53:01.524, 1663902478938, vstest.console.dll, Determined framework for all sources: .NETCoreApp,Version=v6.0
TpTrace Verbose: 0 : 16644, 1, 2022/08/18, 19:53:01.525, 1663902483621, vstest.console.dll, TestRequestManager.UpdateRunSettingsIfRequired: Default architecture: X64 IsDefaultTargetArchitecture: True, Current process architecture: X64 OperatingSystem: Windows.
TpTrace Information: 0 : 16644, 1, 2022/08/18, 19:53:01.527, 1663902504614, vstest.console.dll, AssemblyMetadataProvider.GetArchitecture: Determined architecture:AnyCPU info for assembly: C:\Source\Primo\test\Primo.UnitTests\bin\Debug\net6.0\fine-code-coverage\build-output\Primo.UnitTests.dll
TpTrace Information: 0 : 16644, 1, 2022/08/18, 19:53:01.527, 1663902505414, vstest.console.dll, Determined platform for source 'C:\Source\Primo\test\Primo.UnitTests\bin\Debug\net6.0\fine-code-coverage\build-output\Primo.UnitTests.dll' was AnyCPU and it will use the default plaform X64.
TpTrace Information: 0 : 16644, 1, 2022/08/18, 19:53:01.527, 1663902505675, vstest.console.dll, None of the sources provided any runnable platform, using the default platform: X64
TpTrace Information: 0 : 16644, 1, 2022/08/18, 19:53:01.527, 1663902506471, vstest.console.dll, Platform was updated to 'X64'.
TpTrace Information: 0 : 16644, 1, 2022/08/18, 19:53:01.530, 1663902538460, vstest.console.dll, InferRunSettingsHelper.IsTestSettingsEnabled: Unable to navigate to RunSettings/MSTest. Current node: RunSettings
TpTrace Information: 0 : 16644, 1, 2022/08/18, 19:53:01.531, 1663902545023, vstest.console.dll, AssemblyResolver.OnResolve: Microsoft.VisualStudio.TestPlatform.Fakes: Resolving assembly.
TpTrace Information: 0 : 16644, 1, 2022/08/18, 19:53:01.531, 1663902545873, vstest.console.dll, AssemblyResolver.OnResolve: Microsoft.VisualStudio.TestPlatform.Fakes: Searching in: 'C:\Program Files\dotnet\sdk\6.0.400\Extensions'.
TpTrace Information: 0 : 16644, 1, 2022/08/18, 19:53:01.531, 1663902546664, vstest.console.dll, AssemblyResolver.OnResolve: Microsoft.VisualStudio.TestPlatform.Fakes: Assembly path does not exist: 'C:\Program Files\dotnet\sdk\6.0.400\Extensions\Microsoft.VisualStudio.TestPlatform.Fakes.dll', returning.
TpTrace Information: 0 : 16644, 1, 2022/08/18, 19:53:01.531, 1663902547072, vstest.console.dll, AssemblyResolver.OnResolve: Microsoft.VisualStudio.TestPlatform.Fakes: Assembly path does not exist: 'C:\Program Files\dotnet\sdk\6.0.400\Extensions\Microsoft.VisualStudio.TestPlatform.Fakes.exe', returning.
TpTrace Information: 0 : 16644, 1, 2022/08/18, 19:53:01.531, 1663902547246, vstest.console.dll, AssemblyResolver.OnResolve: Microsoft.VisualStudio.TestPlatform.Fakes: Searching in: 'C:\Program Files\dotnet\sdk\6.0.400'.
TpTrace Information: 0 : 16644, 1, 2022/08/18, 19:53:01.531, 1663902547619, vstest.console.dll, AssemblyResolver.OnResolve: Microsoft.VisualStudio.TestPlatform.Fakes: Assembly path does not exist: 'C:\Program Files\dotnet\sdk\6.0.400\Microsoft.VisualStudio.TestPlatform.Fakes.dll', returning.
TpTrace Information: 0 : 16644, 1, 2022/08/18, 19:53:01.531, 1663902548106, vstest.console.dll, AssemblyResolver.OnResolve: Microsoft.VisualStudio.TestPlatform.Fakes: Assembly path does not exist: 'C:\Program Files\dotnet\sdk\6.0.400\Microsoft.VisualStudio.TestPlatform.Fakes.exe', returning.
TpTrace Information: 0 : 16644, 1, 2022/08/18, 19:53:01.531, 1663902548284, vstest.console.dll, AssemblyResolver.OnResolve: Microsoft.VisualStudio.TestPlatform.Fakes: Failed to load assembly.
TpTrace Information: 0 : 16644, 1, 2022/08/18, 19:53:01.532, 1663902550759, vstest.console.dll, Failed to load assembly Microsoft.VisualStudio.TestPlatform.Fakes, Version=17.0.0.0, Culture=neutral. Reason:System.IO.FileNotFoundException: Could not load file or assembly 'Microsoft.VisualStudio.TestPlatform.Fakes, Version=17.0.0.0, Culture=neutral, PublicKeyToken=null'. O sistema não pode encontrar o arquivo especificado.
File name: 'Microsoft.VisualStudio.TestPlatform.Fakes, Version=17.0.0.0, Culture=neutral, PublicKeyToken=null'
   at System.Reflection.RuntimeAssembly.InternalLoad(ObjectHandleOnStack assemblyName, ObjectHandleOnStack requestingAssembly, StackCrawlMarkHandle stackMark, Boolean throwOnFileNotFound, ObjectHandleOnStack assemblyLoadContext, ObjectHandleOnStack retAssembly)
   at System.Reflection.RuntimeAssembly.InternalLoad(AssemblyName assemblyName, RuntimeAssembly requestingAssembly, StackCrawlMark& stackMark, Boolean throwOnFileNotFound, AssemblyLoadContext assemblyLoadContext)
   at System.Reflection.Assembly.Load(AssemblyName assemblyRef)
   at Microsoft.VisualStudio.TestPlatform.Common.Utilities.FakesUtilities.LoadTestPlatformAssembly()
TpTrace Verbose: 0 : 16644, 1, 2022/08/18, 19:53:01.535, 1663902586868, vstest.console.dll, TestPluginCache.DiscoverTestExtensions: finding test extensions in assemblies ends with: TestLogger.dll TPluginInfo: Microsoft.VisualStudio.TestPlatform.Common.ExtensionFramework.Utilities.TestLoggerPluginInformation TExtension: Microsoft.VisualStudio.TestPlatform.ObjectModel.Client.ITestLogger
TpTrace Verbose: 0 : 16644, 1, 2022/08/18, 19:53:01.535, 1663902588068, vstest.console.dll, TestPluginCache.GetExtensionPaths: Filtered extension paths: 
TpTrace Verbose: 0 : 16644, 1, 2022/08/18, 19:53:01.535, 1663902588297, vstest.console.dll, TestPluginCache.GetExtensionPaths: Added default extension paths: C:\Program Files\dotnet\sdk\6.0.400\Extensions\Microsoft.Diagnostics.NETCore.Client.dll
C:\Program Files\dotnet\sdk\6.0.400\Extensions\Microsoft.TestPlatform.Extensions.BlameDataCollector.dll
C:\Program Files\dotnet\sdk\6.0.400\Extensions\Microsoft.TestPlatform.Extensions.EventLogCollector.dll
C:\Program Files\dotnet\sdk\6.0.400\Extensions\Microsoft.TestPlatform.TestHostRuntimeProvider.dll
C:\Program Files\dotnet\sdk\6.0.400\Extensions\Microsoft.VisualStudio.TestPlatform.Extensions.Html.TestLogger.dll
C:\Program Files\dotnet\sdk\6.0.400\Extensions\Microsoft.VisualStudio.TestPlatform.Extensions.Trx.TestLogger.dll
TpTrace Verbose: 0 : 16644, 1, 2022/08/18, 19:53:01.535, 1663902588490, vstest.console.dll, TestPluginCache.GetExtensionPaths: Added unfilterableExtensionPaths: 
TpTrace Information: 0 : 16644, 1, 2022/08/18, 19:53:01.536, 1663902589666, vstest.console.dll, AssemblyResolver.AddSearchDirectories: Adding more searchDirectories C:\Program Files\dotnet\sdk\6.0.400\Extensions,C:\Program Files\dotnet\sdk\6.0.400
TpTrace Verbose: 0 : 16644, 1, 2022/08/18, 19:53:01.536, 1663902590012, vstest.console.dll, TestPluginCache.DiscoverTestExtensions: Discovering the extensions using extension path.
TpTrace Verbose: 0 : 16644, 1, 2022/08/18, 19:53:01.536, 1663902590268, vstest.console.dll, TestPluginCache.GetExtensionPaths: Filtered extension paths: 
TpTrace Verbose: 0 : 16644, 1, 2022/08/18, 19:53:01.536, 1663902590483, vstest.console.dll, TestPluginCache.GetExtensionPaths: Added default extension paths: C:\Program Files\dotnet\sdk\6.0.400\Extensions\Microsoft.Diagnostics.NETCore.Client.dll
C:\Program Files\dotnet\sdk\6.0.400\Extensions\Microsoft.TestPlatform.Extensions.BlameDataCollector.dll
C:\Program Files\dotnet\sdk\6.0.400\Extensions\Microsoft.TestPlatform.Extensions.EventLogCollector.dll
C:\Program Files\dotnet\sdk\6.0.400\Extensions\Microsoft.TestPlatform.TestHostRuntimeProvider.dll
C:\Program Files\dotnet\sdk\6.0.400\Extensions\Microsoft.VisualStudio.TestPlatform.Extensions.Html.TestLogger.dll
C:\Program Files\dotnet\sdk\6.0.400\Extensions\Microsoft.VisualStudio.TestPlatform.Extensions.Trx.TestLogger.dll
TpTrace Verbose: 0 : 16644, 1, 2022/08/18, 19:53:01.536, 1663902590649, vstest.console.dll, TestPluginCache.GetExtensionPaths: Added unfilterableExtensionPaths: 
TpTrace Verbose: 0 : 16644, 1, 2022/08/18, 19:53:01.536, 1663902591440, vstest.console.dll, TestPluginCache.DiscoverTestExtensions: Discovering the extensions using allExtensionPaths: C:\Program Files\dotnet\sdk\6.0.400\Extensions\Microsoft.Diagnostics.NETCore.Client.dll
C:\Program Files\dotnet\sdk\6.0.400\Extensions\Microsoft.TestPlatform.Extensions.BlameDataCollector.dll
C:\Program Files\dotnet\sdk\6.0.400\Extensions\Microsoft.TestPlatform.Extensions.EventLogCollector.dll
C:\Program Files\dotnet\sdk\6.0.400\Extensions\Microsoft.TestPlatform.TestHostRuntimeProvider.dll
C:\Program Files\dotnet\sdk\6.0.400\Extensions\Microsoft.VisualStudio.TestPlatform.Extensions.Html.TestLogger.dll
C:\Program Files\dotnet\sdk\6.0.400\Extensions\Microsoft.VisualStudio.TestPlatform.Extensions.Trx.TestLogger.dll
TpTrace Information: 0 : 16644, 1, 2022/08/18, 19:53:01.536, 1663902591826, vstest.console.dll, AssemblyResolver.AddSearchDirectories: Adding more searchDirectories C:\Program Files\dotnet\sdk\6.0.400\Extensions,C:\Program Files\dotnet\sdk\6.0.400
TpTrace Information: 0 : 16644, 1, 2022/08/18, 19:53:01.536, 1663902592110, vstest.console.dll, AssemblyResolver.AddSearchDirectories: Adding more searchDirectories C:\Program Files\dotnet\sdk\6.0.400\Extensions,C:\Program Files\dotnet\sdk\6.0.400
TpTrace Information: 0 : 16644, 1, 2022/08/18, 19:53:01.536, 1663902592307, vstest.console.dll, AssemblyResolver.AddSearchDirectories: Adding more searchDirectories C:\Program Files\dotnet\sdk\6.0.400\Extensions,C:\Program Files\dotnet\sdk\6.0.400
TpTrace Information: 0 : 16644, 1, 2022/08/18, 19:53:01.536, 1663902592494, vstest.console.dll, AssemblyResolver.AddSearchDirectories: Adding more searchDirectories C:\Program Files\dotnet\sdk\6.0.400\Extensions,C:\Program Files\dotnet\sdk\6.0.400
TpTrace Information: 0 : 16644, 1, 2022/08/18, 19:53:01.536, 1663902592722, vstest.console.dll, AssemblyResolver.AddSearchDirectories: Adding more searchDirectories C:\Program Files\dotnet\sdk\6.0.400\Extensions,C:\Program Files\dotnet\sdk\6.0.400
TpTrace Information: 0 : 16644, 1, 2022/08/18, 19:53:01.536, 1663902592913, vstest.console.dll, AssemblyResolver.AddSearchDirectories: Adding more searchDirectories C:\Program Files\dotnet\sdk\6.0.400\Extensions,C:\Program Files\dotnet\sdk\6.0.400
TpTrace Verbose: 0 : 16644, 1, 2022/08/18, 19:53:01.536, 1663902594007, vstest.console.dll, MetadataReaderExtensionsHelper: Discovering extensions inside assembly 'Microsoft.Diagnostics.NETCore.Client, Version=0.2.5.801, Culture=neutral, PublicKeyToken=31bf3856ad364e35' file path 'C:\Program Files\dotnet\sdk\6.0.400\Extensions\Microsoft.Diagnostics.NETCore.Client.dll'
TpTrace Information: 0 : 16644, 1, 2022/08/18, 19:53:01.537, 1663902603612, vstest.console.dll, AssemblyResolver.OnResolve: Microsoft.Bcl.AsyncInterfaces: Resolving assembly.
TpTrace Information: 0 : 16644, 1, 2022/08/18, 19:53:01.537, 1663902604849, vstest.console.dll, AssemblyResolver.OnResolve: Microsoft.Bcl.AsyncInterfaces: Resolved from cache.
TpTrace Verbose: 0 : 16644, 1, 2022/08/18, 19:53:01.537, 1663902605298, vstest.console.dll, CurrentDomainAssemblyResolve: Resolving assembly 'Microsoft.Bcl.AsyncInterfaces'.
TpTrace Information: 0 : 16644, 1, 2022/08/18, 19:53:01.537, 1663902606042, vstest.console.dll, AssemblyResolver.OnResolve: Microsoft.Bcl.AsyncInterfaces: Resolving assembly.
TpTrace Information: 0 : 16644, 1, 2022/08/18, 19:53:01.537, 1663902606398, vstest.console.dll, AssemblyResolver.OnResolve: Microsoft.Bcl.AsyncInterfaces: Resolved from cache.
TpTrace Verbose: 0 : 16644, 1, 2022/08/18, 19:53:01.537, 1663902606579, vstest.console.dll, CurrentDomainAssemblyResolve: Resolving assembly 'Microsoft.Bcl.AsyncInterfaces'.
TpTrace Verbose: 0 : 16644, 1, 2022/08/18, 19:53:01.537, 1663902606760, vstest.console.dll, CurrentDomainAssemblyResolve: Failed to resolve assembly 'Microsoft.Bcl.AsyncInterfaces'.
TpTrace Verbose: 0 : 16644, 1, 2022/08/18, 19:53:01.537, 1663902608233, vstest.console.dll, CurrentDomainAssemblyResolve: Failed to resolve assembly 'Microsoft.Bcl.AsyncInterfaces'.
TpTrace Warning: 0 : 16644, 1, 2022/08/18, 19:53:01.538, 1663902611553, vstest.console.dll, TestPluginDiscoverer: Failed to get types from assembly 'Microsoft.Diagnostics.NETCore.Client, Version=0.2.5.801, Culture=neutral, PublicKeyToken=31bf3856ad364e35'. Error: System.Reflection.ReflectionTypeLoadException: Unable to load one or more of the requested types.
Could not load file or assembly 'Microsoft.Bcl.AsyncInterfaces, Version=1.0.0.0, Culture=neutral, PublicKeyToken=cc7b13ffcd2ddd51'. O sistema não pode encontrar o arquivo especificado.
   at System.Reflection.RuntimeModule.GetTypes(RuntimeModule module)
   at System.Reflection.Assembly.GetTypes()
   at Microsoft.VisualStudio.TestPlatform.Common.ExtensionFramework.TestPluginDiscoverer.GetTestExtensionsFromAssembly[TPluginInfo,TExtension](Assembly assembly, Dictionary`2 pluginInfos, String filePath)
System.IO.FileNotFoundException: Could not load file or assembly 'Microsoft.Bcl.AsyncInterfaces, Version=1.0.0.0, Culture=neutral, PublicKeyToken=cc7b13ffcd2ddd51'. O sistema não pode encontrar o arquivo especificado.
File name: 'Microsoft.Bcl.AsyncInterfaces, Version=1.0.0.0, Culture=neutral, PublicKeyToken=cc7b13ffcd2ddd51'
 ---> System.IO.FileNotFoundException: Could not load file or assembly 'Microsoft.Bcl.AsyncInterfaces, Culture=neutral, PublicKeyToken=null'. O sistema não pode encontrar o arquivo especificado.
File name: 'Microsoft.Bcl.AsyncInterfaces, Culture=neutral, PublicKeyToken=null'
   at System.Reflection.RuntimeAssembly.InternalLoad(ObjectHandleOnStack assemblyName, ObjectHandleOnStack requestingAssembly, StackCrawlMarkHandle stackMark, Boolean throwOnFileNotFound, ObjectHandleOnStack assemblyLoadContext, ObjectHandleOnStack retAssembly)
   at System.Reflection.RuntimeAssembly.InternalLoad(AssemblyName assemblyName, RuntimeAssembly requestingAssembly, StackCrawlMark& stackMark, Boolean throwOnFileNotFound, AssemblyLoadContext assemblyLoadContext)
   at System.Reflection.Assembly.Load(AssemblyName assemblyRef)
   at Microsoft.VisualStudio.TestPlatform.Common.ExtensionFramework.TestPluginCache.CurrentDomainAssemblyResolve(Object sender, AssemblyResolveEventArgs args)
   at Microsoft.VisualStudio.TestPlatform.PlatformAbstractions.PlatformAssemblyResolver.AssemblyResolverEvent(Object sender, Object eventArgs)
   at System.Runtime.Loader.AssemblyLoadContext.GetFirstResolvedAssemblyFromResolvingEvent(AssemblyName assemblyName)
   at System.Runtime.Loader.AssemblyLoadContext.ResolveUsingEvent(AssemblyName assemblyName)
   at System.Runtime.Loader.AssemblyLoadContext.ResolveUsingResolvingEvent(IntPtr gchManagedAssemblyLoadContext, AssemblyName assemblyName)
TpTrace Warning: 0 : 16644, 1, 2022/08/18, 19:53:01.538, 1663902613495, vstest.console.dll, LoaderExceptions: System.IO.FileNotFoundException: Could not load file or assembly 'Microsoft.Bcl.AsyncInterfaces, Version=1.0.0.0, Culture=neutral, PublicKeyToken=cc7b13ffcd2ddd51'. O sistema não pode encontrar o arquivo especificado.
File name: 'Microsoft.Bcl.AsyncInterfaces, Version=1.0.0.0, Culture=neutral, PublicKeyToken=cc7b13ffcd2ddd51'
 ---> System.IO.FileNotFoundException: Could not load file or assembly 'Microsoft.Bcl.AsyncInterfaces, Culture=neutral, PublicKeyToken=null'. O sistema não pode encontrar o arquivo especificado.
File name: 'Microsoft.Bcl.AsyncInterfaces, Culture=neutral, PublicKeyToken=null'
   at System.Reflection.RuntimeAssembly.InternalLoad(ObjectHandleOnStack assemblyName, ObjectHandleOnStack requestingAssembly, StackCrawlMarkHandle stackMark, Boolean throwOnFileNotFound, ObjectHandleOnStack assemblyLoadContext, ObjectHandleOnStack retAssembly)
   at System.Reflection.RuntimeAssembly.InternalLoad(AssemblyName assemblyName, RuntimeAssembly requestingAssembly, StackCrawlMark& stackMark, Boolean throwOnFileNotFound, AssemblyLoadContext assemblyLoadContext)
   at System.Reflection.Assembly.Load(AssemblyName assemblyRef)
   at Microsoft.VisualStudio.TestPlatform.Common.ExtensionFramework.TestPluginCache.CurrentDomainAssemblyResolve(Object sender, AssemblyResolveEventArgs args)
   at Microsoft.VisualStudio.TestPlatform.PlatformAbstractions.PlatformAssemblyResolver.AssemblyResolverEvent(Object sender, Object eventArgs)
   at System.Runtime.Loader.AssemblyLoadContext.GetFirstResolvedAssemblyFromResolvingEvent(AssemblyName assemblyName)
   at System.Runtime.Loader.AssemblyLoadContext.ResolveUsingEvent(AssemblyName assemblyName)
   at System.Runtime.Loader.AssemblyLoadContext.ResolveUsingResolvingEvent(IntPtr gchManagedAssemblyLoadContext, AssemblyName assemblyName)
TpTrace Verbose: 0 : 16644, 1, 2022/08/18, 19:53:01.538, 1663902614548, vstest.console.dll, MetadataReaderExtensionsHelper: Discovering extensions inside assembly 'Microsoft.TestPlatform.Extensions.BlameDataCollector, Version=15.0.0.0, Culture=neutral, PublicKeyToken=b03f5f7f11d50a3a' file path 'C:\Program Files\dotnet\sdk\6.0.400\Extensions\Microsoft.TestPlatform.Extensions.BlameDataCollector.dll'
TpTrace Information: 0 : 16644, 1, 2022/08/18, 19:53:01.539, 1663902625451, vstest.console.dll, GetTestExtensionFromType: Register extension with identifier data 'logger://Microsoft/TestPlatform/Extensions/Blame/v1' and type 'Microsoft.TestPlatform.Extensions.BlameDataCollector.BlameLogger, Microsoft.TestPlatform.Extensions.BlameDataCollector, Version=15.0.0.0, Culture=neutral, PublicKeyToken=b03f5f7f11d50a3a' inside file 'C:\Program Files\dotnet\sdk\6.0.400\Extensions\Microsoft.TestPlatform.Extensions.BlameDataCollector.dll'
TpTrace Verbose: 0 : 16644, 1, 2022/08/18, 19:53:01.539, 1663902626554, vstest.console.dll, MetadataReaderExtensionsHelper: Discovering extensions inside assembly 'Microsoft.TestPlatform.Extensions.EventLogCollector, Version=15.0.0.0, Culture=neutral, PublicKeyToken=b03f5f7f11d50a3a' file path 'C:\Program Files\dotnet\sdk\6.0.400\Extensions\Microsoft.TestPlatform.Extensions.EventLogCollector.dll'
TpTrace Verbose: 0 : 16644, 1, 2022/08/18, 19:53:01.540, 1663902634342, vstest.console.dll, MetadataReaderExtensionsHelper: Discovering extensions inside assembly 'Microsoft.TestPlatform.TestHostRuntimeProvider, Version=15.0.0.0, Culture=neutral, PublicKeyToken=b03f5f7f11d50a3a' file path 'C:\Program Files\dotnet\sdk\6.0.400\Extensions\Microsoft.TestPlatform.TestHostRuntimeProvider.dll'
TpTrace Verbose: 0 : 16644, 1, 2022/08/18, 19:53:01.541, 1663902640850, vstest.console.dll, MetadataReaderExtensionsHelper: Discovering extensions inside assembly 'Microsoft.VisualStudio.TestPlatform.Extensions.Html.TestLogger, Version=15.0.0.0, Culture=neutral, PublicKeyToken=b03f5f7f11d50a3a' file path 'C:\Program Files\dotnet\sdk\6.0.400\Extensions\Microsoft.VisualStudio.TestPlatform.Extensions.Html.TestLogger.dll'
TpTrace Information: 0 : 16644, 1, 2022/08/18, 19:53:01.541, 1663902648757, vstest.console.dll, GetTestExtensionFromType: Register extension with identifier data 'logger://Microsoft/TestPlatform/HtmlLogger/v1' and type 'Microsoft.VisualStudio.TestPlatform.Extensions.HtmlLogger.HtmlLogger, Microsoft.VisualStudio.TestPlatform.Extensions.Html.TestLogger, Version=15.0.0.0, Culture=neutral, PublicKeyToken=b03f5f7f11d50a3a' inside file 'C:\Program Files\dotnet\sdk\6.0.400\Extensions\Microsoft.VisualStudio.TestPlatform.Extensions.Html.TestLogger.dll'
TpTrace Verbose: 0 : 16644, 1, 2022/08/18, 19:53:01.542, 1663902649809, vstest.console.dll, MetadataReaderExtensionsHelper: Discovering extensions inside assembly 'Microsoft.VisualStudio.TestPlatform.Extensions.Trx.TestLogger, Version=15.0.0.0, Culture=neutral, PublicKeyToken=b03f5f7f11d50a3a' file path 'C:\Program Files\dotnet\sdk\6.0.400\Extensions\Microsoft.VisualStudio.TestPlatform.Extensions.Trx.TestLogger.dll'
TpTrace Information: 0 : 16644, 1, 2022/08/18, 19:53:01.542, 1663902657140, vstest.console.dll, GetTestExtensionFromType: Register extension with identifier data 'logger://Microsoft/TestPlatform/TrxLogger/v1' and type 'Microsoft.VisualStudio.TestPlatform.Extensions.TrxLogger.TrxLogger, Microsoft.VisualStudio.TestPlatform.Extensions.Trx.TestLogger, Version=15.0.0.0, Culture=neutral, PublicKeyToken=b03f5f7f11d50a3a' inside file 'C:\Program Files\dotnet\sdk\6.0.400\Extensions\Microsoft.VisualStudio.TestPlatform.Extensions.Trx.TestLogger.dll'
TpTrace Verbose: 0 : 16644, 1, 2022/08/18, 19:53:01.542, 1663902658336, vstest.console.dll, TestPluginCache: Discovered the extensions using extension path ''.
TpTrace Verbose: 0 : 16644, 1, 2022/08/18, 19:53:01.542, 1663902658592, vstest.console.dll, TestPluginCache: Discoverers are ''.
TpTrace Verbose: 0 : 16644, 1, 2022/08/18, 19:53:01.542, 1663902658761, vstest.console.dll, TestPluginCache: Executors are ''.
TpTrace Verbose: 0 : 16644, 1, 2022/08/18, 19:53:01.542, 1663902658903, vstest.console.dll, TestPluginCache: Executors2 are ''.
TpTrace Verbose: 0 : 16644, 1, 2022/08/18, 19:53:01.543, 1663902659043, vstest.console.dll, TestPluginCache: Setting providers are ''.
TpTrace Verbose: 0 : 16644, 1, 2022/08/18, 19:53:01.543, 1663902659779, vstest.console.dll, TestPluginCache: Loggers are 'logger://Microsoft/TestPlatform/Extensions/Blame/v1,logger://Microsoft/TestPlatform/HtmlLogger/v1,logger://Microsoft/TestPlatform/TrxLogger/v1'.
TpTrace Verbose: 0 : 16644, 1, 2022/08/18, 19:53:01.543, 1663902660072, vstest.console.dll, TestPluginCache: TestHosts are 'HostProvider://DefaultTestHost,HostProvider://DotnetTestHost'.
TpTrace Verbose: 0 : 16644, 1, 2022/08/18, 19:53:01.543, 1663902660230, vstest.console.dll, TestPluginCache: DataCollectors are ''.
TpTrace Information: 0 : 16644, 1, 2022/08/18, 19:53:01.543, 1663902666746, vstest.console.dll, TestPluginManager.CreateTestExtension: Attempting to load test extension: Microsoft.TestPlatform.Extensions.BlameDataCollector.BlameLogger
TpTrace Verbose: 0 : 16644, 1, 2022/08/18, 19:53:01.548, 1663902709711, vstest.console.dll, TestEngine: Initializing Parallel Execution as MaxCpuCount is set to: 1
TpTrace Information: 0 : 16644, 1, 2022/08/18, 19:53:01.550, 1663902734282, vstest.console.dll, TestPluginManager.CreateTestExtension: Attempting to load test extension: Microsoft.VisualStudio.TestPlatform.CrossPlatEngine.Hosting.DefaultTestHostManager
TpTrace Information: 0 : 16644, 1, 2022/08/18, 19:53:01.551, 1663902741887, vstest.console.dll, TestPluginManager.CreateTestExtension: Attempting to load test extension: Microsoft.VisualStudio.TestPlatform.CrossPlatEngine.Hosting.DotnetTestHostManager
TpTrace Information: 0 : 16644, 1, 2022/08/18, 19:53:01.551, 1663902746738, vstest.console.dll, InferRunSettingsHelper.IsTestSettingsEnabled: Unable to navigate to RunSettings/MSTest. Current node: RunSettings
TpTrace Verbose: 0 : 16644, 1, 2022/08/18, 19:53:01.555, 1663902787556, vstest.console.dll, TestEngine.GetExecutionManager: Chosen execution manager 'Microsoft.VisualStudio.TestPlatform.CrossPlatEngine.Client.Parallel.ParallelProxyExecutionManager, Microsoft.TestPlatform.CrossPlatEngine, Version=15.0.0.0, Culture=neutral, PublicKeyToken=b03f5f7f11d50a3a' ParallelLevel '1'.
TpTrace Verbose: 0 : 16644, 1, 2022/08/18, 19:53:01.556, 1663902789258, vstest.console.dll, TestRunRequest.ExecuteAsync: Creating test run request.
TpTrace Verbose: 0 : 16644, 1, 2022/08/18, 19:53:01.556, 1663902791346, vstest.console.dll, TestRunRequest.ExecuteAsync: Starting.
TpTrace Information: 0 : 16644, 1, 2022/08/18, 19:53:01.556, 1663902794124, vstest.console.dll, TestRunRequest.ExecuteAsync: Starting run with settings:TestRunCriteria:
   KeepAlive=False,FrequencyOfRunStatsChangeEvent=10,RunStatsChangeEventTimeout=00:00:01.5000000,TestCaseFilter=,TestExecutorLauncher=
   Settingsxml=<RunSettings>
  <RunConfiguration>
    <ResultsDirectory>C:\Source\Primo\test\Primo.UnitTests\bin\Debug\net6.0\fine-code-coverage\coverage-tool-output</ResultsDirectory>
    <TargetPlatform>X64</TargetPlatform>
    <TargetFrameworkVersion>.NETCoreApp,Version=v6.0</TargetFrameworkVersion>
    <DesignMode>False</DesignMode>
    <CollectSourceInformation>False</CollectSourceInformation>
  </RunConfiguration>
  <LoggerRunSettings>
    <Loggers>
      <Logger friendlyName="blame" enabled="True" />
      <Logger friendlyName="Console" uri="logger://microsoft/TestPlatform/ConsoleLogger/v1" assemblyQualifiedName="Microsoft.VisualStudio.TestPlatform.CommandLine.Internal.ConsoleLogger, vstest.console, Version=15.0.0.0, Culture=neutral, PublicKeyToken=b03f5f7f11d50a3a" codeBase="C:\Program Files\dotnet\sdk\6.0.400\vstest.console.dll" enabled="True" />
    </Loggers>
  </LoggerRunSettings>
  <DataCollectionRunSettings>
    <DataCollectors>
      <DataCollector friendlyName="blame" enabled="True">
        <Configuration>
          <ResultsDirectory>C:\Source\Primo\test\Primo.UnitTests\bin\Debug\net6.0\fine-code-coverage\coverage-tool-output</ResultsDirectory>
        </Configuration>
      </DataCollector>
    </DataCollectors>
  </DataCollectionRunSettings>
</RunSettings>

TpTrace Verbose: 0 : 16644, 1, 2022/08/18, 19:53:01.556, 1663902794583, vstest.console.dll, TestRunRequest.ExecuteAsync: Wait for the first run request is over.
TpTrace Verbose: 0 : 16644, 1, 2022/08/18, 19:53:01.556, 1663902797101, vstest.console.dll, MulticastDelegateUtilities.SafeInvoke: TestRun.TestRunStart: Invoking callbacks was skipped because there are no subscribers.
TpTrace Verbose: 0 : 16644, 4, 2022/08/18, 19:53:01.557, 1663902800174, vstest.console.dll, MulticastDelegateUtilities.SafeInvoke: InternalTestLoggerEvents.SendTestRunStart: Invoking callback 1/1 for Microsoft.VisualStudio.TestPlatform.CommandLine.Internal.ConsoleLogger.TestRunStartHandler, took 0 ms.
TpTrace Verbose: 0 : 16644, 1, 2022/08/18, 19:53:01.557, 1663902805138, vstest.console.dll, ParallelProxyExecutionManager: Start execution. Total sources: 1
TpTrace Verbose: 0 : 16644, 1, 2022/08/18, 19:53:01.558, 1663902817787, vstest.console.dll, TestRequestSender is acting as server.
TpTrace Verbose: 0 : 16644, 1, 2022/08/18, 19:53:01.559, 1663902828231, vstest.console.dll, DataCollectionRequestSender.InitializeCommunication : Initialize communication. 
TpTrace Information: 0 : 16644, 1, 2022/08/18, 19:53:01.564, 1663902878068, vstest.console.dll, Listening on Endpoint : 127.0.0.1:53172
TpTrace Verbose: 0 : 16644, 1, 2022/08/18, 19:53:01.571, 1663902946048, vstest.console.dll, DotnetDataCollectionLauncher: Adding  --runtimeconfig "C:\Program Files\dotnet\sdk\6.0.400\datacollector.runtimeconfig.json" in args
TpTrace Verbose: 0 : 16644, 1, 2022/08/18, 19:53:01.571, 1663902947056, vstest.console.dll, DotnetDataCollectionLauncher: Adding  --depsfile "C:\Program Files\dotnet\sdk\6.0.400\datacollector.deps.json" in args
TpTrace Verbose: 0 : 16644, 1, 2022/08/18, 19:53:01.571, 1663902948250, vstest.console.dll, DotnetDataCollectionLauncher: Full path of dotnet.exe is C:\Program Files\dotnet\dotnet.exe
TpTrace Information: 0 : 16644, 1, 2022/08/18, 19:53:01.580, 1663903030952, vstest.console.dll, ProxyDataCollectionManager.Initialize: Launched datacollector processId: 13560 port: 53172
TpTrace Information: 0 : 16644, 1, 2022/08/18, 19:53:01.580, 1663903032284, vstest.console.dll, ProxyDataCollectionManager.Initialize: waiting for connection with timeout: 90 seconds
TpTrace Verbose: 0 : 16644, 1, 2022/08/18, 19:53:01.580, 1663903032644, vstest.console.dll, DataCollectionRequestSender.WaitForRequestHandlerConnection : Waiting for connection with timeout: 90000
TpTrace Information: 0 : 16644, 5, 2022/08/18, 19:53:01.686, 1663904095517, vstest.console.dll, Using the buffer size of 16384 bytes
TpTrace Verbose: 0 : 16644, 1, 2022/08/18, 19:53:01.686, 1663904096059, vstest.console.dll, SocketCommunicationManager.WaitForClientConnection took: 106 ms, with 90000 ms timeout, and finished with True.
TpTrace Information: 0 : 16644, 5, 2022/08/18, 19:53:01.686, 1663904096492, vstest.console.dll, Accepted Client request and set the flag
TpTrace Verbose: 0 : 16644, 1, 2022/08/18, 19:53:01.686, 1663904098567, vstest.console.dll, ProxyDataCollectionManager.InvokeDataCollectionServiceAction: Starting.
TpTrace Information: 0 : 16644, 1, 2022/08/18, 19:53:01.687, 1663904099729, vstest.console.dll, ProxyDataCollectionManager.BeforeTestRunStart: Get environment variable and port for datacollector processId: 13560 port: 53172
TpTrace Verbose: 0 : 16644, 1, 2022/08/18, 19:53:01.687, 1663904101355, vstest.console.dll, DataCollectionRequestSender.SendBeforeTestRunStartAndGetResult: Send BeforeTestRunStart message with settingsXml <RunSettings><RunConfiguration><ResultsDirectory>C:\Source\Primo\test\Primo.UnitTests\bin\Debug\net6.0\fine-code-coverage\coverage-tool-output</ResultsDirectory><TargetPlatform>X64</TargetPlatform><TargetFrameworkVersion>.NETCoreApp,Version=v6.0</TargetFrameworkVersion><DesignMode>False</DesignMode><CollectSourceInformation>False</CollectSourceInformation><TestAdaptersPaths>C:\Program Files\dotnet\sdk\6.0.400\Extensions</TestAdaptersPaths></RunConfiguration><LoggerRunSettings><Loggers><Logger friendlyName="blame" enabled="True" /><Logger friendlyName="Console" uri="logger://microsoft/TestPlatform/ConsoleLogger/v1" assemblyQualifiedName="Microsoft.VisualStudio.TestPlatform.CommandLine.Internal.ConsoleLogger, vstest.console, Version=15.0.0.0, Culture=neutral, PublicKeyToken=b03f5f7f11d50a3a" codeBase="C:\Program Files\dotnet\sdk\6.0.400\vstest.console.dll" enabled="True" /></Loggers></LoggerRunSettings><DataCollectionRunSettings><DataCollectors><DataCollector friendlyName="blame" enabled="True"><Configuration><ResultsDirectory>C:\Source\Primo\test\Primo.UnitTests\bin\Debug\net6.0\fine-code-coverage\coverage-tool-output</ResultsDirectory></Configuration></DataCollector></DataCollectors></DataCollectionRunSettings></RunSettings> and sources System.Collections.Generic.List`1[System.String]: 
TpTrace Verbose: 0 : 16644, 1, 2022/08/18, 19:53:01.734, 1663904572173, vstest.console.dll, DataCollectionRequestSender.SendBeforeTestRunStartAndGetResult: Received message: (DataCollection.SendMessage) -> {"MessageType":"DataCollection.SendMessage","Payload":{"FriendlyName":null,"Uri":null,"TestCaseId":"00000000-0000-0000-0000-000000000000","Message":"Logging DataCollector Diagnostics in file: C:\\Source\\Primo\\test\\Primo.UnitTests\\bin\\Debug\\net6.0\\fine-code-coverage\\coverage-tool-output\\diagnostics.datacollector.22-08-18_19-53-01_57145_1.log","Level":0}}
TpTrace Verbose: 0 : 16644, 1, 2022/08/18, 19:53:01.798, 1663905218421, vstest.console.dll, DataCollectionRequestSender.SendBeforeTestRunStartAndGetResult: Received message: (DataCollection.BeforeTestRunStartResult) -> {"MessageType":"DataCollection.BeforeTestRunStartResult","Payload":{"EnvironmentVariables":{},"DataCollectionEventsPort":53174}}
TpTrace Information: 0 : 16644, 1, 2022/08/18, 19:53:01.804, 1663905275087, vstest.console.dll, ProxyDataCollectionManager.BeforeTestRunStart: SendBeforeTestRunStartAndGetResult successful, env variable from datacollector:   and testhost port: 53174
TpTrace Information: 0 : 16644, 1, 2022/08/18, 19:53:01.804, 1663905276105, vstest.console.dll, ProxyDataCollectionManager.InvokeDataCollectionServiceAction: Completed.
TpTrace Verbose: 0 : 16644, 1, 2022/08/18, 19:53:01.804, 1663905277295, vstest.console.dll, ProxyParallelExecutionManager: No sources available for execution.
TpTrace Verbose: 0 : 16644, 7, 2022/08/18, 19:53:01.804, 1663905277450, vstest.console.dll, ParallelProxyExecutionManager: Execution started. Started clients: 1
TpTrace Information: 0 : 16644, 1, 2022/08/18, 19:53:01.804, 1663905277689, vstest.console.dll, TestRunRequest.ExecuteAsync: Started.
TpTrace Verbose: 0 : 16644, 1, 2022/08/18, 19:53:01.804, 1663905278959, vstest.console.dll, TestRunRequest.WaitForCompletion: Waiting with timeout -1.
TpTrace Verbose: 0 : 16644, 7, 2022/08/18, 19:53:01.805, 1663905281241, vstest.console.dll, TestRunRequest:SendTestRunMessage: Starting.
TpTrace Verbose: 0 : 16644, 4, 2022/08/18, 19:53:01.805, 1663905284254, vstest.console.dll, MulticastDelegateUtilities.SafeInvoke: InternalTestLoggerEvents.SendTestRunMessage: Invoking callback 1/1 for Microsoft.VisualStudio.TestPlatform.CommandLine.Internal.ConsoleLogger.TestMessageHandler, took 0 ms.
TpTrace Verbose: 0 : 16644, 7, 2022/08/18, 19:53:01.805, 1663905284288, vstest.console.dll, MulticastDelegateUtilities.SafeInvoke: TestRun.LogMessages: Invoking callback 1/1 for Microsoft.VisualStudio.TestPlatform.CommandLine.TestRunResultAggregator.TestRunMessageHandler, took 0 ms.
TpTrace Information: 0 : 16644, 7, 2022/08/18, 19:53:01.805, 1663905286167, vstest.console.dll, TestRunRequest:SendTestRunMessage: Completed.
TpTrace Verbose: 0 : 16644, 7, 2022/08/18, 19:53:01.806, 1663905290582, vstest.console.dll, ProxyExecutionManager: Test host is always Lazy initialize.
TpTrace Verbose: 0 : 16644, 7, 2022/08/18, 19:53:01.806, 1663905293616, vstest.console.dll, TestRequestSender.InitializeCommunication: initialize communication. 
TpTrace Information: 0 : 16644, 7, 2022/08/18, 19:53:01.806, 1663905297592, vstest.console.dll, SocketServer.Start: Listening on endpoint : 127.0.0.1:53175
TpTrace Verbose: 0 : 16644, 7, 2022/08/18, 19:53:01.807, 1663905302620, vstest.console.dll, DotnetTestHostmanager.GetTestHostProcessStartInfo: Platform environment 'X64' target architecture 'X64' framework '.NETCoreApp,Version=v6.0' OS 'Windows'
TpTrace Verbose: 0 : 16644, 7, 2022/08/18, 19:53:01.807, 1663905304270, vstest.console.dll, DotnetTestHostmanager: Adding  --runtimeconfig "C:\Source\Primo\test\Primo.UnitTests\bin\Debug\net6.0\fine-code-coverage\build-output\Primo.UnitTests.runtimeconfig.json" in args
TpTrace Verbose: 0 : 16644, 7, 2022/08/18, 19:53:01.807, 1663905304782, vstest.console.dll, DotnetTestHostmanager: Adding  --depsfile "C:\Source\Primo\test\Primo.UnitTests\bin\Debug\net6.0\fine-code-coverage\build-output\Primo.UnitTests.deps.json" in args
TpTrace Verbose: 0 : 16644, 7, 2022/08/18, 19:53:01.807, 1663905307054, vstest.console.dll, DotnetTestHostmanager.IsWinOnArm: Current PROCESSOR_ARCHITECTURE from environment variable 'AMD64'
TpTrace Verbose: 0 : 16644, 7, 2022/08/18, 19:53:01.807, 1663905307464, vstest.console.dll, DotnetTestHostmanager.IsWinOnArm: Is Windows on ARM 'False'
TpTrace Verbose: 0 : 16644, 7, 2022/08/18, 19:53:01.807, 1663905307984, vstest.console.dll, DotnetTestHostManager: testhost.exe found at path: C:\Source\Primo\test\Primo.UnitTests\bin\Debug\net6.0\fine-code-coverage\build-output\testhost.exe
TpTrace Verbose: 0 : 16644, 7, 2022/08/18, 19:53:01.807, 1663905308260, vstest.console.dll, DotnetTestHostmanager: Full path of host exe is C:\Source\Primo\test\Primo.UnitTests\bin\Debug\net6.0\fine-code-coverage\build-output\testhost.exe
TpTrace Verbose: 0 : 16644, 7, 2022/08/18, 19:53:01.808, 1663905309103, vstest.console.dll, DotnetTestHostmanager.LaunchTestHostAsync: Found 'VSTEST_WINAPPHOST_DOTNET_ROOT' in env variables, value 'C:\Program Files\dotnet', forwarding to 'DOTNET_ROOT'
TpTrace Verbose: 0 : 16644, 7, 2022/08/18, 19:53:01.808, 1663905310212, vstest.console.dll, DotnetTestHostManager: Starting process 'C:\Source\Primo\test\Primo.UnitTests\bin\Debug\net6.0\fine-code-coverage\build-output\testhost.exe' with command line ' --runtimeconfig "C:\Source\Primo\test\Primo.UnitTests\bin\Debug\net6.0\fine-code-coverage\build-output\Primo.UnitTests.runtimeconfig.json" --depsfile "C:\Source\Primo\test\Primo.UnitTests\bin\Debug\net6.0\fine-code-coverage\build-output\Primo.UnitTests.deps.json" --port 53175 --endpoint 127.0.0.1:053175 --role client --parentprocessid 16644 --diag "C:\Source\Primo\test\Primo.UnitTests\bin\Debug\net6.0\fine-code-coverage\coverage-tool-output\diagnostics.host.22-08-18_19-53-01_80710_7.log" --tracelevel 4 --datacollectionport 53174 --telemetryoptedin false'
TpTrace Verbose: 0 : 16644, 7, 2022/08/18, 19:53:01.813, 1663905364606, vstest.console.dll, MulticastDelegateUtilities.SafeInvoke: HostProviderEvents.OnHostLaunched: Invoking callback 1/2 for Microsoft.VisualStudio.TestPlatform.CrossPlatEngine.Client.ProxyExecutionManagerWithDataCollection.TestHostLaunchedHandler, took 1 ms.
TpTrace Verbose: 0 : 16644, 7, 2022/08/18, 19:53:01.813, 1663905365654, vstest.console.dll, Test Runtime launched
TpTrace Verbose: 0 : 16644, 7, 2022/08/18, 19:53:01.813, 1663905365913, vstest.console.dll, MulticastDelegateUtilities.SafeInvoke: HostProviderEvents.OnHostLaunched: Invoking callback 2/2 for Microsoft.VisualStudio.TestPlatform.CrossPlatEngine.Client.ProxyOperationManager.TestHostManagerHostLaunched, took 0 ms.
TpTrace Verbose: 0 : 16644, 7, 2022/08/18, 19:53:01.813, 1663905366974, vstest.console.dll, TestRequestSender.WaitForRequestHandlerConnection: waiting for connection with timeout: 90000.
TpTrace Verbose: 0 : 16644, 7, 2022/08/18, 19:53:01.924, 1663906477552, vstest.console.dll, TestRequestSender.WaitForRequestHandlerConnection: waiting took 111 ms, with timeout 90000 ms, and result 0, which is success.
TpTrace Verbose: 0 : 16644, 13, 2022/08/18, 19:53:01.924, 1663906477570, vstest.console.dll, MulticastDelegateUtilities.SafeInvoke: SocketServer: ClientConnected: Invoking callback 1/1 for Microsoft.VisualStudio.TestPlatform.CommunicationUtilities.TestRequestSender.<InitializeCommunication>b__24_0, took 0 ms.
TpTrace Verbose: 0 : 16644, 13, 2022/08/18, 19:53:01.925, 1663906479604, vstest.console.dll, SocketServer.OnClientConnected: Client connected for endPoint: 127.0.0.1:53175, starting MessageLoopAsync:
TpTrace Verbose: 0 : 16644, 10, 2022/08/18, 19:53:01.925, 1663906484059, vstest.console.dll, TcpClientExtensions.MessageLoopAsync: Polling on remoteEndPoint: 127.0.0.1:53176 localEndPoint: 127.0.0.1:53175
TpTrace Verbose: 0 : 16644, 7, 2022/08/18, 19:53:01.925, 1663906488487, vstest.console.dll, TestRequestSender.CheckVersionWithTestHost: Sending check version message: {"MessageType":"ProtocolVersion","Payload":7}
TpTrace Verbose: 0 : 16644, 10, 2022/08/18, 19:53:02.043, 1663907664072, vstest.console.dll, TcpClientExtensions.MessageLoopAsync: NotifyDataAvailable remoteEndPoint: 127.0.0.1:53176 localEndPoint: 127.0.0.1:53175
TpTrace Verbose: 0 : 16644, 10, 2022/08/18, 19:53:02.043, 1663907667608, vstest.console.dll, TestRequestSender.CheckVersionWithTestHost: onMessageReceived received message: (ProtocolVersion) -> {"MessageType":"ProtocolVersion","Payload":5}
TpTrace Verbose: 0 : 16644, 10, 2022/08/18, 19:53:02.044, 1663907677928, vstest.console.dll, MulticastDelegateUtilities.SafeInvoke: LengthPrefixCommunicationChannel: MessageReceived: Invoking callback 1/1 for Microsoft.VisualStudio.TestPlatform.CommunicationUtilities.TestRequestSender+<>c__DisplayClass26_0.<CheckVersionWithTestHost>b__0, took 1 ms.
TpTrace Verbose: 0 : 16644, 7, 2022/08/18, 19:53:02.045, 1663907679065, vstest.console.dll, TestPluginCache.GetExtensionPaths: Filtered extension paths: 
TpTrace Verbose: 0 : 16644, 10, 2022/08/18, 19:53:02.045, 1663907679319, vstest.console.dll, TcpClientExtensions.MessageLoopAsync: Polling on remoteEndPoint: 127.0.0.1:53176 localEndPoint: 127.0.0.1:53175
TpTrace Verbose: 0 : 16644, 7, 2022/08/18, 19:53:02.045, 1663907680691, vstest.console.dll, TestPluginCache.GetExtensionPaths: Added default extension paths: C:\Program Files\dotnet\sdk\6.0.400\Extensions\Microsoft.Diagnostics.NETCore.Client.dll
C:\Program Files\dotnet\sdk\6.0.400\Extensions\Microsoft.TestPlatform.Extensions.BlameDataCollector.dll
C:\Program Files\dotnet\sdk\6.0.400\Extensions\Microsoft.TestPlatform.Extensions.EventLogCollector.dll
C:\Program Files\dotnet\sdk\6.0.400\Extensions\Microsoft.TestPlatform.TestHostRuntimeProvider.dll
C:\Program Files\dotnet\sdk\6.0.400\Extensions\Microsoft.VisualStudio.TestPlatform.Extensions.Html.TestLogger.dll
C:\Program Files\dotnet\sdk\6.0.400\Extensions\Microsoft.VisualStudio.TestPlatform.Extensions.Trx.TestLogger.dll
TpTrace Verbose: 0 : 16644, 7, 2022/08/18, 19:53:02.045, 1663907682215, vstest.console.dll, TestPluginCache.GetExtensionPaths: Added unfilterableExtensionPaths: 
TpTrace Verbose: 0 : 16644, 7, 2022/08/18, 19:53:02.048, 1663907714495, vstest.console.dll, TestRequestSender.InitializeExecution: Sending initialize execution with message: {"Version":5,"MessageType":"TestExecution.Initialize","Payload":["C:\\Source\\Primo\\test\\Primo.UnitTests\\bin\\Debug\\net6.0\\fine-code-coverage\\build-output\\xunit.runner.visualstudio.dotnetcore.testadapter.dll"]}
TpTrace Warning: 0 : 16644, 7, 2022/08/18, 19:53:02.048, 1663907718076, vstest.console.dll, InferRunSettingsHelper.MakeRunsettingsCompatible: Removing the following settings: TargetPlatform from RunSettings file. To use those settings please move to latest version of Microsoft.NET.Test.Sdk
TpTrace Verbose: 0 : 16644, 10, 2022/08/18, 19:53:02.051, 1663907741032, vstest.console.dll, TcpClientExtensions.MessageLoopAsync: NotifyDataAvailable remoteEndPoint: 127.0.0.1:53176 localEndPoint: 127.0.0.1:53175
TpTrace Verbose: 0 : 16644, 10, 2022/08/18, 19:53:02.051, 1663907742199, vstest.console.dll, TestRequestSender.OnExecutionMessageReceived: Received message: {"Version":5,"MessageType":"TestSession.Message","Payload":{"MessageLevel":0,"Message":"Logging TestHost Diagnostics in file: C:\\Source\\Primo\\test\\Primo.UnitTests\\bin\\Debug\\net6.0\\fine-code-coverage\\coverage-tool-output\\diagnostics.host.22-08-18_19-53-01_80710_7.log"}}
TpTrace Verbose: 0 : 16644, 10, 2022/08/18, 19:53:02.053, 1663907764206, vstest.console.dll, TestRunRequest:SendTestRunMessage: Starting.
TpTrace Verbose: 0 : 16644, 10, 2022/08/18, 19:53:02.053, 1663907765773, vstest.console.dll, MulticastDelegateUtilities.SafeInvoke: TestRun.LogMessages: Invoking callback 1/1 for Microsoft.VisualStudio.TestPlatform.CommandLine.TestRunResultAggregator.TestRunMessageHandler, took 0 ms.
TpTrace Information: 0 : 16644, 10, 2022/08/18, 19:53:02.053, 1663907766017, vstest.console.dll, TestRunRequest:SendTestRunMessage: Completed.
TpTrace Verbose: 0 : 16644, 10, 2022/08/18, 19:53:02.053, 1663907766384, vstest.console.dll, MulticastDelegateUtilities.SafeInvoke: LengthPrefixCommunicationChannel: MessageReceived: Invoking callback 1/1 for Microsoft.VisualStudio.TestPlatform.CommunicationUtilities.TestRequestSender+<>c__DisplayClass31_0.<StartTestRun>b__1, took 2 ms.
TpTrace Verbose: 0 : 16644, 10, 2022/08/18, 19:53:02.053, 1663907766597, vstest.console.dll, TcpClientExtensions.MessageLoopAsync: Polling on remoteEndPoint: 127.0.0.1:53176 localEndPoint: 127.0.0.1:53175
TpTrace Verbose: 0 : 16644, 4, 2022/08/18, 19:53:02.053, 1663907766460, vstest.console.dll, MulticastDelegateUtilities.SafeInvoke: InternalTestLoggerEvents.SendTestRunMessage: Invoking callback 1/1 for Microsoft.VisualStudio.TestPlatform.CommandLine.Internal.ConsoleLogger.TestMessageHandler, took 0 ms.
TpTrace Verbose: 0 : 16644, 7, 2022/08/18, 19:53:02.055, 1663907787515, vstest.console.dll, TestRequestSender.StartTestRun: Sending test run with message: {"Version":5,"MessageType":"TestExecution.StartWithSources","Payload":{"AdapterSourceMap":{"_none_":["C:\\Source\\Primo\\test\\Primo.UnitTests\\bin\\Debug\\net6.0\\fine-code-coverage\\build-output\\Primo.UnitTests.dll"]},"RunSettings":"<RunSettings>\r\n  <RunConfiguration>\r\n    <ResultsDirectory>C:\\Source\\Primo\\test\\Primo.UnitTests\\bin\\Debug\\net6.0\\fine-code-coverage\\coverage-tool-output</ResultsDirectory>\r\n    <TargetFrameworkVersion>.NETCoreApp,Version=v6.0</TargetFrameworkVersion>\r\n    <DesignMode>False</DesignMode>\r\n    <CollectSourceInformation>False</CollectSourceInformation>\r\n  </RunConfiguration>\r\n  <LoggerRunSettings>\r\n    <Loggers>\r\n      <Logger friendlyName=\"blame\" enabled=\"True\" />\r\n      <Logger friendlyName=\"Console\" uri=\"logger://microsoft/TestPlatform/ConsoleLogger/v1\" assemblyQualifiedName=\"Microsoft.VisualStudio.TestPlatform.CommandLine.Internal.ConsoleLogger, vstest.console, Version=15.0.0.0, Culture=neutral, PublicKeyToken=b03f5f7f11d50a3a\" codeBase=\"C:\\Program Files\\dotnet\\sdk\\6.0.400\\vstest.console.dll\" enabled=\"True\" />\r\n    </Loggers>\r\n  </LoggerRunSettings>\r\n  <DataCollectionRunSettings>\r\n    <DataCollectors>\r\n      <DataCollector friendlyName=\"blame\" enabled=\"True\">\r\n        <Configuration>\r\n          <ResultsDirectory>C:\\Source\\Primo\\test\\Primo.UnitTests\\bin\\Debug\\net6.0\\fine-code-coverage\\coverage-tool-output</ResultsDirectory>\r\n        </Configuration>\r\n      </DataCollector>\r\n    </DataCollectors>\r\n  </DataCollectionRunSettings>\r\n</RunSettings>","TestExecutionContext":{"FrequencyOfRunStatsChangeEvent":10,"RunStatsChangeEventTimeout":"00:00:01.5000000","InIsolation":false,"KeepAlive":false,"AreTestCaseLevelEventsRequired":false,"IsDebug":false,"TestCaseFilter":null,"FilterOptions":null},"Package":null}}
TpTrace Verbose: 0 : 16644, 10, 2022/08/18, 19:53:02.178, 1663909016699, vstest.console.dll, TcpClientExtensions.MessageLoopAsync: NotifyDataAvailable remoteEndPoint: 127.0.0.1:53176 localEndPoint: 127.0.0.1:53175
TpTrace Verbose: 0 : 16644, 10, 2022/08/18, 19:53:02.178, 1663909018467, vstest.console.dll, TestRequestSender.OnExecutionMessageReceived: Received message: {"Version":5,"MessageType":"TestSession.Message","Payload":{"MessageLevel":0,"Message":"[xUnit.net 00:00:00.00] xUnit.net VSTest Adapter v2.4.3+1b45f5407b (64-bit .NET 6.0.8)"}}
TpTrace Verbose: 0 : 16644, 10, 2022/08/18, 19:53:02.179, 1663909019867, vstest.console.dll, TestRunRequest:SendTestRunMessage: Starting.
TpTrace Verbose: 0 : 16644, 10, 2022/08/18, 19:53:02.179, 1663909020282, vstest.console.dll, MulticastDelegateUtilities.SafeInvoke: TestRun.LogMessages: Invoking callback 1/1 for Microsoft.VisualStudio.TestPlatform.CommandLine.TestRunResultAggregator.TestRunMessageHandler, took 0 ms.
TpTrace Information: 0 : 16644, 10, 2022/08/18, 19:53:02.179, 1663909020509, vstest.console.dll, TestRunRequest:SendTestRunMessage: Completed.
TpTrace Verbose: 0 : 16644, 10, 2022/08/18, 19:53:02.179, 1663909020696, vstest.console.dll, MulticastDelegateUtilities.SafeInvoke: LengthPrefixCommunicationChannel: MessageReceived: Invoking callback 1/1 for Microsoft.VisualStudio.TestPlatform.CommunicationUtilities.TestRequestSender+<>c__DisplayClass31_0.<StartTestRun>b__1, took 0 ms.
TpTrace Verbose: 0 : 16644, 4, 2022/08/18, 19:53:02.179, 1663909020815, vstest.console.dll, MulticastDelegateUtilities.SafeInvoke: InternalTestLoggerEvents.SendTestRunMessage: Invoking callback 1/1 for Microsoft.VisualStudio.TestPlatform.CommandLine.Internal.ConsoleLogger.TestMessageHandler, took 0 ms.
TpTrace Verbose: 0 : 16644, 10, 2022/08/18, 19:53:02.179, 1663909020992, vstest.console.dll, TcpClientExtensions.MessageLoopAsync: Polling on remoteEndPoint: 127.0.0.1:53176 localEndPoint: 127.0.0.1:53175
TpTrace Verbose: 0 : 16644, 10, 2022/08/18, 19:53:02.484, 1663912073797, vstest.console.dll, TcpClientExtensions.MessageLoopAsync: NotifyDataAvailable remoteEndPoint: 127.0.0.1:53176 localEndPoint: 127.0.0.1:53175
TpTrace Verbose: 0 : 16644, 10, 2022/08/18, 19:53:02.484, 1663912075912, vstest.console.dll, TestRequestSender.OnExecutionMessageReceived: Received message: {"Version":5,"MessageType":"TestSession.Message","Payload":{"MessageLevel":0,"Message":"[xUnit.net 00:00:00.31]   Discovering: Primo.UnitTests"}}
TpTrace Verbose: 0 : 16644, 10, 2022/08/18, 19:53:02.484, 1663912077818, vstest.console.dll, TestRunRequest:SendTestRunMessage: Starting.
TpTrace Verbose: 0 : 16644, 10, 2022/08/18, 19:53:02.484, 1663912078717, vstest.console.dll, MulticastDelegateUtilities.SafeInvoke: TestRun.LogMessages: Invoking callback 1/1 for Microsoft.VisualStudio.TestPlatform.CommandLine.TestRunResultAggregator.TestRunMessageHandler, took 0 ms.
TpTrace Information: 0 : 16644, 10, 2022/08/18, 19:53:02.485, 1663912079268, vstest.console.dll, TestRunRequest:SendTestRunMessage: Completed.
TpTrace Verbose: 0 : 16644, 4, 2022/08/18, 19:53:02.485, 1663912079442, vstest.console.dll, MulticastDelegateUtilities.SafeInvoke: InternalTestLoggerEvents.SendTestRunMessage: Invoking callback 1/1 for Microsoft.VisualStudio.TestPlatform.CommandLine.Internal.ConsoleLogger.TestMessageHandler, took 0 ms.
TpTrace Verbose: 0 : 16644, 10, 2022/08/18, 19:53:02.485, 1663912080552, vstest.console.dll, MulticastDelegateUtilities.SafeInvoke: LengthPrefixCommunicationChannel: MessageReceived: Invoking callback 1/1 for Microsoft.VisualStudio.TestPlatform.CommunicationUtilities.TestRequestSender+<>c__DisplayClass31_0.<StartTestRun>b__1, took 0 ms.
TpTrace Verbose: 0 : 16644, 10, 2022/08/18, 19:53:02.485, 1663912083122, vstest.console.dll, TcpClientExtensions.MessageLoopAsync: Polling on remoteEndPoint: 127.0.0.1:53176 localEndPoint: 127.0.0.1:53175
TpTrace Verbose: 0 : 16644, 10, 2022/08/18, 19:53:02.527, 1663912502719, vstest.console.dll, TcpClientExtensions.MessageLoopAsync: NotifyDataAvailable remoteEndPoint: 127.0.0.1:53176 localEndPoint: 127.0.0.1:53175
TpTrace Verbose: 0 : 16644, 10, 2022/08/18, 19:53:02.527, 1663912504957, vstest.console.dll, TestRequestSender.OnExecutionMessageReceived: Received message: {"Version":5,"MessageType":"TestSession.Message","Payload":{"MessageLevel":0,"Message":"[xUnit.net 00:00:00.35]   Discovered:  Primo.UnitTests"}}
TpTrace Verbose: 0 : 16644, 10, 2022/08/18, 19:53:02.527, 1663912506422, vstest.console.dll, TestRunRequest:SendTestRunMessage: Starting.
TpTrace Verbose: 0 : 16644, 10, 2022/08/18, 19:53:02.527, 1663912506806, vstest.console.dll, MulticastDelegateUtilities.SafeInvoke: TestRun.LogMessages: Invoking callback 1/1 for Microsoft.VisualStudio.TestPlatform.CommandLine.TestRunResultAggregator.TestRunMessageHandler, took 0 ms.
TpTrace Information: 0 : 16644, 10, 2022/08/18, 19:53:02.527, 1663912506981, vstest.console.dll, TestRunRequest:SendTestRunMessage: Completed.
TpTrace Verbose: 0 : 16644, 10, 2022/08/18, 19:53:02.527, 1663912507181, vstest.console.dll, MulticastDelegateUtilities.SafeInvoke: LengthPrefixCommunicationChannel: MessageReceived: Invoking callback 1/1 for Microsoft.VisualStudio.TestPlatform.CommunicationUtilities.TestRequestSender+<>c__DisplayClass31_0.<StartTestRun>b__1, took 0 ms.
TpTrace Verbose: 0 : 16644, 10, 2022/08/18, 19:53:02.527, 1663912507428, vstest.console.dll, TcpClientExtensions.MessageLoopAsync: Polling on remoteEndPoint: 127.0.0.1:53176 localEndPoint: 127.0.0.1:53175
TpTrace Verbose: 0 : 16644, 4, 2022/08/18, 19:53:02.527, 1663912507395, vstest.console.dll, MulticastDelegateUtilities.SafeInvoke: InternalTestLoggerEvents.SendTestRunMessage: Invoking callback 1/1 for Microsoft.VisualStudio.TestPlatform.CommandLine.Internal.ConsoleLogger.TestMessageHandler, took 0 ms.
TpTrace Verbose: 0 : 16644, 10, 2022/08/18, 19:53:02.529, 1663912519750, vstest.console.dll, TcpClientExtensions.MessageLoopAsync: NotifyDataAvailable remoteEndPoint: 127.0.0.1:53176 localEndPoint: 127.0.0.1:53175
TpTrace Verbose: 0 : 16644, 10, 2022/08/18, 19:53:02.529, 1663912521534, vstest.console.dll, TestRequestSender.OnExecutionMessageReceived: Received message: {"Version":5,"MessageType":"TestSession.Message","Payload":{"MessageLevel":0,"Message":"[xUnit.net 00:00:00.35]   Starting:    Primo.UnitTests"}}
TpTrace Verbose: 0 : 16644, 10, 2022/08/18, 19:53:02.529, 1663912523109, vstest.console.dll, TestRunRequest:SendTestRunMessage: Starting.
TpTrace Verbose: 0 : 16644, 10, 2022/08/18, 19:53:02.529, 1663912523953, vstest.console.dll, MulticastDelegateUtilities.SafeInvoke: TestRun.LogMessages: Invoking callback 1/1 for Microsoft.VisualStudio.TestPlatform.CommandLine.TestRunResultAggregator.TestRunMessageHandler, took 0 ms.
TpTrace Verbose: 0 : 16644, 4, 2022/08/18, 19:53:02.529, 1663912524309, vstest.console.dll, MulticastDelegateUtilities.SafeInvoke: InternalTestLoggerEvents.SendTestRunMessage: Invoking callback 1/1 for Microsoft.VisualStudio.TestPlatform.CommandLine.Internal.ConsoleLogger.TestMessageHandler, took 0 ms.
TpTrace Information: 0 : 16644, 10, 2022/08/18, 19:53:02.529, 1663912524471, vstest.console.dll, TestRunRequest:SendTestRunMessage: Completed.
TpTrace Verbose: 0 : 16644, 10, 2022/08/18, 19:53:02.529, 1663912525936, vstest.console.dll, MulticastDelegateUtilities.SafeInvoke: LengthPrefixCommunicationChannel: MessageReceived: Invoking callback 1/1 for Microsoft.VisualStudio.TestPlatform.CommunicationUtilities.TestRequestSender+<>c__DisplayClass31_0.<StartTestRun>b__1, took 0 ms.
TpTrace Verbose: 0 : 16644, 10, 2022/08/18, 19:53:02.529, 1663912526198, vstest.console.dll, TcpClientExtensions.MessageLoopAsync: Polling on remoteEndPoint: 127.0.0.1:53176 localEndPoint: 127.0.0.1:53175
TpTrace Verbose: 0 : 16644, 10, 2022/08/18, 19:53:02.595, 1663913188061, vstest.console.dll, TcpClientExtensions.MessageLoopAsync: NotifyDataAvailable remoteEndPoint: 127.0.0.1:53176 localEndPoint: 127.0.0.1:53175
TpTrace Verbose: 0 : 16644, 10, 2022/08/18, 19:53:02.596, 1663913189265, vstest.console.dll, TestRequestSender.OnExecutionMessageReceived: Received message: {"Version":5,"MessageType":"TestSession.Message","Payload":{"MessageLevel":2,"Message":"[xUnit.net 00:00:00.42]     Verifica se o número é primo tudo certo retorna verdadeiro(numero: 5) [FAIL]"}}
TpTrace Verbose: 0 : 16644, 10, 2022/08/18, 19:53:02.596, 1663913190301, vstest.console.dll, TestRunRequest:SendTestRunMessage: Starting.
TpTrace Verbose: 0 : 16644, 10, 2022/08/18, 19:53:02.596, 1663913190754, vstest.console.dll, MulticastDelegateUtilities.SafeInvoke: TestRun.LogMessages: Invoking callback 1/1 for Microsoft.VisualStudio.TestPlatform.CommandLine.TestRunResultAggregator.TestRunMessageHandler, took 0 ms.
TpTrace Information: 0 : 16644, 10, 2022/08/18, 19:53:02.596, 1663913190935, vstest.console.dll, TestRunRequest:SendTestRunMessage: Completed.
TpTrace Verbose: 0 : 16644, 10, 2022/08/18, 19:53:02.596, 1663913191137, vstest.console.dll, MulticastDelegateUtilities.SafeInvoke: LengthPrefixCommunicationChannel: MessageReceived: Invoking callback 1/1 for Microsoft.VisualStudio.TestPlatform.CommunicationUtilities.TestRequestSender+<>c__DisplayClass31_0.<StartTestRun>b__1, took 0 ms.
TpTrace Verbose: 0 : 16644, 10, 2022/08/18, 19:53:02.596, 1663913191564, vstest.console.dll, TcpClientExtensions.MessageLoopAsync: Polling on remoteEndPoint: 127.0.0.1:53176 localEndPoint: 127.0.0.1:53175
TpTrace Verbose: 0 : 16644, 4, 2022/08/18, 19:53:02.596, 1663913192677, vstest.console.dll, MulticastDelegateUtilities.SafeInvoke: InternalTestLoggerEvents.SendTestRunMessage: Invoking callback 1/1 for Microsoft.VisualStudio.TestPlatform.CommandLine.Internal.ConsoleLogger.TestMessageHandler, took 0 ms.
TpTrace Verbose: 0 : 16644, 10, 2022/08/18, 19:53:02.596, 1663913196555, vstest.console.dll, TcpClientExtensions.MessageLoopAsync: NotifyDataAvailable remoteEndPoint: 127.0.0.1:53176 localEndPoint: 127.0.0.1:53175
TpTrace Verbose: 0 : 16644, 10, 2022/08/18, 19:53:02.596, 1663913197472, vstest.console.dll, TestRequestSender.OnExecutionMessageReceived: Received message: {"Version":5,"MessageType":"TestSession.Message","Payload":{"MessageLevel":0,"Message":"[xUnit.net 00:00:00.42]       Assert.True() Failure"}}
TpTrace Verbose: 0 : 16644, 10, 2022/08/18, 19:53:02.596, 1663913198440, vstest.console.dll, TestRunRequest:SendTestRunMessage: Starting.
TpTrace Verbose: 0 : 16644, 10, 2022/08/18, 19:53:02.596, 1663913198810, vstest.console.dll, MulticastDelegateUtilities.SafeInvoke: TestRun.LogMessages: Invoking callback 1/1 for Microsoft.VisualStudio.TestPlatform.CommandLine.TestRunResultAggregator.TestRunMessageHandler, took 0 ms.
TpTrace Information: 0 : 16644, 10, 2022/08/18, 19:53:02.596, 1663913198995, vstest.console.dll, TestRunRequest:SendTestRunMessage: Completed.
TpTrace Verbose: 0 : 16644, 10, 2022/08/18, 19:53:02.597, 1663913199181, vstest.console.dll, MulticastDelegateUtilities.SafeInvoke: LengthPrefixCommunicationChannel: MessageReceived: Invoking callback 1/1 for Microsoft.VisualStudio.TestPlatform.CommunicationUtilities.TestRequestSender+<>c__DisplayClass31_0.<StartTestRun>b__1, took 0 ms.
TpTrace Verbose: 0 : 16644, 4, 2022/08/18, 19:53:02.597, 1663913199190, vstest.console.dll, MulticastDelegateUtilities.SafeInvoke: InternalTestLoggerEvents.SendTestRunMessage: Invoking callback 1/1 for Microsoft.VisualStudio.TestPlatform.CommandLine.Internal.ConsoleLogger.TestMessageHandler, took 0 ms.
TpTrace Verbose: 0 : 16644, 10, 2022/08/18, 19:53:02.597, 1663913199445, vstest.console.dll, TcpClientExtensions.MessageLoopAsync: Polling on remoteEndPoint: 127.0.0.1:53176 localEndPoint: 127.0.0.1:53175
TpTrace Verbose: 0 : 16644, 10, 2022/08/18, 19:53:02.597, 1663913200784, vstest.console.dll, TcpClientExtensions.MessageLoopAsync: NotifyDataAvailable remoteEndPoint: 127.0.0.1:53176 localEndPoint: 127.0.0.1:53175
TpTrace Verbose: 0 : 16644, 10, 2022/08/18, 19:53:02.597, 1663913201244, vstest.console.dll, TestRequestSender.OnExecutionMessageReceived: Received message: {"Version":5,"MessageType":"TestSession.Message","Payload":{"MessageLevel":0,"Message":"[xUnit.net 00:00:00.42]       Expected: True"}}
TpTrace Verbose: 0 : 16644, 10, 2022/08/18, 19:53:02.597, 1663913202257, vstest.console.dll, TestRunRequest:SendTestRunMessage: Starting.
TpTrace Verbose: 0 : 16644, 10, 2022/08/18, 19:53:02.597, 1663913202628, vstest.console.dll, MulticastDelegateUtilities.SafeInvoke: TestRun.LogMessages: Invoking callback 1/1 for Microsoft.VisualStudio.TestPlatform.CommandLine.TestRunResultAggregator.TestRunMessageHandler, took 0 ms.
TpTrace Verbose: 0 : 16644, 4, 2022/08/18, 19:53:02.597, 1663913202753, vstest.console.dll, MulticastDelegateUtilities.SafeInvoke: InternalTestLoggerEvents.SendTestRunMessage: Invoking callback 1/1 for Microsoft.VisualStudio.TestPlatform.CommandLine.Internal.ConsoleLogger.TestMessageHandler, took 0 ms.
TpTrace Information: 0 : 16644, 10, 2022/08/18, 19:53:02.597, 1663913202812, vstest.console.dll, TestRunRequest:SendTestRunMessage: Completed.
TpTrace Verbose: 0 : 16644, 10, 2022/08/18, 19:53:02.597, 1663913203448, vstest.console.dll, MulticastDelegateUtilities.SafeInvoke: LengthPrefixCommunicationChannel: MessageReceived: Invoking callback 1/1 for Microsoft.VisualStudio.TestPlatform.CommunicationUtilities.TestRequestSender+<>c__DisplayClass31_0.<StartTestRun>b__1, took 0 ms.
TpTrace Verbose: 0 : 16644, 10, 2022/08/18, 19:53:02.597, 1663913203746, vstest.console.dll, TcpClientExtensions.MessageLoopAsync: Polling on remoteEndPoint: 127.0.0.1:53176 localEndPoint: 127.0.0.1:53175
TpTrace Verbose: 0 : 16644, 10, 2022/08/18, 19:53:02.597, 1663913203998, vstest.console.dll, TcpClientExtensions.MessageLoopAsync: NotifyDataAvailable remoteEndPoint: 127.0.0.1:53176 localEndPoint: 127.0.0.1:53175
TpTrace Verbose: 0 : 16644, 10, 2022/08/18, 19:53:02.597, 1663913204304, vstest.console.dll, TestRequestSender.OnExecutionMessageReceived: Received message: {"Version":5,"MessageType":"TestSession.Message","Payload":{"MessageLevel":0,"Message":"[xUnit.net 00:00:00.42]       Actual:   False"}}
TpTrace Verbose: 0 : 16644, 10, 2022/08/18, 19:53:02.597, 1663913204788, vstest.console.dll, TestRunRequest:SendTestRunMessage: Starting.
TpTrace Verbose: 0 : 16644, 10, 2022/08/18, 19:53:02.597, 1663913205063, vstest.console.dll, MulticastDelegateUtilities.SafeInvoke: TestRun.LogMessages: Invoking callback 1/1 for Microsoft.VisualStudio.TestPlatform.CommandLine.TestRunResultAggregator.TestRunMessageHandler, took 0 ms.
TpTrace Verbose: 0 : 16644, 4, 2022/08/18, 19:53:02.597, 1663913205201, vstest.console.dll, MulticastDelegateUtilities.SafeInvoke: InternalTestLoggerEvents.SendTestRunMessage: Invoking callback 1/1 for Microsoft.VisualStudio.TestPlatform.CommandLine.Internal.ConsoleLogger.TestMessageHandler, took 0 ms.
TpTrace Information: 0 : 16644, 10, 2022/08/18, 19:53:02.597, 1663913205231, vstest.console.dll, TestRunRequest:SendTestRunMessage: Completed.
TpTrace Verbose: 0 : 16644, 10, 2022/08/18, 19:53:02.597, 1663913205910, vstest.console.dll, MulticastDelegateUtilities.SafeInvoke: LengthPrefixCommunicationChannel: MessageReceived: Invoking callback 1/1 for Microsoft.VisualStudio.TestPlatform.CommunicationUtilities.TestRequestSender+<>c__DisplayClass31_0.<StartTestRun>b__1, took 0 ms.
TpTrace Verbose: 0 : 16644, 10, 2022/08/18, 19:53:02.597, 1663913206193, vstest.console.dll, TcpClientExtensions.MessageLoopAsync: Polling on remoteEndPoint: 127.0.0.1:53176 localEndPoint: 127.0.0.1:53175
TpTrace Verbose: 0 : 16644, 10, 2022/08/18, 19:53:02.597, 1663913206425, vstest.console.dll, TcpClientExtensions.MessageLoopAsync: NotifyDataAvailable remoteEndPoint: 127.0.0.1:53176 localEndPoint: 127.0.0.1:53175
TpTrace Verbose: 0 : 16644, 10, 2022/08/18, 19:53:02.597, 1663913206790, vstest.console.dll, TestRequestSender.OnExecutionMessageReceived: Received message: {"Version":5,"MessageType":"TestSession.Message","Payload":{"MessageLevel":0,"Message":"[xUnit.net 00:00:00.42]       Stack Trace:"}}
TpTrace Verbose: 0 : 16644, 10, 2022/08/18, 19:53:02.597, 1663913207340, vstest.console.dll, TestRunRequest:SendTestRunMessage: Starting.
TpTrace Verbose: 0 : 16644, 10, 2022/08/18, 19:53:02.597, 1663913207631, vstest.console.dll, MulticastDelegateUtilities.SafeInvoke: TestRun.LogMessages: Invoking callback 1/1 for Microsoft.VisualStudio.TestPlatform.CommandLine.TestRunResultAggregator.TestRunMessageHandler, took 0 ms.
TpTrace Information: 0 : 16644, 10, 2022/08/18, 19:53:02.597, 1663913207863, vstest.console.dll, TestRunRequest:SendTestRunMessage: Completed.
TpTrace Verbose: 0 : 16644, 4, 2022/08/18, 19:53:02.597, 1663913207985, vstest.console.dll, MulticastDelegateUtilities.SafeInvoke: InternalTestLoggerEvents.SendTestRunMessage: Invoking callback 1/1 for Microsoft.VisualStudio.TestPlatform.CommandLine.Internal.ConsoleLogger.TestMessageHandler, took 0 ms.
TpTrace Verbose: 0 : 16644, 10, 2022/08/18, 19:53:02.597, 1663913208056, vstest.console.dll, MulticastDelegateUtilities.SafeInvoke: LengthPrefixCommunicationChannel: MessageReceived: Invoking callback 1/1 for Microsoft.VisualStudio.TestPlatform.CommunicationUtilities.TestRequestSender+<>c__DisplayClass31_0.<StartTestRun>b__1, took 0 ms.
TpTrace Verbose: 0 : 16644, 10, 2022/08/18, 19:53:02.597, 1663913208991, vstest.console.dll, TcpClientExtensions.MessageLoopAsync: Polling on remoteEndPoint: 127.0.0.1:53176 localEndPoint: 127.0.0.1:53175
TpTrace Verbose: 0 : 16644, 10, 2022/08/18, 19:53:02.599, 1663913219253, vstest.console.dll, TcpClientExtensions.MessageLoopAsync: NotifyDataAvailable remoteEndPoint: 127.0.0.1:53176 localEndPoint: 127.0.0.1:53175
TpTrace Verbose: 0 : 16644, 10, 2022/08/18, 19:53:02.599, 1663913220000, vstest.console.dll, TestRequestSender.OnExecutionMessageReceived: Received message: {"Version":5,"MessageType":"TestSession.Message","Payload":{"MessageLevel":0,"Message":"[xUnit.net 00:00:00.42]         C:\\Source\\Primo\\test\\Primo.UnitTests\\PrimoClassTest.cs(23,0): at Primo.UnitTests.PrimoClassTest.CheckPrimo_Okay_RetornTrue(Double numero)"}}
TpTrace Verbose: 0 : 16644, 10, 2022/08/18, 19:53:02.599, 1663913220787, vstest.console.dll, TestRunRequest:SendTestRunMessage: Starting.
TpTrace Verbose: 0 : 16644, 10, 2022/08/18, 19:53:02.599, 1663913221137, vstest.console.dll, MulticastDelegateUtilities.SafeInvoke: TestRun.LogMessages: Invoking callback 1/1 for Microsoft.VisualStudio.TestPlatform.CommandLine.TestRunResultAggregator.TestRunMessageHandler, took 0 ms.
TpTrace Information: 0 : 16644, 10, 2022/08/18, 19:53:02.599, 1663913221357, vstest.console.dll, TestRunRequest:SendTestRunMessage: Completed.
TpTrace Verbose: 0 : 16644, 10, 2022/08/18, 19:53:02.599, 1663913221524, vstest.console.dll, MulticastDelegateUtilities.SafeInvoke: LengthPrefixCommunicationChannel: MessageReceived: Invoking callback 1/1 for Microsoft.VisualStudio.TestPlatform.CommunicationUtilities.TestRequestSender+<>c__DisplayClass31_0.<StartTestRun>b__1, took 0 ms.
TpTrace Verbose: 0 : 16644, 10, 2022/08/18, 19:53:02.599, 1663913221710, vstest.console.dll, TcpClientExtensions.MessageLoopAsync: Polling on remoteEndPoint: 127.0.0.1:53176 localEndPoint: 127.0.0.1:53175
TpTrace Verbose: 0 : 16644, 4, 2022/08/18, 19:53:02.599, 1663913221628, vstest.console.dll, MulticastDelegateUtilities.SafeInvoke: InternalTestLoggerEvents.SendTestRunMessage: Invoking callback 1/1 for Microsoft.VisualStudio.TestPlatform.CommandLine.Internal.ConsoleLogger.TestMessageHandler, took 0 ms.
TpTrace Verbose: 0 : 16644, 10, 2022/08/18, 19:53:02.617, 1663913399528, vstest.console.dll, TcpClientExtensions.MessageLoopAsync: NotifyDataAvailable remoteEndPoint: 127.0.0.1:53176 localEndPoint: 127.0.0.1:53175
TpTrace Verbose: 0 : 16644, 10, 2022/08/18, 19:53:02.617, 1663913401085, vstest.console.dll, TestRequestSender.OnExecutionMessageReceived: Received message: {"Version":5,"MessageType":"TestSession.Message","Payload":{"MessageLevel":2,"Message":"[xUnit.net 00:00:00.44]     Verifica se o número é primo tudo certo retorna verdadeiro(numero: 3) [FAIL]"}}
TpTrace Verbose: 0 : 16644, 10, 2022/08/18, 19:53:02.617, 1663913402527, vstest.console.dll, TestRunRequest:SendTestRunMessage: Starting.
TpTrace Verbose: 0 : 16644, 10, 2022/08/18, 19:53:02.617, 1663913403249, vstest.console.dll, MulticastDelegateUtilities.SafeInvoke: TestRun.LogMessages: Invoking callback 1/1 for Microsoft.VisualStudio.TestPlatform.CommandLine.TestRunResultAggregator.TestRunMessageHandler, took 0 ms.
TpTrace Information: 0 : 16644, 10, 2022/08/18, 19:53:02.617, 1663913403737, vstest.console.dll, TestRunRequest:SendTestRunMessage: Completed.
TpTrace Verbose: 0 : 16644, 10, 2022/08/18, 19:53:02.617, 1663913404101, vstest.console.dll, MulticastDelegateUtilities.SafeInvoke: LengthPrefixCommunicationChannel: MessageReceived: Invoking callback 1/1 for Microsoft.VisualStudio.TestPlatform.CommunicationUtilities.TestRequestSender+<>c__DisplayClass31_0.<StartTestRun>b__1, took 0 ms.
TpTrace Verbose: 0 : 16644, 10, 2022/08/18, 19:53:02.617, 1663913404441, vstest.console.dll, TcpClientExtensions.MessageLoopAsync: Polling on remoteEndPoint: 127.0.0.1:53176 localEndPoint: 127.0.0.1:53175
TpTrace Verbose: 0 : 16644, 4, 2022/08/18, 19:53:02.617, 1663913404437, vstest.console.dll, MulticastDelegateUtilities.SafeInvoke: InternalTestLoggerEvents.SendTestRunMessage: Invoking callback 1/1 for Microsoft.VisualStudio.TestPlatform.CommandLine.Internal.ConsoleLogger.TestMessageHandler, took 0 ms.
TpTrace Verbose: 0 : 16644, 10, 2022/08/18, 19:53:02.617, 1663913404900, vstest.console.dll, TcpClientExtensions.MessageLoopAsync: NotifyDataAvailable remoteEndPoint: 127.0.0.1:53176 localEndPoint: 127.0.0.1:53175
TpTrace Verbose: 0 : 16644, 10, 2022/08/18, 19:53:02.617, 1663913407344, vstest.console.dll, TestRequestSender.OnExecutionMessageReceived: Received message: {"Version":5,"MessageType":"TestSession.Message","Payload":{"MessageLevel":0,"Message":"[xUnit.net 00:00:00.44]       Assert.True() Failure"}}
TpTrace Verbose: 0 : 16644, 10, 2022/08/18, 19:53:02.617, 1663913408907, vstest.console.dll, TestRunRequest:SendTestRunMessage: Starting.
TpTrace Verbose: 0 : 16644, 10, 2022/08/18, 19:53:02.618, 1663913409505, vstest.console.dll, MulticastDelegateUtilities.SafeInvoke: TestRun.LogMessages: Invoking callback 1/1 for Microsoft.VisualStudio.TestPlatform.CommandLine.TestRunResultAggregator.TestRunMessageHandler, took 0 ms.
TpTrace Information: 0 : 16644, 10, 2022/08/18, 19:53:02.618, 1663913409952, vstest.console.dll, TestRunRequest:SendTestRunMessage: Completed.
TpTrace Verbose: 0 : 16644, 4, 2022/08/18, 19:53:02.618, 1663913409928, vstest.console.dll, MulticastDelegateUtilities.SafeInvoke: InternalTestLoggerEvents.SendTestRunMessage: Invoking callback 1/1 for Microsoft.VisualStudio.TestPlatform.CommandLine.Internal.ConsoleLogger.TestMessageHandler, took 0 ms.
TpTrace Verbose: 0 : 16644, 10, 2022/08/18, 19:53:02.618, 1663913411523, vstest.console.dll, MulticastDelegateUtilities.SafeInvoke: LengthPrefixCommunicationChannel: MessageReceived: Invoking callback 1/1 for Microsoft.VisualStudio.TestPlatform.CommunicationUtilities.TestRequestSender+<>c__DisplayClass31_0.<StartTestRun>b__1, took 0 ms.
TpTrace Verbose: 0 : 16644, 10, 2022/08/18, 19:53:02.618, 1663913412944, vstest.console.dll, TcpClientExtensions.MessageLoopAsync: Polling on remoteEndPoint: 127.0.0.1:53176 localEndPoint: 127.0.0.1:53175
TpTrace Verbose: 0 : 16644, 10, 2022/08/18, 19:53:02.618, 1663913413633, vstest.console.dll, TcpClientExtensions.MessageLoopAsync: NotifyDataAvailable remoteEndPoint: 127.0.0.1:53176 localEndPoint: 127.0.0.1:53175
TpTrace Verbose: 0 : 16644, 10, 2022/08/18, 19:53:02.618, 1663913414639, vstest.console.dll, TestRequestSender.OnExecutionMessageReceived: Received message: {"Version":5,"MessageType":"TestSession.Message","Payload":{"MessageLevel":0,"Message":"[xUnit.net 00:00:00.44]       Expected: True"}}
TpTrace Verbose: 0 : 16644, 10, 2022/08/18, 19:53:02.618, 1663913416274, vstest.console.dll, TestRunRequest:SendTestRunMessage: Starting.
TpTrace Verbose: 0 : 16644, 10, 2022/08/18, 19:53:02.618, 1663913417070, vstest.console.dll, MulticastDelegateUtilities.SafeInvoke: TestRun.LogMessages: Invoking callback 1/1 for Microsoft.VisualStudio.TestPlatform.CommandLine.TestRunResultAggregator.TestRunMessageHandler, took 0 ms.
TpTrace Verbose: 0 : 16644, 4, 2022/08/18, 19:53:02.618, 1663913417311, vstest.console.dll, MulticastDelegateUtilities.SafeInvoke: InternalTestLoggerEvents.SendTestRunMessage: Invoking callback 1/1 for Microsoft.VisualStudio.TestPlatform.CommandLine.Internal.ConsoleLogger.TestMessageHandler, took 0 ms.
TpTrace Information: 0 : 16644, 10, 2022/08/18, 19:53:02.618, 1663913418129, vstest.console.dll, TestRunRequest:SendTestRunMessage: Completed.
TpTrace Verbose: 0 : 16644, 10, 2022/08/18, 19:53:02.619, 1663913419816, vstest.console.dll, MulticastDelegateUtilities.SafeInvoke: LengthPrefixCommunicationChannel: MessageReceived: Invoking callback 1/1 for Microsoft.VisualStudio.TestPlatform.CommunicationUtilities.TestRequestSender+<>c__DisplayClass31_0.<StartTestRun>b__1, took 0 ms.
TpTrace Verbose: 0 : 16644, 10, 2022/08/18, 19:53:02.619, 1663913420339, vstest.console.dll, TcpClientExtensions.MessageLoopAsync: Polling on remoteEndPoint: 127.0.0.1:53176 localEndPoint: 127.0.0.1:53175
TpTrace Verbose: 0 : 16644, 10, 2022/08/18, 19:53:02.619, 1663913420871, vstest.console.dll, TcpClientExtensions.MessageLoopAsync: NotifyDataAvailable remoteEndPoint: 127.0.0.1:53176 localEndPoint: 127.0.0.1:53175
TpTrace Verbose: 0 : 16644, 10, 2022/08/18, 19:53:02.619, 1663913421551, vstest.console.dll, TestRequestSender.OnExecutionMessageReceived: Received message: {"Version":5,"MessageType":"TestSession.Message","Payload":{"MessageLevel":0,"Message":"[xUnit.net 00:00:00.44]       Actual:   False"}}
TpTrace Verbose: 0 : 16644, 10, 2022/08/18, 19:53:02.619, 1663913422780, vstest.console.dll, TestRunRequest:SendTestRunMessage: Starting.
TpTrace Verbose: 0 : 16644, 10, 2022/08/18, 19:53:02.619, 1663913423349, vstest.console.dll, MulticastDelegateUtilities.SafeInvoke: TestRun.LogMessages: Invoking callback 1/1 for Microsoft.VisualStudio.TestPlatform.CommandLine.TestRunResultAggregator.TestRunMessageHandler, took 0 ms.
TpTrace Information: 0 : 16644, 10, 2022/08/18, 19:53:02.619, 1663913423696, vstest.console.dll, TestRunRequest:SendTestRunMessage: Completed.
TpTrace Verbose: 0 : 16644, 4, 2022/08/18, 19:53:02.619, 1663913423813, vstest.console.dll, MulticastDelegateUtilities.SafeInvoke: InternalTestLoggerEvents.SendTestRunMessage: Invoking callback 1/1 for Microsoft.VisualStudio.TestPlatform.CommandLine.Internal.ConsoleLogger.TestMessageHandler, took 0 ms.
TpTrace Verbose: 0 : 16644, 10, 2022/08/18, 19:53:02.619, 1663913424126, vstest.console.dll, MulticastDelegateUtilities.SafeInvoke: LengthPrefixCommunicationChannel: MessageReceived: Invoking callback 1/1 for Microsoft.VisualStudio.TestPlatform.CommunicationUtilities.TestRequestSender+<>c__DisplayClass31_0.<StartTestRun>b__1, took 0 ms.
TpTrace Verbose: 0 : 16644, 10, 2022/08/18, 19:53:02.619, 1663913425714, vstest.console.dll, TcpClientExtensions.MessageLoopAsync: Polling on remoteEndPoint: 127.0.0.1:53176 localEndPoint: 127.0.0.1:53175
TpTrace Verbose: 0 : 16644, 10, 2022/08/18, 19:53:02.619, 1663913426255, vstest.console.dll, TcpClientExtensions.MessageLoopAsync: NotifyDataAvailable remoteEndPoint: 127.0.0.1:53176 localEndPoint: 127.0.0.1:53175
TpTrace Verbose: 0 : 16644, 10, 2022/08/18, 19:53:02.619, 1663913426861, vstest.console.dll, TestRequestSender.OnExecutionMessageReceived: Received message: {"Version":5,"MessageType":"TestSession.Message","Payload":{"MessageLevel":0,"Message":"[xUnit.net 00:00:00.44]       Stack Trace:"}}
TpTrace Verbose: 0 : 16644, 10, 2022/08/18, 19:53:02.619, 1663913427598, vstest.console.dll, TestRunRequest:SendTestRunMessage: Starting.
TpTrace Verbose: 0 : 16644, 10, 2022/08/18, 19:53:02.619, 1663913427882, vstest.console.dll, MulticastDelegateUtilities.SafeInvoke: TestRun.LogMessages: Invoking callback 1/1 for Microsoft.VisualStudio.TestPlatform.CommandLine.TestRunResultAggregator.TestRunMessageHandler, took 0 ms.
TpTrace Information: 0 : 16644, 10, 2022/08/18, 19:53:02.619, 1663913428046, vstest.console.dll, TestRunRequest:SendTestRunMessage: Completed.
TpTrace Verbose: 0 : 16644, 10, 2022/08/18, 19:53:02.619, 1663913428266, vstest.console.dll, MulticastDelegateUtilities.SafeInvoke: LengthPrefixCommunicationChannel: MessageReceived: Invoking callback 1/1 for Microsoft.VisualStudio.TestPlatform.CommunicationUtilities.TestRequestSender+<>c__DisplayClass31_0.<StartTestRun>b__1, took 0 ms.
TpTrace Verbose: 0 : 16644, 4, 2022/08/18, 19:53:02.619, 1663913428351, vstest.console.dll, MulticastDelegateUtilities.SafeInvoke: InternalTestLoggerEvents.SendTestRunMessage: Invoking callback 1/1 for Microsoft.VisualStudio.TestPlatform.CommandLine.Internal.ConsoleLogger.TestMessageHandler, took 0 ms.
TpTrace Verbose: 0 : 16644, 10, 2022/08/18, 19:53:02.619, 1663913428473, vstest.console.dll, TcpClientExtensions.MessageLoopAsync: Polling on remoteEndPoint: 127.0.0.1:53176 localEndPoint: 127.0.0.1:53175
TpTrace Verbose: 0 : 16644, 10, 2022/08/18, 19:53:02.620, 1663913429644, vstest.console.dll, TcpClientExtensions.MessageLoopAsync: NotifyDataAvailable remoteEndPoint: 127.0.0.1:53176 localEndPoint: 127.0.0.1:53175
TpTrace Verbose: 0 : 16644, 10, 2022/08/18, 19:53:02.620, 1663913430075, vstest.console.dll, TestRequestSender.OnExecutionMessageReceived: Received message: {"Version":5,"MessageType":"TestSession.Message","Payload":{"MessageLevel":0,"Message":"[xUnit.net 00:00:00.44]         C:\\Source\\Primo\\test\\Primo.UnitTests\\PrimoClassTest.cs(23,0): at Primo.UnitTests.PrimoClassTest.CheckPrimo_Okay_RetornTrue(Double numero)"}}
TpTrace Verbose: 0 : 16644, 10, 2022/08/18, 19:53:02.620, 1663913430829, vstest.console.dll, TestRunRequest:SendTestRunMessage: Starting.
TpTrace Verbose: 0 : 16644, 10, 2022/08/18, 19:53:02.620, 1663913431148, vstest.console.dll, MulticastDelegateUtilities.SafeInvoke: TestRun.LogMessages: Invoking callback 1/1 for Microsoft.VisualStudio.TestPlatform.CommandLine.TestRunResultAggregator.TestRunMessageHandler, took 0 ms.
TpTrace Information: 0 : 16644, 10, 2022/08/18, 19:53:02.620, 1663913431321, vstest.console.dll, TestRunRequest:SendTestRunMessage: Completed.
TpTrace Verbose: 0 : 16644, 4, 2022/08/18, 19:53:02.620, 1663913431375, vstest.console.dll, MulticastDelegateUtilities.SafeInvoke: InternalTestLoggerEvents.SendTestRunMessage: Invoking callback 1/1 for Microsoft.VisualStudio.TestPlatform.CommandLine.Internal.ConsoleLogger.TestMessageHandler, took 0 ms.
TpTrace Verbose: 0 : 16644, 10, 2022/08/18, 19:53:02.620, 1663913431484, vstest.console.dll, MulticastDelegateUtilities.SafeInvoke: LengthPrefixCommunicationChannel: MessageReceived: Invoking callback 1/1 for Microsoft.VisualStudio.TestPlatform.CommunicationUtilities.TestRequestSender+<>c__DisplayClass31_0.<StartTestRun>b__1, took 0 ms.
TpTrace Verbose: 0 : 16644, 10, 2022/08/18, 19:53:02.620, 1663913432219, vstest.console.dll, TcpClientExtensions.MessageLoopAsync: Polling on remoteEndPoint: 127.0.0.1:53176 localEndPoint: 127.0.0.1:53175
TpTrace Verbose: 0 : 16644, 10, 2022/08/18, 19:53:02.621, 1663913440224, vstest.console.dll, TcpClientExtensions.MessageLoopAsync: NotifyDataAvailable remoteEndPoint: 127.0.0.1:53176 localEndPoint: 127.0.0.1:53175
TpTrace Verbose: 0 : 16644, 10, 2022/08/18, 19:53:02.621, 1663913441106, vstest.console.dll, TestRequestSender.OnExecutionMessageReceived: Received message: {"Version":5,"MessageType":"TestSession.Message","Payload":{"MessageLevel":2,"Message":"[xUnit.net 00:00:00.44]     Verifica se o número é primo tudo certo retorna verdadeiro(numero: 31) [FAIL]"}}
TpTrace Verbose: 0 : 16644, 10, 2022/08/18, 19:53:02.621, 1663913441775, vstest.console.dll, TestRunRequest:SendTestRunMessage: Starting.
TpTrace Verbose: 0 : 16644, 10, 2022/08/18, 19:53:02.621, 1663913442217, vstest.console.dll, MulticastDelegateUtilities.SafeInvoke: TestRun.LogMessages: Invoking callback 1/1 for Microsoft.VisualStudio.TestPlatform.CommandLine.TestRunResultAggregator.TestRunMessageHandler, took 0 ms.
TpTrace Information: 0 : 16644, 10, 2022/08/18, 19:53:02.621, 1663913442392, vstest.console.dll, TestRunRequest:SendTestRunMessage: Completed.
TpTrace Verbose: 0 : 16644, 10, 2022/08/18, 19:53:02.621, 1663913442562, vstest.console.dll, MulticastDelegateUtilities.SafeInvoke: LengthPrefixCommunicationChannel: MessageReceived: Invoking callback 1/1 for Microsoft.VisualStudio.TestPlatform.CommunicationUtilities.TestRequestSender+<>c__DisplayClass31_0.<StartTestRun>b__1, took 0 ms.
TpTrace Verbose: 0 : 16644, 10, 2022/08/18, 19:53:02.621, 1663913442779, vstest.console.dll, TcpClientExtensions.MessageLoopAsync: Polling on remoteEndPoint: 127.0.0.1:53176 localEndPoint: 127.0.0.1:53175
TpTrace Verbose: 0 : 16644, 10, 2022/08/18, 19:53:02.621, 1663913443015, vstest.console.dll, TcpClientExtensions.MessageLoopAsync: NotifyDataAvailable remoteEndPoint: 127.0.0.1:53176 localEndPoint: 127.0.0.1:53175
TpTrace Verbose: 0 : 16644, 4, 2022/08/18, 19:53:02.621, 1663913443363, vstest.console.dll, MulticastDelegateUtilities.SafeInvoke: InternalTestLoggerEvents.SendTestRunMessage: Invoking callback 1/1 for Microsoft.VisualStudio.TestPlatform.CommandLine.Internal.ConsoleLogger.TestMessageHandler, took 0 ms.
TpTrace Verbose: 0 : 16644, 10, 2022/08/18, 19:53:02.621, 1663913443614, vstest.console.dll, TestRequestSender.OnExecutionMessageReceived: Received message: {"Version":5,"MessageType":"TestSession.Message","Payload":{"MessageLevel":0,"Message":"[xUnit.net 00:00:00.44]       Assert.True() Failure"}}
TpTrace Verbose: 0 : 16644, 10, 2022/08/18, 19:53:02.621, 1663913444869, vstest.console.dll, TestRunRequest:SendTestRunMessage: Starting.
TpTrace Verbose: 0 : 16644, 10, 2022/08/18, 19:53:02.621, 1663913445269, vstest.console.dll, MulticastDelegateUtilities.SafeInvoke: TestRun.LogMessages: Invoking callback 1/1 for Microsoft.VisualStudio.TestPlatform.CommandLine.TestRunResultAggregator.TestRunMessageHandler, took 0 ms.
TpTrace Information: 0 : 16644, 10, 2022/08/18, 19:53:02.621, 1663913445468, vstest.console.dll, TestRunRequest:SendTestRunMessage: Completed.
TpTrace Verbose: 0 : 16644, 4, 2022/08/18, 19:53:02.621, 1663913445569, vstest.console.dll, MulticastDelegateUtilities.SafeInvoke: InternalTestLoggerEvents.SendTestRunMessage: Invoking callback 1/1 for Microsoft.VisualStudio.TestPlatform.CommandLine.Internal.ConsoleLogger.TestMessageHandler, took 0 ms.
TpTrace Verbose: 0 : 16644, 10, 2022/08/18, 19:53:02.621, 1663913445686, vstest.console.dll, MulticastDelegateUtilities.SafeInvoke: LengthPrefixCommunicationChannel: MessageReceived: Invoking callback 1/1 for Microsoft.VisualStudio.TestPlatform.CommunicationUtilities.TestRequestSender+<>c__DisplayClass31_0.<StartTestRun>b__1, took 0 ms.
TpTrace Verbose: 0 : 16644, 10, 2022/08/18, 19:53:02.621, 1663913446481, vstest.console.dll, TcpClientExtensions.MessageLoopAsync: Polling on remoteEndPoint: 127.0.0.1:53176 localEndPoint: 127.0.0.1:53175
TpTrace Verbose: 0 : 16644, 10, 2022/08/18, 19:53:02.621, 1663913446785, vstest.console.dll, TcpClientExtensions.MessageLoopAsync: NotifyDataAvailable remoteEndPoint: 127.0.0.1:53176 localEndPoint: 127.0.0.1:53175
TpTrace Verbose: 0 : 16644, 10, 2022/08/18, 19:53:02.621, 1663913447183, vstest.console.dll, TestRequestSender.OnExecutionMessageReceived: Received message: {"Version":5,"MessageType":"TestSession.Message","Payload":{"MessageLevel":0,"Message":"[xUnit.net 00:00:00.44]       Expected: True"}}
TpTrace Verbose: 0 : 16644, 10, 2022/08/18, 19:53:02.621, 1663913447696, vstest.console.dll, TestRunRequest:SendTestRunMessage: Starting.
TpTrace Verbose: 0 : 16644, 4, 2022/08/18, 19:53:02.621, 1663913448281, vstest.console.dll, MulticastDelegateUtilities.SafeInvoke: InternalTestLoggerEvents.SendTestRunMessage: Invoking callback 1/1 for Microsoft.VisualStudio.TestPlatform.CommandLine.Internal.ConsoleLogger.TestMessageHandler, took 0 ms.
TpTrace Verbose: 0 : 16644, 10, 2022/08/18, 19:53:02.621, 1663913448355, vstest.console.dll, MulticastDelegateUtilities.SafeInvoke: TestRun.LogMessages: Invoking callback 1/1 for Microsoft.VisualStudio.TestPlatform.CommandLine.TestRunResultAggregator.TestRunMessageHandler, took 0 ms.
TpTrace Information: 0 : 16644, 10, 2022/08/18, 19:53:02.622, 1663913449095, vstest.console.dll, TestRunRequest:SendTestRunMessage: Completed.
TpTrace Verbose: 0 : 16644, 10, 2022/08/18, 19:53:02.622, 1663913449323, vstest.console.dll, MulticastDelegateUtilities.SafeInvoke: LengthPrefixCommunicationChannel: MessageReceived: Invoking callback 1/1 for Microsoft.VisualStudio.TestPlatform.CommunicationUtilities.TestRequestSender+<>c__DisplayClass31_0.<StartTestRun>b__1, took 0 ms.
TpTrace Verbose: 0 : 16644, 10, 2022/08/18, 19:53:02.622, 1663913449549, vstest.console.dll, TcpClientExtensions.MessageLoopAsync: Polling on remoteEndPoint: 127.0.0.1:53176 localEndPoint: 127.0.0.1:53175
TpTrace Verbose: 0 : 16644, 10, 2022/08/18, 19:53:02.622, 1663913449789, vstest.console.dll, TcpClientExtensions.MessageLoopAsync: NotifyDataAvailable remoteEndPoint: 127.0.0.1:53176 localEndPoint: 127.0.0.1:53175
TpTrace Verbose: 0 : 16644, 10, 2022/08/18, 19:53:02.622, 1663913450493, vstest.console.dll, TestRequestSender.OnExecutionMessageReceived: Received message: {"Version":5,"MessageType":"TestSession.Message","Payload":{"MessageLevel":0,"Message":"[xUnit.net 00:00:00.44]       Actual:   False"}}
TpTrace Verbose: 0 : 16644, 10, 2022/08/18, 19:53:02.622, 1663913450911, vstest.console.dll, TestRunRequest:SendTestRunMessage: Starting.
TpTrace Verbose: 0 : 16644, 10, 2022/08/18, 19:53:02.622, 1663913451216, vstest.console.dll, MulticastDelegateUtilities.SafeInvoke: TestRun.LogMessages: Invoking callback 1/1 for Microsoft.VisualStudio.TestPlatform.CommandLine.TestRunResultAggregator.TestRunMessageHandler, took 0 ms.
TpTrace Information: 0 : 16644, 10, 2022/08/18, 19:53:02.622, 1663913451385, vstest.console.dll, TestRunRequest:SendTestRunMessage: Completed.
TpTrace Verbose: 0 : 16644, 4, 2022/08/18, 19:53:02.622, 1663913451394, vstest.console.dll, MulticastDelegateUtilities.SafeInvoke: InternalTestLoggerEvents.SendTestRunMessage: Invoking callback 1/1 for Microsoft.VisualStudio.TestPlatform.CommandLine.Internal.ConsoleLogger.TestMessageHandler, took 0 ms.
TpTrace Verbose: 0 : 16644, 10, 2022/08/18, 19:53:02.622, 1663913451551, vstest.console.dll, MulticastDelegateUtilities.SafeInvoke: LengthPrefixCommunicationChannel: MessageReceived: Invoking callback 1/1 for Microsoft.VisualStudio.TestPlatform.CommunicationUtilities.TestRequestSender+<>c__DisplayClass31_0.<StartTestRun>b__1, took 0 ms.
TpTrace Verbose: 0 : 16644, 10, 2022/08/18, 19:53:02.622, 1663913452280, vstest.console.dll, TcpClientExtensions.MessageLoopAsync: Polling on remoteEndPoint: 127.0.0.1:53176 localEndPoint: 127.0.0.1:53175
TpTrace Verbose: 0 : 16644, 10, 2022/08/18, 19:53:02.622, 1663913452534, vstest.console.dll, TcpClientExtensions.MessageLoopAsync: NotifyDataAvailable remoteEndPoint: 127.0.0.1:53176 localEndPoint: 127.0.0.1:53175
TpTrace Verbose: 0 : 16644, 10, 2022/08/18, 19:53:02.622, 1663913452951, vstest.console.dll, TestRequestSender.OnExecutionMessageReceived: Received message: {"Version":5,"MessageType":"TestSession.Message","Payload":{"MessageLevel":0,"Message":"[xUnit.net 00:00:00.44]       Stack Trace:"}}
TpTrace Verbose: 0 : 16644, 10, 2022/08/18, 19:53:02.622, 1663913453380, vstest.console.dll, TestRunRequest:SendTestRunMessage: Starting.
TpTrace Verbose: 0 : 16644, 4, 2022/08/18, 19:53:02.622, 1663913453963, vstest.console.dll, MulticastDelegateUtilities.SafeInvoke: InternalTestLoggerEvents.SendTestRunMessage: Invoking callback 1/1 for Microsoft.VisualStudio.TestPlatform.CommandLine.Internal.ConsoleLogger.TestMessageHandler, took 0 ms.
TpTrace Verbose: 0 : 16644, 10, 2022/08/18, 19:53:02.622, 1663913454009, vstest.console.dll, MulticastDelegateUtilities.SafeInvoke: TestRun.LogMessages: Invoking callback 1/1 for Microsoft.VisualStudio.TestPlatform.CommandLine.TestRunResultAggregator.TestRunMessageHandler, took 0 ms.
TpTrace Information: 0 : 16644, 10, 2022/08/18, 19:53:02.622, 1663913455163, vstest.console.dll, TestRunRequest:SendTestRunMessage: Completed.
TpTrace Verbose: 0 : 16644, 10, 2022/08/18, 19:53:02.622, 1663913455663, vstest.console.dll, MulticastDelegateUtilities.SafeInvoke: LengthPrefixCommunicationChannel: MessageReceived: Invoking callback 1/1 for Microsoft.VisualStudio.TestPlatform.CommunicationUtilities.TestRequestSender+<>c__DisplayClass31_0.<StartTestRun>b__1, took 0 ms.
TpTrace Verbose: 0 : 16644, 10, 2022/08/18, 19:53:02.622, 1663913456078, vstest.console.dll, TcpClientExtensions.MessageLoopAsync: Polling on remoteEndPoint: 127.0.0.1:53176 localEndPoint: 127.0.0.1:53175
TpTrace Verbose: 0 : 16644, 10, 2022/08/18, 19:53:02.622, 1663913456617, vstest.console.dll, TcpClientExtensions.MessageLoopAsync: NotifyDataAvailable remoteEndPoint: 127.0.0.1:53176 localEndPoint: 127.0.0.1:53175
TpTrace Verbose: 0 : 16644, 10, 2022/08/18, 19:53:02.622, 1663913457406, vstest.console.dll, TestRequestSender.OnExecutionMessageReceived: Received message: {"Version":5,"MessageType":"TestSession.Message","Payload":{"MessageLevel":0,"Message":"[xUnit.net 00:00:00.44]         C:\\Source\\Primo\\test\\Primo.UnitTests\\PrimoClassTest.cs(23,0): at Primo.UnitTests.PrimoClassTest.CheckPrimo_Okay_RetornTrue(Double numero)"}}
TpTrace Verbose: 0 : 16644, 10, 2022/08/18, 19:53:02.622, 1663913458149, vstest.console.dll, TestRunRequest:SendTestRunMessage: Starting.
TpTrace Verbose: 0 : 16644, 10, 2022/08/18, 19:53:02.622, 1663913458438, vstest.console.dll, MulticastDelegateUtilities.SafeInvoke: TestRun.LogMessages: Invoking callback 1/1 for Microsoft.VisualStudio.TestPlatform.CommandLine.TestRunResultAggregator.TestRunMessageHandler, took 0 ms.
TpTrace Information: 0 : 16644, 10, 2022/08/18, 19:53:02.622, 1663913458605, vstest.console.dll, TestRunRequest:SendTestRunMessage: Completed.
TpTrace Verbose: 0 : 16644, 10, 2022/08/18, 19:53:02.622, 1663913458768, vstest.console.dll, MulticastDelegateUtilities.SafeInvoke: LengthPrefixCommunicationChannel: MessageReceived: Invoking callback 1/1 for Microsoft.VisualStudio.TestPlatform.CommunicationUtilities.TestRequestSender+<>c__DisplayClass31_0.<StartTestRun>b__1, took 0 ms.
TpTrace Verbose: 0 : 16644, 4, 2022/08/18, 19:53:02.622, 1663913458738, vstest.console.dll, MulticastDelegateUtilities.SafeInvoke: InternalTestLoggerEvents.SendTestRunMessage: Invoking callback 1/1 for Microsoft.VisualStudio.TestPlatform.CommandLine.Internal.ConsoleLogger.TestMessageHandler, took 0 ms.
TpTrace Verbose: 0 : 16644, 10, 2022/08/18, 19:53:02.623, 1663913459268, vstest.console.dll, TcpClientExtensions.MessageLoopAsync: Polling on remoteEndPoint: 127.0.0.1:53176 localEndPoint: 127.0.0.1:53175
TpTrace Verbose: 0 : 16644, 10, 2022/08/18, 19:53:02.624, 1663913469093, vstest.console.dll, TcpClientExtensions.MessageLoopAsync: NotifyDataAvailable remoteEndPoint: 127.0.0.1:53176 localEndPoint: 127.0.0.1:53175
TpTrace Verbose: 0 : 16644, 10, 2022/08/18, 19:53:02.624, 1663913469877, vstest.console.dll, TestRequestSender.OnExecutionMessageReceived: Received message: {"Version":5,"MessageType":"TestSession.Message","Payload":{"MessageLevel":2,"Message":"[xUnit.net 00:00:00.45]     Verifica se o número é primo tudo certo retorna verdadeiro(numero: 2) [FAIL]"}}
TpTrace Verbose: 0 : 16644, 10, 2022/08/18, 19:53:02.624, 1663913470687, vstest.console.dll, TestRunRequest:SendTestRunMessage: Starting.
TpTrace Verbose: 0 : 16644, 10, 2022/08/18, 19:53:02.624, 1663913471025, vstest.console.dll, MulticastDelegateUtilities.SafeInvoke: TestRun.LogMessages: Invoking callback 1/1 for Microsoft.VisualStudio.TestPlatform.CommandLine.TestRunResultAggregator.TestRunMessageHandler, took 0 ms.
TpTrace Information: 0 : 16644, 10, 2022/08/18, 19:53:02.624, 1663913471373, vstest.console.dll, TestRunRequest:SendTestRunMessage: Completed.
TpTrace Verbose: 0 : 16644, 10, 2022/08/18, 19:53:02.624, 1663913471601, vstest.console.dll, MulticastDelegateUtilities.SafeInvoke: LengthPrefixCommunicationChannel: MessageReceived: Invoking callback 1/1 for Microsoft.VisualStudio.TestPlatform.CommunicationUtilities.TestRequestSender+<>c__DisplayClass31_0.<StartTestRun>b__1, took 0 ms.
TpTrace Verbose: 0 : 16644, 10, 2022/08/18, 19:53:02.624, 1663913471852, vstest.console.dll, TcpClientExtensions.MessageLoopAsync: Polling on remoteEndPoint: 127.0.0.1:53176 localEndPoint: 127.0.0.1:53175
TpTrace Verbose: 0 : 16644, 10, 2022/08/18, 19:53:02.624, 1663913472093, vstest.console.dll, TcpClientExtensions.MessageLoopAsync: NotifyDataAvailable remoteEndPoint: 127.0.0.1:53176 localEndPoint: 127.0.0.1:53175
TpTrace Verbose: 0 : 16644, 4, 2022/08/18, 19:53:02.624, 1663913472171, vstest.console.dll, MulticastDelegateUtilities.SafeInvoke: InternalTestLoggerEvents.SendTestRunMessage: Invoking callback 1/1 for Microsoft.VisualStudio.TestPlatform.CommandLine.Internal.ConsoleLogger.TestMessageHandler, took 0 ms.
TpTrace Verbose: 0 : 16644, 10, 2022/08/18, 19:53:02.624, 1663913472422, vstest.console.dll, TestRequestSender.OnExecutionMessageReceived: Received message: {"Version":5,"MessageType":"TestSession.Message","Payload":{"MessageLevel":0,"Message":"[xUnit.net 00:00:00.45]       Assert.True() Failure"}}
TpTrace Verbose: 0 : 16644, 10, 2022/08/18, 19:53:02.624, 1663913474745, vstest.console.dll, TestRunRequest:SendTestRunMessage: Starting.
TpTrace Verbose: 0 : 16644, 10, 2022/08/18, 19:53:02.624, 1663913475558, vstest.console.dll, MulticastDelegateUtilities.SafeInvoke: TestRun.LogMessages: Invoking callback 1/1 for Microsoft.VisualStudio.TestPlatform.CommandLine.TestRunResultAggregator.TestRunMessageHandler, took 0 ms.
TpTrace Information: 0 : 16644, 10, 2022/08/18, 19:53:02.624, 1663913475940, vstest.console.dll, TestRunRequest:SendTestRunMessage: Completed.
TpTrace Verbose: 0 : 16644, 4, 2022/08/18, 19:53:02.624, 1663913475913, vstest.console.dll, MulticastDelegateUtilities.SafeInvoke: InternalTestLoggerEvents.SendTestRunMessage: Invoking callback 1/1 for Microsoft.VisualStudio.TestPlatform.CommandLine.Internal.ConsoleLogger.TestMessageHandler, took 0 ms.
TpTrace Verbose: 0 : 16644, 10, 2022/08/18, 19:53:02.624, 1663913476311, vstest.console.dll, MulticastDelegateUtilities.SafeInvoke: LengthPrefixCommunicationChannel: MessageReceived: Invoking callback 1/1 for Microsoft.VisualStudio.TestPlatform.CommunicationUtilities.TestRequestSender+<>c__DisplayClass31_0.<StartTestRun>b__1, took 0 ms.
TpTrace Verbose: 0 : 16644, 10, 2022/08/18, 19:53:02.624, 1663913477681, vstest.console.dll, TcpClientExtensions.MessageLoopAsync: Polling on remoteEndPoint: 127.0.0.1:53176 localEndPoint: 127.0.0.1:53175
TpTrace Verbose: 0 : 16644, 10, 2022/08/18, 19:53:02.624, 1663913478842, vstest.console.dll, TcpClientExtensions.MessageLoopAsync: NotifyDataAvailable remoteEndPoint: 127.0.0.1:53176 localEndPoint: 127.0.0.1:53175
TpTrace Verbose: 0 : 16644, 10, 2022/08/18, 19:53:02.625, 1663913479710, vstest.console.dll, TestRequestSender.OnExecutionMessageReceived: Received message: {"Version":5,"MessageType":"TestSession.Message","Payload":{"MessageLevel":0,"Message":"[xUnit.net 00:00:00.45]       Expected: True"}}
TpTrace Verbose: 0 : 16644, 10, 2022/08/18, 19:53:02.625, 1663913480876, vstest.console.dll, TestRunRequest:SendTestRunMessage: Starting.
TpTrace Verbose: 0 : 16644, 10, 2022/08/18, 19:53:02.625, 1663913481476, vstest.console.dll, MulticastDelegateUtilities.SafeInvoke: TestRun.LogMessages: Invoking callback 1/1 for Microsoft.VisualStudio.TestPlatform.CommandLine.TestRunResultAggregator.TestRunMessageHandler, took 0 ms.
TpTrace Verbose: 0 : 16644, 4, 2022/08/18, 19:53:02.625, 1663913481646, vstest.console.dll, MulticastDelegateUtilities.SafeInvoke: InternalTestLoggerEvents.SendTestRunMessage: Invoking callback 1/1 for Microsoft.VisualStudio.TestPlatform.CommandLine.Internal.ConsoleLogger.TestMessageHandler, took 0 ms.
TpTrace Information: 0 : 16644, 10, 2022/08/18, 19:53:02.625, 1663913482197, vstest.console.dll, TestRunRequest:SendTestRunMessage: Completed.
TpTrace Verbose: 0 : 16644, 10, 2022/08/18, 19:53:02.625, 1663913482897, vstest.console.dll, MulticastDelegateUtilities.SafeInvoke: LengthPrefixCommunicationChannel: MessageReceived: Invoking callback 1/1 for Microsoft.VisualStudio.TestPlatform.CommunicationUtilities.TestRequestSender+<>c__DisplayClass31_0.<StartTestRun>b__1, took 0 ms.
TpTrace Verbose: 0 : 16644, 10, 2022/08/18, 19:53:02.625, 1663913483399, vstest.console.dll, TcpClientExtensions.MessageLoopAsync: Polling on remoteEndPoint: 127.0.0.1:53176 localEndPoint: 127.0.0.1:53175
TpTrace Verbose: 0 : 16644, 10, 2022/08/18, 19:53:02.625, 1663913483868, vstest.console.dll, TcpClientExtensions.MessageLoopAsync: NotifyDataAvailable remoteEndPoint: 127.0.0.1:53176 localEndPoint: 127.0.0.1:53175
TpTrace Verbose: 0 : 16644, 10, 2022/08/18, 19:53:02.625, 1663913484550, vstest.console.dll, TestRequestSender.OnExecutionMessageReceived: Received message: {"Version":5,"MessageType":"TestSession.Message","Payload":{"MessageLevel":0,"Message":"[xUnit.net 00:00:00.45]       Actual:   False"}}
TpTrace Verbose: 0 : 16644, 10, 2022/08/18, 19:53:02.625, 1663913485934, vstest.console.dll, TestRunRequest:SendTestRunMessage: Starting.
TpTrace Verbose: 0 : 16644, 10, 2022/08/18, 19:53:02.625, 1663913486589, vstest.console.dll, MulticastDelegateUtilities.SafeInvoke: TestRun.LogMessages: Invoking callback 1/1 for Microsoft.VisualStudio.TestPlatform.CommandLine.TestRunResultAggregator.TestRunMessageHandler, took 0 ms.
TpTrace Verbose: 0 : 16644, 4, 2022/08/18, 19:53:02.625, 1663913486771, vstest.console.dll, MulticastDelegateUtilities.SafeInvoke: InternalTestLoggerEvents.SendTestRunMessage: Invoking callback 1/1 for Microsoft.VisualStudio.TestPlatform.CommandLine.Internal.ConsoleLogger.TestMessageHandler, took 0 ms.
TpTrace Information: 0 : 16644, 10, 2022/08/18, 19:53:02.625, 1663913486943, vstest.console.dll, TestRunRequest:SendTestRunMessage: Completed.
TpTrace Verbose: 0 : 16644, 10, 2022/08/18, 19:53:02.625, 1663913487572, vstest.console.dll, MulticastDelegateUtilities.SafeInvoke: LengthPrefixCommunicationChannel: MessageReceived: Invoking callback 1/1 for Microsoft.VisualStudio.TestPlatform.CommunicationUtilities.TestRequestSender+<>c__DisplayClass31_0.<StartTestRun>b__1, took 0 ms.
TpTrace Verbose: 0 : 16644, 10, 2022/08/18, 19:53:02.625, 1663913488020, vstest.console.dll, TcpClientExtensions.MessageLoopAsync: Polling on remoteEndPoint: 127.0.0.1:53176 localEndPoint: 127.0.0.1:53175
TpTrace Verbose: 0 : 16644, 10, 2022/08/18, 19:53:02.625, 1663913488444, vstest.console.dll, TcpClientExtensions.MessageLoopAsync: NotifyDataAvailable remoteEndPoint: 127.0.0.1:53176 localEndPoint: 127.0.0.1:53175
TpTrace Verbose: 0 : 16644, 10, 2022/08/18, 19:53:02.625, 1663913488795, vstest.console.dll, TestRequestSender.OnExecutionMessageReceived: Received message: {"Version":5,"MessageType":"TestSession.Message","Payload":{"MessageLevel":0,"Message":"[xUnit.net 00:00:00.45]       Stack Trace:"}}
TpTrace Verbose: 0 : 16644, 10, 2022/08/18, 19:53:02.626, 1663913489213, vstest.console.dll, TestRunRequest:SendTestRunMessage: Starting.
TpTrace Verbose: 0 : 16644, 10, 2022/08/18, 19:53:02.626, 1663913489469, vstest.console.dll, MulticastDelegateUtilities.SafeInvoke: TestRun.LogMessages: Invoking callback 1/1 for Microsoft.VisualStudio.TestPlatform.CommandLine.TestRunResultAggregator.TestRunMessageHandler, took 0 ms.
TpTrace Information: 0 : 16644, 10, 2022/08/18, 19:53:02.626, 1663913489631, vstest.console.dll, TestRunRequest:SendTestRunMessage: Completed.
TpTrace Verbose: 0 : 16644, 4, 2022/08/18, 19:53:02.626, 1663913489725, vstest.console.dll, MulticastDelegateUtilities.SafeInvoke: InternalTestLoggerEvents.SendTestRunMessage: Invoking callback 1/1 for Microsoft.VisualStudio.TestPlatform.CommandLine.Internal.ConsoleLogger.TestMessageHandler, took 0 ms.
TpTrace Verbose: 0 : 16644, 10, 2022/08/18, 19:53:02.626, 1663913489789, vstest.console.dll, MulticastDelegateUtilities.SafeInvoke: LengthPrefixCommunicationChannel: MessageReceived: Invoking callback 1/1 for Microsoft.VisualStudio.TestPlatform.CommunicationUtilities.TestRequestSender+<>c__DisplayClass31_0.<StartTestRun>b__1, took 0 ms.
TpTrace Verbose: 0 : 16644, 10, 2022/08/18, 19:53:02.626, 1663913490573, vstest.console.dll, TcpClientExtensions.MessageLoopAsync: Polling on remoteEndPoint: 127.0.0.1:53176 localEndPoint: 127.0.0.1:53175
TpTrace Verbose: 0 : 16644, 10, 2022/08/18, 19:53:02.626, 1663913490811, vstest.console.dll, TcpClientExtensions.MessageLoopAsync: NotifyDataAvailable remoteEndPoint: 127.0.0.1:53176 localEndPoint: 127.0.0.1:53175
TpTrace Verbose: 0 : 16644, 10, 2022/08/18, 19:53:02.626, 1663913491106, vstest.console.dll, TestRequestSender.OnExecutionMessageReceived: Received message: {"Version":5,"MessageType":"TestSession.Message","Payload":{"MessageLevel":0,"Message":"[xUnit.net 00:00:00.45]         C:\\Source\\Primo\\test\\Primo.UnitTests\\PrimoClassTest.cs(23,0): at Primo.UnitTests.PrimoClassTest.CheckPrimo_Okay_RetornTrue(Double numero)"}}
TpTrace Verbose: 0 : 16644, 10, 2022/08/18, 19:53:02.626, 1663913491604, vstest.console.dll, TestRunRequest:SendTestRunMessage: Starting.
TpTrace Verbose: 0 : 16644, 10, 2022/08/18, 19:53:02.626, 1663913491936, vstest.console.dll, MulticastDelegateUtilities.SafeInvoke: TestRun.LogMessages: Invoking callback 1/1 for Microsoft.VisualStudio.TestPlatform.CommandLine.TestRunResultAggregator.TestRunMessageHandler, took 0 ms.
TpTrace Information: 0 : 16644, 10, 2022/08/18, 19:53:02.626, 1663913492175, vstest.console.dll, TestRunRequest:SendTestRunMessage: Completed.
TpTrace Verbose: 0 : 16644, 10, 2022/08/18, 19:53:02.626, 1663913492346, vstest.console.dll, MulticastDelegateUtilities.SafeInvoke: LengthPrefixCommunicationChannel: MessageReceived: Invoking callback 1/1 for Microsoft.VisualStudio.TestPlatform.CommunicationUtilities.TestRequestSender+<>c__DisplayClass31_0.<StartTestRun>b__1, took 0 ms.
TpTrace Verbose: 0 : 16644, 10, 2022/08/18, 19:53:02.626, 1663913492518, vstest.console.dll, TcpClientExtensions.MessageLoopAsync: Polling on remoteEndPoint: 127.0.0.1:53176 localEndPoint: 127.0.0.1:53175
TpTrace Verbose: 0 : 16644, 4, 2022/08/18, 19:53:02.626, 1663913492476, vstest.console.dll, MulticastDelegateUtilities.SafeInvoke: InternalTestLoggerEvents.SendTestRunMessage: Invoking callback 1/1 for Microsoft.VisualStudio.TestPlatform.CommandLine.Internal.ConsoleLogger.TestMessageHandler, took 0 ms.
TpTrace Verbose: 0 : 16644, 10, 2022/08/18, 19:53:02.626, 1663913496049, vstest.console.dll, TcpClientExtensions.MessageLoopAsync: NotifyDataAvailable remoteEndPoint: 127.0.0.1:53176 localEndPoint: 127.0.0.1:53175
TpTrace Verbose: 0 : 16644, 10, 2022/08/18, 19:53:02.626, 1663913497202, vstest.console.dll, TestRequestSender.OnExecutionMessageReceived: Received message: {"Version":5,"MessageType":"TestSession.Message","Payload":{"MessageLevel":2,"Message":"[xUnit.net 00:00:00.45]     Verifica se o número é primo tudo certo retorna verdadeiro(numero: 7) [FAIL]"}}
TpTrace Verbose: 0 : 16644, 10, 2022/08/18, 19:53:02.626, 1663913498541, vstest.console.dll, TestRunRequest:SendTestRunMessage: Starting.
TpTrace Verbose: 0 : 16644, 10, 2022/08/18, 19:53:02.626, 1663913498875, vstest.console.dll, MulticastDelegateUtilities.SafeInvoke: TestRun.LogMessages: Invoking callback 1/1 for Microsoft.VisualStudio.TestPlatform.CommandLine.TestRunResultAggregator.TestRunMessageHandler, took 0 ms.
TpTrace Information: 0 : 16644, 10, 2022/08/18, 19:53:02.627, 1663913499113, vstest.console.dll, TestRunRequest:SendTestRunMessage: Completed.
TpTrace Verbose: 0 : 16644, 10, 2022/08/18, 19:53:02.627, 1663913499285, vstest.console.dll, MulticastDelegateUtilities.SafeInvoke: LengthPrefixCommunicationChannel: MessageReceived: Invoking callback 1/1 for Microsoft.VisualStudio.TestPlatform.CommunicationUtilities.TestRequestSender+<>c__DisplayClass31_0.<StartTestRun>b__1, took 0 ms.
TpTrace Verbose: 0 : 16644, 10, 2022/08/18, 19:53:02.627, 1663913499467, vstest.console.dll, TcpClientExtensions.MessageLoopAsync: Polling on remoteEndPoint: 127.0.0.1:53176 localEndPoint: 127.0.0.1:53175
TpTrace Verbose: 0 : 16644, 10, 2022/08/18, 19:53:02.627, 1663913499707, vstest.console.dll, TcpClientExtensions.MessageLoopAsync: NotifyDataAvailable remoteEndPoint: 127.0.0.1:53176 localEndPoint: 127.0.0.1:53175
TpTrace Verbose: 0 : 16644, 10, 2022/08/18, 19:53:02.627, 1663913499975, vstest.console.dll, TestRequestSender.OnExecutionMessageReceived: Received message: {"Version":5,"MessageType":"TestSession.Message","Payload":{"MessageLevel":0,"Message":"[xUnit.net 00:00:00.45]       Assert.True() Failure"}}
TpTrace Verbose: 0 : 16644, 10, 2022/08/18, 19:53:02.627, 1663913500419, vstest.console.dll, TestRunRequest:SendTestRunMessage: Starting.
TpTrace Verbose: 0 : 16644, 4, 2022/08/18, 19:53:02.627, 1663913500287, vstest.console.dll, MulticastDelegateUtilities.SafeInvoke: InternalTestLoggerEvents.SendTestRunMessage: Invoking callback 1/1 for Microsoft.VisualStudio.TestPlatform.CommandLine.Internal.ConsoleLogger.TestMessageHandler, took 0 ms.
TpTrace Verbose: 0 : 16644, 10, 2022/08/18, 19:53:02.627, 1663913500680, vstest.console.dll, MulticastDelegateUtilities.SafeInvoke: TestRun.LogMessages: Invoking callback 1/1 for Microsoft.VisualStudio.TestPlatform.CommandLine.TestRunResultAggregator.TestRunMessageHandler, took 0 ms.
TpTrace Verbose: 0 : 16644, 4, 2022/08/18, 19:53:02.627, 1663913501992, vstest.console.dll, MulticastDelegateUtilities.SafeInvoke: InternalTestLoggerEvents.SendTestRunMessage: Invoking callback 1/1 for Microsoft.VisualStudio.TestPlatform.CommandLine.Internal.ConsoleLogger.TestMessageHandler, took 0 ms.
TpTrace Information: 0 : 16644, 10, 2022/08/18, 19:53:02.627, 1663913502765, vstest.console.dll, TestRunRequest:SendTestRunMessage: Completed.
TpTrace Verbose: 0 : 16644, 10, 2022/08/18, 19:53:02.627, 1663913503249, vstest.console.dll, MulticastDelegateUtilities.SafeInvoke: LengthPrefixCommunicationChannel: MessageReceived: Invoking callback 1/1 for Microsoft.VisualStudio.TestPlatform.CommunicationUtilities.TestRequestSender+<>c__DisplayClass31_0.<StartTestRun>b__1, took 0 ms.
TpTrace Verbose: 0 : 16644, 10, 2022/08/18, 19:53:02.627, 1663913503961, vstest.console.dll, TcpClientExtensions.MessageLoopAsync: Polling on remoteEndPoint: 127.0.0.1:53176 localEndPoint: 127.0.0.1:53175
TpTrace Verbose: 0 : 16644, 10, 2022/08/18, 19:53:02.627, 1663913504363, vstest.console.dll, TcpClientExtensions.MessageLoopAsync: NotifyDataAvailable remoteEndPoint: 127.0.0.1:53176 localEndPoint: 127.0.0.1:53175
TpTrace Verbose: 0 : 16644, 10, 2022/08/18, 19:53:02.627, 1663913504800, vstest.console.dll, TestRequestSender.OnExecutionMessageReceived: Received message: {"Version":5,"MessageType":"TestSession.Message","Payload":{"MessageLevel":0,"Message":"[xUnit.net 00:00:00.45]       Expected: True"}}
TpTrace Verbose: 0 : 16644, 10, 2022/08/18, 19:53:02.627, 1663913505987, vstest.console.dll, TestRunRequest:SendTestRunMessage: Starting.
TpTrace Verbose: 0 : 16644, 10, 2022/08/18, 19:53:02.627, 1663913506331, vstest.console.dll, MulticastDelegateUtilities.SafeInvoke: TestRun.LogMessages: Invoking callback 1/1 for Microsoft.VisualStudio.TestPlatform.CommandLine.TestRunResultAggregator.TestRunMessageHandler, took 0 ms.
TpTrace Information: 0 : 16644, 10, 2022/08/18, 19:53:02.627, 1663913506504, vstest.console.dll, TestRunRequest:SendTestRunMessage: Completed.
TpTrace Verbose: 0 : 16644, 10, 2022/08/18, 19:53:02.627, 1663913506711, vstest.console.dll, MulticastDelegateUtilities.SafeInvoke: LengthPrefixCommunicationChannel: MessageReceived: Invoking callback 1/1 for Microsoft.VisualStudio.TestPlatform.CommunicationUtilities.TestRequestSender+<>c__DisplayClass31_0.<StartTestRun>b__1, took 0 ms.
TpTrace Verbose: 0 : 16644, 10, 2022/08/18, 19:53:02.627, 1663913506887, vstest.console.dll, TcpClientExtensions.MessageLoopAsync: Polling on remoteEndPoint: 127.0.0.1:53176 localEndPoint: 127.0.0.1:53175
TpTrace Verbose: 0 : 16644, 4, 2022/08/18, 19:53:02.627, 1663913506868, vstest.console.dll, MulticastDelegateUtilities.SafeInvoke: InternalTestLoggerEvents.SendTestRunMessage: Invoking callback 1/1 for Microsoft.VisualStudio.TestPlatform.CommandLine.Internal.ConsoleLogger.TestMessageHandler, took 0 ms.
TpTrace Verbose: 0 : 16644, 10, 2022/08/18, 19:53:02.627, 1663913507123, vstest.console.dll, TcpClientExtensions.MessageLoopAsync: NotifyDataAvailable remoteEndPoint: 127.0.0.1:53176 localEndPoint: 127.0.0.1:53175
TpTrace Verbose: 0 : 16644, 10, 2022/08/18, 19:53:02.627, 1663913508224, vstest.console.dll, TestRequestSender.OnExecutionMessageReceived: Received message: {"Version":5,"MessageType":"TestSession.Message","Payload":{"MessageLevel":0,"Message":"[xUnit.net 00:00:00.45]       Actual:   False"}}
TpTrace Verbose: 0 : 16644, 10, 2022/08/18, 19:53:02.627, 1663913508722, vstest.console.dll, TestRunRequest:SendTestRunMessage: Starting.
TpTrace Verbose: 0 : 16644, 10, 2022/08/18, 19:53:02.628, 1663913509558, vstest.console.dll, MulticastDelegateUtilities.SafeInvoke: TestRun.LogMessages: Invoking callback 1/1 for Microsoft.VisualStudio.TestPlatform.CommandLine.TestRunResultAggregator.TestRunMessageHandler, took 0 ms.
TpTrace Information: 0 : 16644, 10, 2022/08/18, 19:53:02.628, 1663913509777, vstest.console.dll, TestRunRequest:SendTestRunMessage: Completed.
TpTrace Verbose: 0 : 16644, 10, 2022/08/18, 19:53:02.628, 1663913510042, vstest.console.dll, MulticastDelegateUtilities.SafeInvoke: LengthPrefixCommunicationChannel: MessageReceived: Invoking callback 1/1 for Microsoft.VisualStudio.TestPlatform.CommunicationUtilities.TestRequestSender+<>c__DisplayClass31_0.<StartTestRun>b__1, took 0 ms.
TpTrace Verbose: 0 : 16644, 10, 2022/08/18, 19:53:02.628, 1663913510250, vstest.console.dll, TcpClientExtensions.MessageLoopAsync: Polling on remoteEndPoint: 127.0.0.1:53176 localEndPoint: 127.0.0.1:53175
TpTrace Verbose: 0 : 16644, 4, 2022/08/18, 19:53:02.628, 1663913509759, vstest.console.dll, MulticastDelegateUtilities.SafeInvoke: InternalTestLoggerEvents.SendTestRunMessage: Invoking callback 1/1 for Microsoft.VisualStudio.TestPlatform.CommandLine.Internal.ConsoleLogger.TestMessageHandler, took 0 ms.
TpTrace Verbose: 0 : 16644, 10, 2022/08/18, 19:53:02.628, 1663913510445, vstest.console.dll, TcpClientExtensions.MessageLoopAsync: NotifyDataAvailable remoteEndPoint: 127.0.0.1:53176 localEndPoint: 127.0.0.1:53175
TpTrace Verbose: 0 : 16644, 10, 2022/08/18, 19:53:02.628, 1663913511887, vstest.console.dll, TestRequestSender.OnExecutionMessageReceived: Received message: {"Version":5,"MessageType":"TestSession.Message","Payload":{"MessageLevel":0,"Message":"[xUnit.net 00:00:00.45]       Stack Trace:"}}
TpTrace Verbose: 0 : 16644, 10, 2022/08/18, 19:53:02.628, 1663913512657, vstest.console.dll, TestRunRequest:SendTestRunMessage: Starting.
TpTrace Verbose: 0 : 16644, 10, 2022/08/18, 19:53:02.628, 1663913512974, vstest.console.dll, MulticastDelegateUtilities.SafeInvoke: TestRun.LogMessages: Invoking callback 1/1 for Microsoft.VisualStudio.TestPlatform.CommandLine.TestRunResultAggregator.TestRunMessageHandler, took 0 ms.
TpTrace Information: 0 : 16644, 10, 2022/08/18, 19:53:02.628, 1663913513147, vstest.console.dll, TestRunRequest:SendTestRunMessage: Completed.
TpTrace Verbose: 0 : 16644, 10, 2022/08/18, 19:53:02.628, 1663913513379, vstest.console.dll, MulticastDelegateUtilities.SafeInvoke: LengthPrefixCommunicationChannel: MessageReceived: Invoking callback 1/1 for Microsoft.VisualStudio.TestPlatform.CommunicationUtilities.TestRequestSender+<>c__DisplayClass31_0.<StartTestRun>b__1, took 0 ms.
TpTrace Verbose: 0 : 16644, 4, 2022/08/18, 19:53:02.628, 1663913513458, vstest.console.dll, MulticastDelegateUtilities.SafeInvoke: InternalTestLoggerEvents.SendTestRunMessage: Invoking callback 1/1 for Microsoft.VisualStudio.TestPlatform.CommandLine.Internal.ConsoleLogger.TestMessageHandler, took 0 ms.
TpTrace Verbose: 0 : 16644, 10, 2022/08/18, 19:53:02.628, 1663913513569, vstest.console.dll, TcpClientExtensions.MessageLoopAsync: Polling on remoteEndPoint: 127.0.0.1:53176 localEndPoint: 127.0.0.1:53175
TpTrace Verbose: 0 : 16644, 10, 2022/08/18, 19:53:02.628, 1663913515047, vstest.console.dll, TcpClientExtensions.MessageLoopAsync: NotifyDataAvailable remoteEndPoint: 127.0.0.1:53176 localEndPoint: 127.0.0.1:53175
TpTrace Verbose: 0 : 16644, 10, 2022/08/18, 19:53:02.628, 1663913515840, vstest.console.dll, TestRequestSender.OnExecutionMessageReceived: Received message: {"Version":5,"MessageType":"TestSession.Message","Payload":{"MessageLevel":0,"Message":"[xUnit.net 00:00:00.45]         C:\\Source\\Primo\\test\\Primo.UnitTests\\PrimoClassTest.cs(23,0): at Primo.UnitTests.PrimoClassTest.CheckPrimo_Okay_RetornTrue(Double numero)"}}
TpTrace Verbose: 0 : 16644, 10, 2022/08/18, 19:53:02.628, 1663913517088, vstest.console.dll, TestRunRequest:SendTestRunMessage: Starting.
TpTrace Verbose: 0 : 16644, 10, 2022/08/18, 19:53:02.628, 1663913517782, vstest.console.dll, MulticastDelegateUtilities.SafeInvoke: TestRun.LogMessages: Invoking callback 1/1 for Microsoft.VisualStudio.TestPlatform.CommandLine.TestRunResultAggregator.TestRunMessageHandler, took 0 ms.
TpTrace Information: 0 : 16644, 10, 2022/08/18, 19:53:02.628, 1663913518016, vstest.console.dll, TestRunRequest:SendTestRunMessage: Completed.
TpTrace Verbose: 0 : 16644, 4, 2022/08/18, 19:53:02.628, 1663913517937, vstest.console.dll, MulticastDelegateUtilities.SafeInvoke: InternalTestLoggerEvents.SendTestRunMessage: Invoking callback 1/1 for Microsoft.VisualStudio.TestPlatform.CommandLine.Internal.ConsoleLogger.TestMessageHandler, took 0 ms.
TpTrace Verbose: 0 : 16644, 10, 2022/08/18, 19:53:02.628, 1663913518208, vstest.console.dll, MulticastDelegateUtilities.SafeInvoke: LengthPrefixCommunicationChannel: MessageReceived: Invoking callback 1/1 for Microsoft.VisualStudio.TestPlatform.CommunicationUtilities.TestRequestSender+<>c__DisplayClass31_0.<StartTestRun>b__1, took 0 ms.
TpTrace Verbose: 0 : 16644, 10, 2022/08/18, 19:53:02.629, 1663913519298, vstest.console.dll, TcpClientExtensions.MessageLoopAsync: Polling on remoteEndPoint: 127.0.0.1:53176 localEndPoint: 127.0.0.1:53175
TpTrace Verbose: 0 : 16644, 10, 2022/08/18, 19:53:02.662, 1663913849488, vstest.console.dll, TcpClientExtensions.MessageLoopAsync: NotifyDataAvailable remoteEndPoint: 127.0.0.1:53176 localEndPoint: 127.0.0.1:53175
TpTrace Verbose: 0 : 16644, 10, 2022/08/18, 19:53:02.662, 1663913853253, vstest.console.dll, TestRequestSender.OnExecutionMessageReceived: Received message: {"Version":5,"MessageType":"TestExecution.StatsChange","Payload":{"NewTestResults":[{"TestCase":{"Id":"01e35a33-2f8b-d04d-c2bb-e2c7a6d3b6fc","FullyQualifiedName":"Primo.UnitTests.PrimoClassTest.CheckPrimo_Okay_RetornTrue","DisplayName":"Verifica se o número é primo tudo certo retorna verdadeiro(numero: 5)","ExecutorUri":"executor://xunit/VsTestRunner2/netcoreapp","Source":"C:\\Source\\Primo\\test\\Primo.UnitTests\\bin\\Debug\\net6.0\\fine-code-coverage\\build-output\\Primo.UnitTests.dll","CodeFilePath":null,"LineNumber":0,"Properties":[]},"Attachments":[],"Outcome":2,"ErrorMessage":"Assert.True() Failure\r\nExpected: True\r\nActual:   False","ErrorStackTrace":"   at Primo.UnitTests.PrimoClassTest.CheckPrimo_Okay_RetornTrue(Double numero) in C:\\Source\\Primo\\test\\Primo.UnitTests\\PrimoClassTest.cs:line 23","DisplayName":"Verifica se o número é primo tudo certo retorna verdadeiro(numero: 5)","Messages":[],"ComputerName":"LAPTOP-KC8MEVLT","Duration":"00:00:00.0035881","StartTime":"2022-08-18T22:53:02.6000503+00:00","EndTime":"2022-08-18T22:53:02.6000652+00:00","Properties":[]},{"TestCase":{"Id":"8f321ab5-f3ae-8c6c-4553-11e73bcdf873","FullyQualifiedName":"Primo.UnitTests.PrimoClassTest.CheckPrimo_Okay_RetornTrue","DisplayName":"Verifica se o número é primo tudo certo retorna verdadeiro(numero: 3)","ExecutorUri":"executor://xunit/VsTestRunner2/netcoreapp","Source":"C:\\Source\\Primo\\test\\Primo.UnitTests\\bin\\Debug\\net6.0\\fine-code-coverage\\build-output\\Primo.UnitTests.dll","CodeFilePath":null,"LineNumber":0,"Properties":[]},"Attachments":[],"Outcome":2,"ErrorMessage":"Assert.True() Failure\r\nExpected: True\r\nActual:   False","ErrorStackTrace":"   at Primo.UnitTests.PrimoClassTest.CheckPrimo_Okay_RetornTrue(Double numero) in C:\\Source\\Primo\\test\\Primo.UnitTests\\PrimoClassTest.cs:line 23","DisplayName":"Verifica se o número é primo tudo certo retorna verdadeiro(numero: 3)","Messages":[],"ComputerName":"LAPTOP-KC8MEVLT","Duration":"00:00:00.0002916","StartTime":"2022-08-18T22:53:02.6182616+00:00","EndTime":"2022-08-18T22:53:02.6182617+00:00","Properties":[]},{"TestCase":{"Id":"85a075d8-d5dc-6977-d2db-6518d2d7bfd7","FullyQualifiedName":"Primo.UnitTests.PrimoClassTest.CheckPrimo_Okay_RetornTrue","DisplayName":"Verifica se o número é primo tudo certo retorna verdadeiro(numero: 31)","ExecutorUri":"executor://xunit/VsTestRunner2/netcoreapp","Source":"C:\\Source\\Primo\\test\\Primo.UnitTests\\bin\\Debug\\net6.0\\fine-code-coverage\\build-output\\Primo.UnitTests.dll","CodeFilePath":null,"LineNumber":0,"Properties":[]},"Attachments":[],"Outcome":2,"ErrorMessage":"Assert.True() Failure\r\nExpected: True\r\nActual:   False","ErrorStackTrace":"   at Primo.UnitTests.PrimoClassTest.CheckPrimo_Okay_RetornTrue(Double numero) in C:\\Source\\Primo\\test\\Primo.UnitTests\\PrimoClassTest.cs:line 23","DisplayName":"Verifica se o número é primo tudo certo retorna verdadeiro(numero: 31)","Messages":[],"ComputerName":"LAPTOP-KC8MEVLT","Duration":"00:00:00.0001878","StartTime":"2022-08-18T22:53:02.6216045+00:00","EndTime":"2022-08-18T22:53:02.6216046+00:00","Properties":[]},{"TestCase":{"Id":"0fbd88a7-8327-09be-0589-414160b134e0","FullyQualifiedName":"Primo.UnitTests.PrimoClassTest.CheckPrimo_Okay_RetornTrue","DisplayName":"Verifica se o número é primo tudo certo retorna verdadeiro(numero: 2)","ExecutorUri":"executor://xunit/VsTestRunner2/netcoreapp","Source":"C:\\Source\\Primo\\test\\Primo.UnitTests\\bin\\Debug\\net6.0\\fine-code-coverage\\build-output\\Primo.UnitTests.dll","CodeFilePath":null,"LineNumber":0,"Properties":[]},"Attachments":[],"Outcome":2,"ErrorMessage":"Assert.True() Failure\r\nExpected: True\r\nActual:   False","ErrorStackTrace":"   at Primo.UnitTests.PrimoClassTest.CheckPrimo_Okay_RetornTrue(Double numero) in C:\\Source\\Primo\\test\\Primo.UnitTests\\PrimoClassTest.cs:line 23","DisplayName":"Verifica se o número é primo tudo certo retorna verdadeiro(numero: 2)","Messages":[],"ComputerName":"LAPTOP-KC8MEVLT","Duration":"00:00:00.0001629","StartTime":"2022-08-18T22:53:02.6245208+00:00","EndTime":"2022-08-18T22:53:02.6245209+00:00","Properties":[]},{"TestCase":{"Id":"5dad081e-d41a-ba0d-9be6-8ece9607c50d","FullyQualifiedName":"Primo.UnitTests.PrimoClassTest.CheckPrimo_Okay_RetornTrue","DisplayName":"Verifica se o número é primo tudo certo retorna verdadeiro(numero: 7)","ExecutorUri":"executor://xunit/VsTestRunner2/netcoreapp","Source":"C:\\Source\\Primo\\test\\Primo.UnitTests\\bin\\Debug\\net6.0\\fine-code-coverage\\build-output\\Primo.UnitTests.dll","CodeFilePath":null,"LineNumber":0,"Properties":[]},"Attachments":[],"Outcome":2,"ErrorMessage":"Assert.True() Failure\r\nExpected: True\r\nActual:   False","ErrorStackTrace":"   at Primo.UnitTests.PrimoClassTest.CheckPrimo_Okay_RetornTrue(Double numero) in C:\\Source\\Primo\\test\\Primo.UnitTests\\PrimoClassTest.cs:line 23","DisplayName":"Verifica se o número é primo tudo certo retorna verdadeiro(numero: 7)","Messages":[],"ComputerName":"LAPTOP-KC8MEVLT","Duration":"00:00:00.0001929","StartTime":"2022-08-18T22:53:02.6271398+00:00","EndTime":"2022-08-18T22:53:02.62714+00:00","Properties":[]},{"TestCase":{"Id":"a8c48868-fe6c-c540-3b3f-36b583fd2634","FullyQualifiedName":"Primo.UnitTests.PrimoClassTest.CheckNumeroEstaIntervalo_Okay_RetornTrue","DisplayName":"Verifica se o número está no intervalor tudo certo retorna verdadeiro(numero: 5)","ExecutorUri":"executor://xunit/VsTestRunner2/netcoreapp","Source":"C:\\Source\\Primo\\test\\Primo.UnitTests\\bin\\Debug\\net6.0\\fine-code-coverage\\build-output\\Primo.UnitTests.dll","CodeFilePath":null,"LineNumber":0,"Properties":[]},"Attachments":[],"Outcome":1,"ErrorMessage":null,"ErrorStackTrace":null,"DisplayName":"Verifica se o número está no intervalor tudo certo retorna verdadeiro(numero: 5)","Messages":[],"ComputerName":"LAPTOP-KC8MEVLT","Duration":"00:00:00.0008965","StartTime":"2022-08-18T22:53:02.6304276+00:00","EndTime":"2022-08-18T22:53:02.6304281+00:00","Properties":[]},{"TestCase":{"Id":"e2ca607b-c4e7-7ce5-bcf3-8e64f89d400b","FullyQualifiedName":"Primo.UnitTests.PrimoClassTest.CheckNumeroEstaIntervalo_Okay_RetornTrue","DisplayName":"Verifica se o número está no intervalor tudo certo retorna verdadeiro(numero: 4)","ExecutorUri":"executor://xunit/VsTestRunner2/netcoreapp","Source":"C:\\Source\\Primo\\test\\Primo.UnitTests\\bin\\Debug\\net6.0\\fine-code-coverage\\build-output\\Primo.UnitTests.dll","CodeFilePath":null,"LineNumber":0,"Properties":[]},"Attachments":[],"Outcome":1,"ErrorMessage":null,"ErrorStackTrace":null,"DisplayName":"Verifica se o número está no intervalor tudo certo retorna verdadeiro(numero: 4)","Messages":[],"ComputerName":"LAPTOP-KC8MEVLT","Duration":"00:00:00.0000179","StartTime":"2022-08-18T22:53:02.6341896+00:00","EndTime":"2022-08-18T22:53:02.6341899+00:00","Properties":[]},{"TestCase":{"Id":"39c15c50-20e2-3215-2416-465c675f2b68","FullyQualifiedName":"Primo.UnitTests.PrimoClassTest.CheckNumeroEstaIntervalo_Okay_RetornTrue","DisplayName":"Verifica se o número está no intervalor tudo certo retorna verdadeiro(numero: 9)","ExecutorUri":"executor://xunit/VsTestRunner2/netcoreapp","Source":"C:\\Source\\Primo\\test\\Primo.UnitTests\\bin\\Debug\\net6.0\\fine-code-coverage\\build-output\\Primo.UnitTests.dll","CodeFilePath":null,"LineNumber":0,"Properties":[]},"Attachments":[],"Outcome":1,"ErrorMessage":null,"ErrorStackTrace":null,"DisplayName":"Verifica se o número está no intervalor tudo certo retorna verdadeiro(numero: 9)","Messages":[],"ComputerName":"LAPTOP-KC8MEVLT","Duration":"00:00:00.0000020","StartTime":"2022-08-18T22:53:02.6370645+00:00","EndTime":"2022-08-18T22:53:02.6370646+00:00","Properties":[]},{"TestCase":{"Id":"a99c8300-effe-f935-d77c-eadb345039f7","FullyQualifiedName":"Primo.UnitTests.PrimoClassTest.CheckNumeroEstaIntervalo_Okay_RetornTrue","DisplayName":"Verifica se o número está no intervalor tudo certo retorna verdadeiro(numero: 42)","ExecutorUri":"executor://xunit/VsTestRunner2/netcoreapp","Source":"C:\\Source\\Primo\\test\\Primo.UnitTests\\bin\\Debug\\net6.0\\fine-code-coverage\\build-output\\Primo.UnitTests.dll","CodeFilePath":null,"LineNumber":0,"Properties":[]},"Attachments":[],"Outcome":1,"ErrorMessage":null,"ErrorStackTrace":null,"DisplayName":"Verifica se o número está no intervalor tudo certo retorna verdadeiro(numero: 42)","Messages":[],"ComputerName":"LAPTOP-KC8MEVLT","Duration":"00:00:00.0000039","StartTime":"2022-08-18T22:53:02.638727+00:00","EndTime":"2022-08-18T22:53:02.6387271+00:00","Properties":[]}],"TestRunStatistics":{"ExecutedTests":9,"Stats":{"Failed":5,"Passed":4}},"ActiveTests":[{"Id":"c106df3a-5638-0425-c32c-cfb0c1f4aee4","FullyQualifiedName":"Primo.UnitTests.PrimoClassTest.CheckNumeroEstaIntervalo_Okay_RetornTrue","DisplayName":"Verifica se o número está no intervalor tudo certo retorna verdadeiro(numero: 3)","ExecutorUri":"executor://xunit/VsTestRunner2/netcoreapp","Source":"C:\\Source\\Primo\\test\\Primo.UnitTests\\bin\\Debug\\net6.0\\fine-code-coverage\\build-output\\Primo.UnitTests.dll","CodeFilePath":null,"LineNumber":0,"Properties":[]}]}}
TpTrace Verbose: 0 : 16644, 10, 2022/08/18, 19:53:02.685, 1663914083395, vstest.console.dll, TestRunRequest:SendTestRunStatsChange: Starting.
TpTrace Verbose: 0 : 16644, 10, 2022/08/18, 19:53:02.685, 1663914084729, vstest.console.dll, InProgress is Verifica se o número está no intervalor tudo certo retorna verdadeiro(numero: 3)
TpTrace Verbose: 0 : 16644, 10, 2022/08/18, 19:53:02.685, 1663914086598, vstest.console.dll, MulticastDelegateUtilities.SafeInvoke: TestRun.RunStatsChanged: Invoking callbacks was skipped because there are no subscribers.
TpTrace Information: 0 : 16644, 10, 2022/08/18, 19:53:02.685, 1663914086845, vstest.console.dll, TestRunRequest:SendTestRunStatsChange: Completed.
TpTrace Verbose: 0 : 16644, 10, 2022/08/18, 19:53:02.685, 1663914087043, vstest.console.dll, MulticastDelegateUtilities.SafeInvoke: LengthPrefixCommunicationChannel: MessageReceived: Invoking callback 1/1 for Microsoft.VisualStudio.TestPlatform.CommunicationUtilities.TestRequestSender+<>c__DisplayClass31_0.<StartTestRun>b__1, took 23 ms.
TpTrace Verbose: 0 : 16644, 10, 2022/08/18, 19:53:02.685, 1663914087294, vstest.console.dll, TcpClientExtensions.MessageLoopAsync: Polling on remoteEndPoint: 127.0.0.1:53176 localEndPoint: 127.0.0.1:53175
TpTrace Verbose: 0 : 16644, 10, 2022/08/18, 19:53:02.689, 1663914123339, vstest.console.dll, TcpClientExtensions.MessageLoopAsync: NotifyDataAvailable remoteEndPoint: 127.0.0.1:53176 localEndPoint: 127.0.0.1:53175
TpTrace Verbose: 0 : 16644, 10, 2022/08/18, 19:53:02.693, 1663914167404, vstest.console.dll, TestRequestSender.OnExecutionMessageReceived: Received message: {"Version":5,"MessageType":"TestExecution.StatsChange","Payload":{"NewTestResults":[{"TestCase":{"Id":"c106df3a-5638-0425-c32c-cfb0c1f4aee4","FullyQualifiedName":"Primo.UnitTests.PrimoClassTest.CheckNumeroEstaIntervalo_Okay_RetornTrue","DisplayName":"Verifica se o número está no intervalor tudo certo retorna verdadeiro(numero: 3)","ExecutorUri":"executor://xunit/VsTestRunner2/netcoreapp","Source":"C:\\Source\\Primo\\test\\Primo.UnitTests\\bin\\Debug\\net6.0\\fine-code-coverage\\build-output\\Primo.UnitTests.dll","CodeFilePath":null,"LineNumber":0,"Properties":[]},"Attachments":[],"Outcome":1,"ErrorMessage":null,"ErrorStackTrace":null,"DisplayName":"Verifica se o número está no intervalor tudo certo retorna verdadeiro(numero: 3)","Messages":[],"ComputerName":"LAPTOP-KC8MEVLT","Duration":"00:00:00.0000020","StartTime":"2022-08-18T22:53:02.663479+00:00","EndTime":"2022-08-18T22:53:02.6634791+00:00","Properties":[]},{"TestCase":{"Id":"ab358301-3b31-338b-2430-a0498cc32556","FullyQualifiedName":"Primo.UnitTests.PrimoClassTest.CheckNumeroEstaIntervalo_Okay_RetornTrue","DisplayName":"Verifica se o número está no intervalor tudo certo retorna verdadeiro(numero: 21)","ExecutorUri":"executor://xunit/VsTestRunner2/netcoreapp","Source":"C:\\Source\\Primo\\test\\Primo.UnitTests\\bin\\Debug\\net6.0\\fine-code-coverage\\build-output\\Primo.UnitTests.dll","CodeFilePath":null,"LineNumber":0,"Properties":[]},"Attachments":[],"Outcome":1,"ErrorMessage":null,"ErrorStackTrace":null,"DisplayName":"Verifica se o número está no intervalor tudo certo retorna verdadeiro(numero: 21)","Messages":[],"ComputerName":"LAPTOP-KC8MEVLT","Duration":"00:00:00.0000019","StartTime":"2022-08-18T22:53:02.6660175+00:00","EndTime":"2022-08-18T22:53:02.6660176+00:00","Properties":[]},{"TestCase":{"Id":"3e8b12aa-ed11-853a-2636-2444efc8fa61","FullyQualifiedName":"Primo.UnitTests.PrimoClassTest.CheckNumeroEstaIntervalo_Okay_RetornTrue","DisplayName":"Verifica se o número está no intervalor tudo certo retorna verdadeiro(numero: 2)","ExecutorUri":"executor://xunit/VsTestRunner2/netcoreapp","Source":"C:\\Source\\Primo\\test\\Primo.UnitTests\\bin\\Debug\\net6.0\\fine-code-coverage\\build-output\\Primo.UnitTests.dll","CodeFilePath":null,"LineNumber":0,"Properties":[]},"Attachments":[],"Outcome":1,"ErrorMessage":null,"ErrorStackTrace":null,"DisplayName":"Verifica se o número está no intervalor tudo certo retorna verdadeiro(numero: 2)","Messages":[],"ComputerName":"LAPTOP-KC8MEVLT","Duration":"00:00:00.0000018","StartTime":"2022-08-18T22:53:02.6699554+00:00","EndTime":"2022-08-18T22:53:02.6699557+00:00","Properties":[]},{"TestCase":{"Id":"e34354a7-71b1-bcf8-e99f-1e5e5060ea55","FullyQualifiedName":"Primo.UnitTests.PrimoClassTest.CheckNumeroEstaIntervalo_Okay_RetornTrue","DisplayName":"Verifica se o número está no intervalor tudo certo retorna verdadeiro(numero: 145)","ExecutorUri":"executor://xunit/VsTestRunner2/netcoreapp","Source":"C:\\Source\\Primo\\test\\Primo.UnitTests\\bin\\Debug\\net6.0\\fine-code-coverage\\build-output\\Primo.UnitTests.dll","CodeFilePath":null,"LineNumber":0,"Properties":[]},"Attachments":[],"Outcome":1,"ErrorMessage":null,"ErrorStackTrace":null,"DisplayName":"Verifica se o número está no intervalor tudo certo retorna verdadeiro(numero: 145)","Messages":[],"ComputerName":"LAPTOP-KC8MEVLT","Duration":"00:00:00.0000019","StartTime":"2022-08-18T22:53:02.6729966+00:00","EndTime":"2022-08-18T22:53:02.6729967+00:00","Properties":[]},{"TestCase":{"Id":"135c5059-07cf-bb83-ac85-03905f242557","FullyQualifiedName":"Primo.UnitTests.PrimoClassTest.CheckNumeroEstaIntervalo_Okay_RetornFalse","DisplayName":"Verifica se o número não está no intervalor tudo certo retorna False(numero: 1000000001)","ExecutorUri":"executor://xunit/VsTestRunner2/netcoreapp","Source":"C:\\Source\\Primo\\test\\Primo.UnitTests\\bin\\Debug\\net6.0\\fine-code-coverage\\build-output\\Primo.UnitTests.dll","CodeFilePath":null,"LineNumber":0,"Properties":[]},"Attachments":[],"Outcome":1,"ErrorMessage":null,"ErrorStackTrace":null,"DisplayName":"Verifica se o número não está no intervalor tudo certo retorna False(numero: 1000000001)","Messages":[],"ComputerName":"LAPTOP-KC8MEVLT","Duration":"00:00:00.0001683","StartTime":"2022-08-18T22:53:02.6762652+00:00","EndTime":"2022-08-18T22:53:02.6762653+00:00","Properties":[]},{"TestCase":{"Id":"a6077453-6987-cbc4-52fe-ca2cf4e4bc82","FullyQualifiedName":"Primo.UnitTests.PrimoClassTest.CheckNumeroEstaIntervalo_Okay_RetornFalse","DisplayName":"Verifica se o número não está no intervalor tudo certo retorna False(numero: -2)","ExecutorUri":"executor://xunit/VsTestRunner2/netcoreapp","Source":"C:\\Source\\Primo\\test\\Primo.UnitTests\\bin\\Debug\\net6.0\\fine-code-coverage\\build-output\\Primo.UnitTests.dll","CodeFilePath":null,"LineNumber":0,"Properties":[]},"Attachments":[],"Outcome":1,"ErrorMessage":null,"ErrorStackTrace":null,"DisplayName":"Verifica se o número não está no intervalor tudo certo retorna False(numero: -2)","Messages":[],"ComputerName":"LAPTOP-KC8MEVLT","Duration":"00:00:00.0000044","StartTime":"2022-08-18T22:53:02.6785057+00:00","EndTime":"2022-08-18T22:53:02.6785063+00:00","Properties":[]},{"TestCase":{"Id":"1bc9dd03-772d-64a7-4a23-e96ba145691f","FullyQualifiedName":"Primo.UnitTests.PrimoClassTest.CheckPrimo_Okay_RetornFalse","DisplayName":"Verifica se o número não é primo tudo certo retorna falso(numero: 42)","ExecutorUri":"executor://xunit/VsTestRunner2/netcoreapp","Source":"C:\\Source\\Primo\\test\\Primo.UnitTests\\bin\\Debug\\net6.0\\fine-code-coverage\\build-output\\Primo.UnitTests.dll","CodeFilePath":null,"LineNumber":0,"Properties":[]},"Attachments":[],"Outcome":1,"ErrorMessage":null,"ErrorStackTrace":null,"DisplayName":"Verifica se o número não é primo tudo certo retorna falso(numero: 42)","Messages":[],"ComputerName":"LAPTOP-KC8MEVLT","Duration":"00:00:00.0000665","StartTime":"2022-08-18T22:53:02.6819962+00:00","EndTime":"2022-08-18T22:53:02.6819965+00:00","Properties":[]},{"TestCase":{"Id":"acca7f79-f3c9-38d8-e854-d58dabd1897a","FullyQualifiedName":"Primo.UnitTests.PrimoClassTest.CheckPrimo_Okay_RetornFalse","DisplayName":"Verifica se o número não é primo tudo certo retorna falso(numero: 4)","ExecutorUri":"executor://xunit/VsTestRunner2/netcoreapp","Source":"C:\\Source\\Primo\\test\\Primo.UnitTests\\bin\\Debug\\net6.0\\fine-code-coverage\\build-output\\Primo.UnitTests.dll","CodeFilePath":null,"LineNumber":0,"Properties":[]},"Attachments":[],"Outcome":1,"ErrorMessage":null,"ErrorStackTrace":null,"DisplayName":"Verifica se o número não é primo tudo certo retorna falso(numero: 4)","Messages":[],"ComputerName":"LAPTOP-KC8MEVLT","Duration":"00:00:00.0000034","StartTime":"2022-08-18T22:53:02.6841836+00:00","EndTime":"2022-08-18T22:53:02.6841838+00:00","Properties":[]},{"TestCase":{"Id":"d6303f5a-c8c0-95f4-a6ca-1940e36102a7","FullyQualifiedName":"Primo.UnitTests.PrimoClassTest.CheckPrimo_Okay_RetornFalse","DisplayName":"Verifica se o número não é primo tudo certo retorna falso(numero: 145)","ExecutorUri":"executor://xunit/VsTestRunner2/netcoreapp","Source":"C:\\Source\\Primo\\test\\Primo.UnitTests\\bin\\Debug\\net6.0\\fine-code-coverage\\build-output\\Primo.UnitTests.dll","CodeFilePath":null,"LineNumber":0,"Properties":[]},"Attachments":[],"Outcome":1,"ErrorMessage":null,"ErrorStackTrace":null,"DisplayName":"Verifica se o número não é primo tudo certo retorna falso(numero: 145)","Messages":[],"ComputerName":"LAPTOP-KC8MEVLT","Duration":"00:00:00.0000024","StartTime":"2022-08-18T22:53:02.6870589+00:00","EndTime":"2022-08-18T22:53:02.6870592+00:00","Properties":[]}],"TestRunStatistics":{"ExecutedTests":18,"Stats":{"Failed":5,"Passed":13}},"ActiveTests":[{"Id":"f3e53518-91cd-5809-27e4-da4e05471a82","FullyQualifiedName":"Primo.UnitTests.PrimoClassTest.CheckPrimo_Okay_RetornFalse","DisplayName":"Verifica se o número não é primo tudo certo retorna falso(numero: 9)","ExecutorUri":"executor://xunit/VsTestRunner2/netcoreapp","Source":"C:\\Source\\Primo\\test\\Primo.UnitTests\\bin\\Debug\\net6.0\\fine-code-coverage\\build-output\\Primo.UnitTests.dll","CodeFilePath":null,"LineNumber":0,"Properties":[]}]}}
TpTrace Verbose: 0 : 16644, 10, 2022/08/18, 19:53:02.694, 1663914173760, vstest.console.dll, TestRunRequest:SendTestRunStatsChange: Starting.
TpTrace Verbose: 0 : 16644, 10, 2022/08/18, 19:53:02.694, 1663914174398, vstest.console.dll, InProgress is Verifica se o número não é primo tudo certo retorna falso(numero: 9)
TpTrace Verbose: 0 : 16644, 10, 2022/08/18, 19:53:02.694, 1663914174750, vstest.console.dll, MulticastDelegateUtilities.SafeInvoke: TestRun.RunStatsChanged: Invoking callbacks was skipped because there are no subscribers.
TpTrace Information: 0 : 16644, 10, 2022/08/18, 19:53:02.694, 1663914174919, vstest.console.dll, TestRunRequest:SendTestRunStatsChange: Completed.
TpTrace Verbose: 0 : 16644, 10, 2022/08/18, 19:53:02.694, 1663914175125, vstest.console.dll, MulticastDelegateUtilities.SafeInvoke: LengthPrefixCommunicationChannel: MessageReceived: Invoking callback 1/1 for Microsoft.VisualStudio.TestPlatform.CommunicationUtilities.TestRequestSender+<>c__DisplayClass31_0.<StartTestRun>b__1, took 0 ms.
TpTrace Verbose: 0 : 16644, 10, 2022/08/18, 19:53:02.694, 1663914175329, vstest.console.dll, TcpClientExtensions.MessageLoopAsync: Polling on remoteEndPoint: 127.0.0.1:53176 localEndPoint: 127.0.0.1:53175
TpTrace Verbose: 0 : 16644, 10, 2022/08/18, 19:53:02.696, 1663914190677, vstest.console.dll, TcpClientExtensions.MessageLoopAsync: NotifyDataAvailable remoteEndPoint: 127.0.0.1:53176 localEndPoint: 127.0.0.1:53175
TpTrace Verbose: 0 : 16644, 4, 2022/08/18, 19:53:02.696, 1663914190657, vstest.console.dll, MulticastDelegateUtilities.SafeInvoke: InternalTestLoggerEvents.SendTestResult: Invoking callback 1/1 for Microsoft.VisualStudio.TestPlatform.CommandLine.Internal.ConsoleLogger.TestResultHandler, took 10 ms.
TpTrace Verbose: 0 : 16644, 10, 2022/08/18, 19:53:02.696, 1663914191880, vstest.console.dll, TestRequestSender.OnExecutionMessageReceived: Received message: {"Version":5,"MessageType":"TestSession.Message","Payload":{"MessageLevel":0,"Message":"[xUnit.net 00:00:00.52]   Finished:    Primo.UnitTests"}}
TpTrace Verbose: 0 : 16644, 10, 2022/08/18, 19:53:02.696, 1663914193506, vstest.console.dll, TestRunRequest:SendTestRunMessage: Starting.
TpTrace Verbose: 0 : 16644, 10, 2022/08/18, 19:53:02.696, 1663914194151, vstest.console.dll, MulticastDelegateUtilities.SafeInvoke: TestRun.LogMessages: Invoking callback 1/1 for Microsoft.VisualStudio.TestPlatform.CommandLine.TestRunResultAggregator.TestRunMessageHandler, took 0 ms.
TpTrace Information: 0 : 16644, 10, 2022/08/18, 19:53:02.696, 1663914194408, vstest.console.dll, TestRunRequest:SendTestRunMessage: Completed.
TpTrace Verbose: 0 : 16644, 10, 2022/08/18, 19:53:02.696, 1663914194638, vstest.console.dll, MulticastDelegateUtilities.SafeInvoke: LengthPrefixCommunicationChannel: MessageReceived: Invoking callback 1/1 for Microsoft.VisualStudio.TestPlatform.CommunicationUtilities.TestRequestSender+<>c__DisplayClass31_0.<StartTestRun>b__1, took 0 ms.
TpTrace Verbose: 0 : 16644, 10, 2022/08/18, 19:53:02.696, 1663914194902, vstest.console.dll, TcpClientExtensions.MessageLoopAsync: Polling on remoteEndPoint: 127.0.0.1:53176 localEndPoint: 127.0.0.1:53175
TpTrace Verbose: 0 : 16644, 4, 2022/08/18, 19:53:02.696, 1663914195523, vstest.console.dll, MulticastDelegateUtilities.SafeInvoke: InternalTestLoggerEvents.SendTestResult: Invoking callback 1/1 for Microsoft.VisualStudio.TestPlatform.CommandLine.Internal.ConsoleLogger.TestResultHandler, took 0 ms.
TpTrace Verbose: 0 : 16644, 4, 2022/08/18, 19:53:02.696, 1663914197782, vstest.console.dll, MulticastDelegateUtilities.SafeInvoke: InternalTestLoggerEvents.SendTestResult: Invoking callback 1/1 for Microsoft.VisualStudio.TestPlatform.CommandLine.Internal.ConsoleLogger.TestResultHandler, took 0 ms.
TpTrace Verbose: 0 : 16644, 4, 2022/08/18, 19:53:02.697, 1663914199528, vstest.console.dll, MulticastDelegateUtilities.SafeInvoke: InternalTestLoggerEvents.SendTestResult: Invoking callback 1/1 for Microsoft.VisualStudio.TestPlatform.CommandLine.Internal.ConsoleLogger.TestResultHandler, took 0 ms.
TpTrace Verbose: 0 : 16644, 4, 2022/08/18, 19:53:02.697, 1663914201024, vstest.console.dll, MulticastDelegateUtilities.SafeInvoke: InternalTestLoggerEvents.SendTestResult: Invoking callback 1/1 for Microsoft.VisualStudio.TestPlatform.CommandLine.Internal.ConsoleLogger.TestResultHandler, took 0 ms.
TpTrace Verbose: 0 : 16644, 4, 2022/08/18, 19:53:02.697, 1663914201659, vstest.console.dll, MulticastDelegateUtilities.SafeInvoke: InternalTestLoggerEvents.SendTestResult: Invoking callback 1/1 for Microsoft.VisualStudio.TestPlatform.CommandLine.Internal.ConsoleLogger.TestResultHandler, took 0 ms.
TpTrace Verbose: 0 : 16644, 4, 2022/08/18, 19:53:02.697, 1663914201920, vstest.console.dll, MulticastDelegateUtilities.SafeInvoke: InternalTestLoggerEvents.SendTestResult: Invoking callback 1/1 for Microsoft.VisualStudio.TestPlatform.CommandLine.Internal.ConsoleLogger.TestResultHandler, took 0 ms.
TpTrace Verbose: 0 : 16644, 4, 2022/08/18, 19:53:02.697, 1663914202143, vstest.console.dll, MulticastDelegateUtilities.SafeInvoke: InternalTestLoggerEvents.SendTestResult: Invoking callback 1/1 for Microsoft.VisualStudio.TestPlatform.CommandLine.Internal.ConsoleLogger.TestResultHandler, took 0 ms.
TpTrace Verbose: 0 : 16644, 4, 2022/08/18, 19:53:02.697, 1663914202355, vstest.console.dll, MulticastDelegateUtilities.SafeInvoke: InternalTestLoggerEvents.SendTestResult: Invoking callback 1/1 for Microsoft.VisualStudio.TestPlatform.CommandLine.Internal.ConsoleLogger.TestResultHandler, took 0 ms.
TpTrace Verbose: 0 : 16644, 4, 2022/08/18, 19:53:02.698, 1663914216967, vstest.console.dll, MulticastDelegateUtilities.SafeInvoke: InternalTestLoggerEvents.SendTestResult: Invoking callback 1/1 for Microsoft.VisualStudio.TestPlatform.CommandLine.Internal.ConsoleLogger.TestResultHandler, took 1 ms.
TpTrace Verbose: 0 : 16644, 4, 2022/08/18, 19:53:02.698, 1663914218379, vstest.console.dll, MulticastDelegateUtilities.SafeInvoke: InternalTestLoggerEvents.SendTestResult: Invoking callback 1/1 for Microsoft.VisualStudio.TestPlatform.CommandLine.Internal.ConsoleLogger.TestResultHandler, took 0 ms.
TpTrace Verbose: 0 : 16644, 4, 2022/08/18, 19:53:02.698, 1663914218715, vstest.console.dll, MulticastDelegateUtilities.SafeInvoke: InternalTestLoggerEvents.SendTestResult: Invoking callback 1/1 for Microsoft.VisualStudio.TestPlatform.CommandLine.Internal.ConsoleLogger.TestResultHandler, took 0 ms.
TpTrace Verbose: 0 : 16644, 4, 2022/08/18, 19:53:02.698, 1663914218942, vstest.console.dll, MulticastDelegateUtilities.SafeInvoke: InternalTestLoggerEvents.SendTestResult: Invoking callback 1/1 for Microsoft.VisualStudio.TestPlatform.CommandLine.Internal.ConsoleLogger.TestResultHandler, took 0 ms.
TpTrace Verbose: 0 : 16644, 4, 2022/08/18, 19:53:02.699, 1663914219166, vstest.console.dll, MulticastDelegateUtilities.SafeInvoke: InternalTestLoggerEvents.SendTestResult: Invoking callback 1/1 for Microsoft.VisualStudio.TestPlatform.CommandLine.Internal.ConsoleLogger.TestResultHandler, took 0 ms.
TpTrace Verbose: 0 : 16644, 4, 2022/08/18, 19:53:02.699, 1663914219434, vstest.console.dll, MulticastDelegateUtilities.SafeInvoke: InternalTestLoggerEvents.SendTestResult: Invoking callback 1/1 for Microsoft.VisualStudio.TestPlatform.CommandLine.Internal.ConsoleLogger.TestResultHandler, took 0 ms.
TpTrace Verbose: 0 : 16644, 4, 2022/08/18, 19:53:02.699, 1663914219653, vstest.console.dll, MulticastDelegateUtilities.SafeInvoke: InternalTestLoggerEvents.SendTestResult: Invoking callback 1/1 for Microsoft.VisualStudio.TestPlatform.CommandLine.Internal.ConsoleLogger.TestResultHandler, took 0 ms.
TpTrace Verbose: 0 : 16644, 4, 2022/08/18, 19:53:02.699, 1663914219867, vstest.console.dll, MulticastDelegateUtilities.SafeInvoke: InternalTestLoggerEvents.SendTestResult: Invoking callback 1/1 for Microsoft.VisualStudio.TestPlatform.CommandLine.Internal.ConsoleLogger.TestResultHandler, took 0 ms.
TpTrace Verbose: 0 : 16644, 4, 2022/08/18, 19:53:02.699, 1663914220115, vstest.console.dll, MulticastDelegateUtilities.SafeInvoke: InternalTestLoggerEvents.SendTestResult: Invoking callback 1/1 for Microsoft.VisualStudio.TestPlatform.CommandLine.Internal.ConsoleLogger.TestResultHandler, took 0 ms.
TpTrace Verbose: 0 : 16644, 4, 2022/08/18, 19:53:02.699, 1663914220526, vstest.console.dll, MulticastDelegateUtilities.SafeInvoke: InternalTestLoggerEvents.SendTestRunMessage: Invoking callback 1/1 for Microsoft.VisualStudio.TestPlatform.CommandLine.Internal.ConsoleLogger.TestMessageHandler, took 0 ms.
TpTrace Verbose: 0 : 16644, 10, 2022/08/18, 19:53:02.708, 1663914313171, vstest.console.dll, TcpClientExtensions.MessageLoopAsync: NotifyDataAvailable remoteEndPoint: 127.0.0.1:53176 localEndPoint: 127.0.0.1:53175
TpTrace Verbose: 0 : 16644, 10, 2022/08/18, 19:53:02.708, 1663914314574, vstest.console.dll, TestRequestSender.OnExecutionMessageReceived: Received message: {"Version":5,"MessageType":"TestExecution.Completed","Payload":{"TestRunCompleteArgs":{"TestRunStatistics":{"ExecutedTests":20,"Stats":{"Failed":5,"Passed":15}},"IsCanceled":false,"IsAborted":false,"Error":null,"AttachmentSets":[],"ElapsedTimeInRunningTests":"00:00:00.5318813","Metrics":{}},"LastRunTests":{"NewTestResults":[{"TestCase":{"Id":"f3e53518-91cd-5809-27e4-da4e05471a82","FullyQualifiedName":"Primo.UnitTests.PrimoClassTest.CheckPrimo_Okay_RetornFalse","DisplayName":"Verifica se o número não é primo tudo certo retorna falso(numero: 9)","ExecutorUri":"executor://xunit/VsTestRunner2/netcoreapp","Source":"C:\\Source\\Primo\\test\\Primo.UnitTests\\bin\\Debug\\net6.0\\fine-code-coverage\\build-output\\Primo.UnitTests.dll","CodeFilePath":null,"LineNumber":0,"Properties":[]},"Attachments":[],"Outcome":1,"ErrorMessage":null,"ErrorStackTrace":null,"DisplayName":"Verifica se o número não é primo tudo certo retorna falso(numero: 9)","Messages":[],"ComputerName":"LAPTOP-KC8MEVLT","Duration":"00:00:00.0000020","StartTime":"2022-08-18T22:53:02.6905169+00:00","EndTime":"2022-08-18T22:53:02.690517+00:00","Properties":[]},{"TestCase":{"Id":"d177762c-c6c8-4474-c7f1-7c01238b01ff","FullyQualifiedName":"Primo.UnitTests.PrimoClassTest.CheckPrimo_Okay_RetornFalse","DisplayName":"Verifica se o número não é primo tudo certo retorna falso(numero: 21)","ExecutorUri":"executor://xunit/VsTestRunner2/netcoreapp","Source":"C:\\Source\\Primo\\test\\Primo.UnitTests\\bin\\Debug\\net6.0\\fine-code-coverage\\build-output\\Primo.UnitTests.dll","CodeFilePath":null,"LineNumber":0,"Properties":[]},"Attachments":[],"Outcome":1,"ErrorMessage":null,"ErrorStackTrace":null,"DisplayName":"Verifica se o número não é primo tudo certo retorna falso(numero: 21)","Messages":[],"ComputerName":"LAPTOP-KC8MEVLT","Duration":"00:00:00.0000019","StartTime":"2022-08-18T22:53:02.6933563+00:00","EndTime":"2022-08-18T22:53:02.6933563+00:00","Properties":[]}],"TestRunStatistics":{"ExecutedTests":20,"Stats":{"Failed":5,"Passed":15}},"ActiveTests":[]},"RunAttachments":[],"ExecutorUris":["executor://xunit/VsTestRunner2/netcoreapp"]}}
TpTrace Verbose: 0 : 16644, 10, 2022/08/18, 19:53:02.708, 1663914315271, vstest.console.dll, TestRequestSender.EndSession: Sending end session.
TpTrace Verbose: 0 : 16644, 10, 2022/08/18, 19:53:02.708, 1663914316384, vstest.console.dll, ProxyOperationManager.Close: waiting for test host to exit for 100 ms
TpTrace Warning: 0 : 16644, 12, 2022/08/18, 19:53:02.727, 1663914503769, vstest.console.dll, TestHostManagerCallbacks.ErrorReceivedCallback Test host standard error line: 
TpTrace Verbose: 0 : 16644, 12, 2022/08/18, 19:53:02.738, 1663914609884, vstest.console.dll, TestHostProvider.ExitCallBack: Host exited starting callback.
TpTrace Information: 0 : 16644, 12, 2022/08/18, 19:53:02.738, 1663914614709, vstest.console.dll, TestHostManagerCallbacks.ExitCallBack: Testhost processId: 14948 exited with exitcode: 0 error: ''
TpTrace Verbose: 0 : 16644, 12, 2022/08/18, 19:53:02.738, 1663914615541, vstest.console.dll, DotnetTestHostManager.OnHostExited: invoking OnHostExited callback
TpTrace Verbose: 0 : 16644, 12, 2022/08/18, 19:53:02.738, 1663914616078, vstest.console.dll, CrossPlatEngine.TestHostManagerHostExited: calling on client process exit callback.
TpTrace Information: 0 : 16644, 12, 2022/08/18, 19:53:02.738, 1663914616570, vstest.console.dll, TestRequestSender.OnClientProcessExit: Test host process exited. Standard error: 
TpTrace Information: 0 : 16644, 12, 2022/08/18, 19:53:02.738, 1663914616835, vstest.console.dll, SocketServer.Stop: Stop server endPoint: 127.0.0.1:53175
TpTrace Information: 0 : 16644, 10, 2022/08/18, 19:53:02.738, 1663914616871, vstest.console.dll, SocketServer.Stop: Stop server endPoint: 127.0.0.1:53175
TpTrace Information: 0 : 16644, 12, 2022/08/18, 19:53:02.738, 1663914616988, vstest.console.dll, SocketServer.Stop: Cancellation requested. Stopping message loop.
TpTrace Information: 0 : 16644, 10, 2022/08/18, 19:53:02.738, 1663914617416, vstest.console.dll, SocketServer.Stop: Cancellation requested. Stopping message loop.
TpTrace Information: 0 : 16644, 10, 2022/08/18, 19:53:02.738, 1663914618763, vstest.console.dll, Closing the connection
TpTrace Verbose: 0 : 16644, 12, 2022/08/18, 19:53:02.739, 1663914619070, vstest.console.dll, MulticastDelegateUtilities.SafeInvoke: HostProviderEvents.OnHostExited: Invoking callback 1/1 for Microsoft.VisualStudio.TestPlatform.CrossPlatEngine.Client.ProxyOperationManager.TestHostManagerHostExited, took 0 ms.
TpTrace Verbose: 0 : 16644, 10, 2022/08/18, 19:53:02.739, 1663914620952, vstest.console.dll, ProxyDataCollectionManager.InvokeDataCollectionServiceAction: Starting.
TpTrace Information: 0 : 16644, 10, 2022/08/18, 19:53:02.739, 1663914621264, vstest.console.dll, ProxyDataCollectionManager.AfterTestRunEnd: Get attachment set and invoked data collectors processId: 13560 port: 53172
TpTrace Verbose: 0 : 16644, 10, 2022/08/18, 19:53:02.739, 1663914621620, vstest.console.dll, DataCollectionRequestSender.SendAfterTestRunStartAndGetResult: Send AfterTestRunEnd message with isCancelled: False
TpTrace Verbose: 0 : 16644, 10, 2022/08/18, 19:53:02.746, 1663914689124, vstest.console.dll, DataCollectionRequestSender.SendAfterTestRunStartAndGetResult: Received message: (DataCollection.AfterTestRunEndResult) -> {"MessageType":"DataCollection.AfterTestRunEndResult","Payload":{"AttachmentSets":[],"InvokedDataCollectors":[{"Uri":"datacollector://Microsoft/TestPlatform/Extensions/Blame/v1","FriendlyName":"Blame","AssemblyQualifiedName":"Microsoft.TestPlatform.Extensions.BlameDataCollector.BlameCollector, Microsoft.TestPlatform.Extensions.BlameDataCollector, Version=15.0.0.0, Culture=neutral, PublicKeyToken=b03f5f7f11d50a3a","FilePath":"C:\\Program Files\\dotnet\\sdk\\6.0.400\\Extensions\\Microsoft.TestPlatform.Extensions.BlameDataCollector.dll","HasAttachmentProcessor":false}],"Metrics":{}}}
TpTrace Warning: 0 : 16644, 9, 2022/08/18, 19:53:02.750, 1663914730712, vstest.console.dll, DataCollectionLauncher.ErrorReceivedCallback datacollector standard error line: 
TpTrace Information: 0 : 16644, 10, 2022/08/18, 19:53:02.751, 1663914748096, vstest.console.dll, ProxyDataCollectionManager.InvokeDataCollectionServiceAction: Completed.
TpTrace Information: 0 : 16644, 9, 2022/08/18, 19:53:02.753, 1663914768928, vstest.console.dll, DataCollectionLauncher.ExitCallBack: Data collector exited with exitcode: 0 error: ''
TpTrace Verbose: 0 : 16644, 10, 2022/08/18, 19:53:02.779, 1663915022663, vstest.console.dll, TestRunRequest:SendTestRunStatsChange: Starting.
TpTrace Verbose: 0 : 16644, 10, 2022/08/18, 19:53:02.779, 1663915023701, vstest.console.dll, MulticastDelegateUtilities.SafeInvoke: TestRun.RunStatsChanged: Invoking callbacks was skipped because there are no subscribers.
TpTrace Information: 0 : 16644, 10, 2022/08/18, 19:53:02.779, 1663915023902, vstest.console.dll, TestRunRequest:SendTestRunStatsChange: Completed.
TpTrace Verbose: 0 : 16644, 4, 2022/08/18, 19:53:02.779, 1663915024651, vstest.console.dll, MulticastDelegateUtilities.SafeInvoke: InternalTestLoggerEvents.SendTestResult: Invoking callback 1/1 for Microsoft.VisualStudio.TestPlatform.CommandLine.Internal.ConsoleLogger.TestResultHandler, took 0 ms.
TpTrace Verbose: 0 : 16644, 4, 2022/08/18, 19:53:02.779, 1663915025581, vstest.console.dll, MulticastDelegateUtilities.SafeInvoke: InternalTestLoggerEvents.SendTestResult: Invoking callback 1/1 for Microsoft.VisualStudio.TestPlatform.CommandLine.Internal.ConsoleLogger.TestResultHandler, took 0 ms.
TpTrace Verbose: 0 : 16644, 10, 2022/08/18, 19:53:02.779, 1663915026381, vstest.console.dll, ParallelProxyExecutionManager: HandlePartialRunComplete: Total completed clients = 1, Run complete = True, Run canceled: False.
TpTrace Verbose: 0 : 16644, 4, 2022/08/18, 19:53:02.789, 1663915125010, vstest.console.dll, MulticastDelegateUtilities.SafeInvoke: InternalTestLoggerEvents.SendTestRunComplete: Invoking callback 1/2 for Microsoft.TestPlatform.Extensions.BlameDataCollector.BlameLogger.TestRunCompleteHandler, took 0 ms.
TpTrace Verbose: 0 : 16644, 4, 2022/08/18, 19:53:02.793, 1663915166569, vstest.console.dll, MulticastDelegateUtilities.SafeInvoke: InternalTestLoggerEvents.SendTestRunComplete: Invoking callback 2/2 for Microsoft.VisualStudio.TestPlatform.CommandLine.Internal.ConsoleLogger.TestRunCompleteHandler, took 4 ms.
TpTrace Verbose: 0 : 16644, 10, 2022/08/18, 19:53:02.794, 1663915169965, vstest.console.dll, TestRunRequest:TestRunComplete: Starting. IsAborted:False IsCanceled:False.
TpTrace Verbose: 0 : 16644, 10, 2022/08/18, 19:53:02.795, 1663915184149, vstest.console.dll, TestLoggerManager.HandleTestRunComplete: Ignoring as the object is disposed.
TpTrace Verbose: 0 : 16644, 10, 2022/08/18, 19:53:02.795, 1663915186160, vstest.console.dll, MulticastDelegateUtilities.SafeInvoke: TestRun.TestRunComplete: Invoking callback 1/2 for Microsoft.VisualStudio.TestPlatform.CommandLine.TestRunResultAggregator.TestRunCompletionHandler, took 0 ms.
TpTrace Verbose: 0 : 16644, 10, 2022/08/18, 19:53:02.795, 1663915186710, vstest.console.dll, MulticastDelegateUtilities.SafeInvoke: TestRun.TestRunComplete: Invoking callback 2/2 for Microsoft.VisualStudio.TestPlatform.CommandLine.Processors.RunTestsArgumentExecutor+TestRunRequestEventsRegistrar.TestRunRequest_OnRunCompletion, took 0 ms.
TpTrace Information: 0 : 16644, 10, 2022/08/18, 19:53:02.795, 1663915187438, vstest.console.dll, TestRunRequest:TestRunComplete: Completed.
TpTrace Verbose: 0 : 16644, 10, 2022/08/18, 19:53:02.795, 1663915187694, vstest.console.dll, TestRequestSender.SetOperationComplete: Setting operation complete.
TpTrace Information: 0 : 16644, 10, 2022/08/18, 19:53:02.795, 1663915187940, vstest.console.dll, SocketServer.Stop: Stop server endPoint: 127.0.0.1:53175
TpTrace Information: 0 : 16644, 10, 2022/08/18, 19:53:02.795, 1663915188105, vstest.console.dll, SocketServer.Stop: Cancellation requested. Stopping message loop.
TpTrace Verbose: 0 : 16644, 10, 2022/08/18, 19:53:02.795, 1663915188282, vstest.console.dll, MulticastDelegateUtilities.SafeInvoke: LengthPrefixCommunicationChannel: MessageReceived: Invoking callback 1/1 for Microsoft.VisualStudio.TestPlatform.CommunicationUtilities.TestRequestSender+<>c__DisplayClass31_0.<StartTestRun>b__1, took 87 ms.
TpTrace Verbose: 0 : 16644, 1, 2022/08/18, 19:53:02.795, 1663915188188, vstest.console.dll, TestRunRequest.Dispose: Starting.
TpTrace Information: 0 : 16644, 10, 2022/08/18, 19:53:02.795, 1663915188524, vstest.console.dll, SocketServer.PrivateStop: Stopping server endPoint: 127.0.0.1:53175 error: 
TpTrace Information: 0 : 16644, 1, 2022/08/18, 19:53:02.796, 1663915189265, vstest.console.dll, TestRunRequest.Dispose: Completed.
TpTrace Information: 0 : 16644, 1, 2022/08/18, 19:53:02.796, 1663915190608, vstest.console.dll, TestRequestManager.RunTests: run tests completed.
TpTrace Information: 0 : 16644, 1, 2022/08/18, 19:53:02.796, 1663915192251, vstest.console.dll, RunTestsArgumentProcessor:Execute: Test run is completed.
TpTrace Verbose: 0 : 16644, 10, 2022/08/18, 19:53:02.796, 1663915193254, vstest.console.dll, LengthPrefixCommunicationChannel.Dispose: Dispose reader and writer.
TpTrace Information: 0 : 16644, 10, 2022/08/18, 19:53:02.796, 1663915194333, vstest.console.dll, SocketServer.Stop: Raise disconnected event endPoint: 127.0.0.1:53175 error: 
TpTrace Verbose: 0 : 16644, 1, 2022/08/18, 19:53:02.796, 1663915195005, vstest.console.dll, Executor.Execute: Exiting with exit code of 1
TpTrace Verbose: 0 : 16644, 10, 2022/08/18, 19:53:02.796, 1663915195083, vstest.console.dll, TestRequestSender: OnTestRunAbort: Operation is already complete. Skip error message.
TpTrace Verbose: 0 : 16644, 10, 2022/08/18, 19:53:02.796, 1663915196814, vstest.console.dll, MulticastDelegateUtilities.SafeInvoke: SocketServer: ClientDisconnected: Invoking callback 1/1 for Microsoft.VisualStudio.TestPlatform.CommunicationUtilities.TestRequestSender.<InitializeCommunication>b__24_1, took 0 ms.
TpTrace Verbose: 0 : 16644, 10, 2022/08/18, 19:53:02.796, 1663915197243, vstest.console.dll, TcpClientExtensions.MessageLoopAsync: exiting MessageLoopAsync remoteEndPoint: 127.0.0.1:53176 localEndPoint: 127.0.0.1:53175
