<?xml version="1.0" encoding="utf-8"?>
<coverage line-rate="0.7837000000000001" branch-rate="1" version="1.9" timestamp="1660863182" lines-covered="29" lines-valid="37" branches-covered="2" branches-valid="2">
  <sources>
    <source>C:\</source>
  </sources>
  <packages>
    <package name="Primo.Aplication" line-rate="0.625" branch-rate="1" complexity="5">
      <classes>
        <class name="Primo.Aplication.Program" filename="Source\Primo\src\Program.cs" line-rate="0" branch-rate="1" complexity="1">
          <methods>
            <method name="Main" signature="()" line-rate="0" branch-rate="1" complexity="1">
              <lines>
                <line number="9" hits="0" branch="False" />
                <line number="11" hits="0" branch="False" />
                <line number="13" hits="0" branch="False" />
                <line number="15" hits="0" branch="False" />
                <line number="16" hits="0" branch="False" />
                <line number="17" hits="0" branch="False" />
              </lines>
            </method>
          </methods>
          <lines>
            <line number="9" hits="0" branch="False" />
            <line number="11" hits="0" branch="False" />
            <line number="13" hits="0" branch="False" />
            <line number="15" hits="0" branch="False" />
            <line number="16" hits="0" branch="False" />
            <line number="17" hits="0" branch="False" />
          </lines>
        </class>
        <class name="Primo.Aplication.Class.PrimoClass" filename="Source\Primo\src\Class\PrimoClass.cs" line-rate="1" branch-rate="1" complexity="4">
          <methods>
            <method name="CheckNumeroEstaIntervalo" signature="(System.Double)" line-rate="1" branch-rate="1" complexity="2">
              <lines>
                <line number="17" hits="10" branch="False" />
                <line number="18" hits="10" branch="True" condition-coverage="100% (2/2)">
                  <conditions>
                    <condition number="11" type="jump" coverage="100%" />
                  </conditions>
                </line>
                <line number="19" hits="10" branch="False" />
              </lines>
            </method>
            <method name="CheckPrimo" signature="(System.Double)" line-rate="1" branch-rate="1" complexity="1">
              <lines>
                <line number="22" hits="10" branch="False" />
                <line number="23" hits="10" branch="False" />
                <line number="24" hits="10" branch="False" />
              </lines>
            </method>
            <method name=".ctor" signature="()" line-rate="1" branch-rate="1" complexity="1">
              <lines>
                <line number="11" hits="20" branch="False" />
                <line number="12" hits="20" branch="False" />
                <line number="13" hits="20" branch="False" />
                <line number="14" hits="20" branch="False" />
              </lines>
            </method>
          </methods>
          <lines>
            <line number="17" hits="10" branch="False" />
            <line number="18" hits="10" branch="True" condition-coverage="100% (2/2)">
              <conditions>
                <condition number="11" type="jump" coverage="100%" />
              </conditions>
            </line>
            <line number="19" hits="10" branch="False" />
            <line number="22" hits="10" branch="False" />
            <line number="23" hits="10" branch="False" />
            <line number="24" hits="10" branch="False" />
            <line number="11" hits="20" branch="False" />
            <line number="12" hits="20" branch="False" />
            <line number="13" hits="20" branch="False" />
            <line number="14" hits="20" branch="False" />
          </lines>
        </class>
      </classes>
    </package>
    <package name="Primo.UnitTests" line-rate="0.9047" branch-rate="1" complexity="5">
      <classes>
        <class name="AutoGeneratedProgram" filename="Users\Wellington\.nuget\packages\microsoft.net.test.sdk\17.1.0\build\netcoreapp2.1\Microsoft.NET.Test.Sdk.Program.cs" line-rate="0" branch-rate="1" complexity="1">
          <methods>
            <method name="Main" signature="(System.String[])" line-rate="0" branch-rate="1" complexity="1">
              <lines>
                <line number="4" hits="0" branch="False" />
              </lines>
            </method>
          </methods>
          <lines>
            <line number="4" hits="0" branch="False" />
          </lines>
        </class>
        <class name="Primo.UnitTests.PrimoClassTest" filename="Source\Primo\test\Primo.UnitTests\PrimoClassTest.cs" line-rate="0.95" branch-rate="1" complexity="4">
          <methods>
            <method name="CheckPrimo_Okay_RetornTrue" signature="(System.Double)" line-rate="0.8" branch-rate="1" complexity="1">
              <lines>
                <line number="15" hits="5" branch="False" />
                <line number="17" hits="5" branch="False" />
                <line number="20" hits="5" branch="False" />
                <line number="23" hits="5" branch="False" />
                <line number="24" hits="0" branch="False" />
              </lines>
            </method>
            <method name="CheckPrimo_Okay_RetornFalse" signature="(System.Double)" line-rate="1" branch-rate="1" complexity="1">
              <lines>
                <line number="33" hits="5" branch="False" />
                <line number="35" hits="5" branch="False" />
                <line number="38" hits="5" branch="False" />
                <line number="41" hits="5" branch="False" />
                <line number="42" hits="5" branch="False" />
              </lines>
            </method>
            <method name="CheckNumeroEstaIntervalo_Okay_RetornTrue" signature="(System.Double)" line-rate="1" branch-rate="1" complexity="1">
              <lines>
                <line number="54" hits="8" branch="False" />
                <line number="56" hits="8" branch="False" />
                <line number="59" hits="8" branch="False" />
                <line number="62" hits="8" branch="False" />
                <line number="63" hits="8" branch="False" />
              </lines>
            </method>
            <method name="CheckNumeroEstaIntervalo_Okay_RetornFalse" signature="(System.Double)" line-rate="1" branch-rate="1" complexity="1">
              <lines>
                <line number="69" hits="2" branch="False" />
                <line number="71" hits="2" branch="False" />
                <line number="74" hits="2" branch="False" />
                <line number="77" hits="2" branch="False" />
                <line number="78" hits="2" branch="False" />
              </lines>
            </method>
          </methods>
          <lines>
            <line number="15" hits="5" branch="False" />
            <line number="17" hits="5" branch="False" />
            <line number="20" hits="5" branch="False" />
            <line number="23" hits="5" branch="False" />
            <line number="24" hits="0" branch="False" />
            <line number="33" hits="5" branch="False" />
            <line number="35" hits="5" branch="False" />
            <line number="38" hits="5" branch="False" />
            <line number="41" hits="5" branch="False" />
            <line number="42" hits="5" branch="False" />
            <line number="54" hits="8" branch="False" />
            <line number="56" hits="8" branch="False" />
            <line number="59" hits="8" branch="False" />
            <line number="62" hits="8" branch="False" />
            <line number="63" hits="8" branch="False" />
            <line number="69" hits="2" branch="False" />
            <line number="71" hits="2" branch="False" />
            <line number="74" hits="2" branch="False" />
            <line number="77" hits="2" branch="False" />
            <line number="78" hits="2" branch="False" />
          </lines>
        </class>
      </classes>
    </package>
  </packages>
</coverage>